ARM GAS  /var/folders/19/rz7506jh8xn7x1006s6s574h0000gn/T//cciVreB4.s 			page 1


   1              		.syntax unified
   2              		.cpu cortex-m4
   3              		.fpu softvfp
   4              		.eabi_attribute 20, 1
   5              		.eabi_attribute 21, 1
   6              		.eabi_attribute 23, 3
   7              		.eabi_attribute 24, 1
   8              		.eabi_attribute 25, 1
   9              		.eabi_attribute 26, 1
  10              		.eabi_attribute 30, 4
  11              		.eabi_attribute 34, 1
  12              		.eabi_attribute 18, 4
  13              		.thumb
  14              		.syntax unified
  15              		.file	"dtostrf.c"
  16              		.text
  17              	.Ltext0:
  18              		.cfi_sections	.debug_frame
  19              		.section	.text.dtostrf,"ax",%progbits
  20              		.align	1
  21              		.global	dtostrf
  22              		.thumb
  23              		.thumb_func
  25              	dtostrf:
  26              	.LFB0:
  27              		.file 1 "../../cores/mapleMX/avr/dtostrf.c"
   1:../../cores/mapleMX/avr/dtostrf.c **** /*
   2:../../cores/mapleMX/avr/dtostrf.c ****   dtostrf - Emulation for dtostrf function from avr-libc
   3:../../cores/mapleMX/avr/dtostrf.c ****   Copyright (c) 2013 Arduino.  All rights reserved.
   4:../../cores/mapleMX/avr/dtostrf.c ****   Written by Cristian Maglie <c.maglie@arduino.cc>
   5:../../cores/mapleMX/avr/dtostrf.c **** 
   6:../../cores/mapleMX/avr/dtostrf.c ****   This library is free software; you can redistribute it and/or
   7:../../cores/mapleMX/avr/dtostrf.c ****   modify it under the terms of the GNU Lesser General Public
   8:../../cores/mapleMX/avr/dtostrf.c ****   License as published by the Free Software Foundation; either
   9:../../cores/mapleMX/avr/dtostrf.c ****   version 2.1 of the License, or (at your option) any later version.
  10:../../cores/mapleMX/avr/dtostrf.c **** 
  11:../../cores/mapleMX/avr/dtostrf.c ****   This library is distributed in the hope that it will be useful,
  12:../../cores/mapleMX/avr/dtostrf.c ****   but WITHOUT ANY WARRANTY; without even the implied warranty of
  13:../../cores/mapleMX/avr/dtostrf.c ****   MERCHANTABILITY or FITNESS FOR A PARTICULAR PURPOSE.  See the GNU
  14:../../cores/mapleMX/avr/dtostrf.c ****   Lesser General Public License for more details.
  15:../../cores/mapleMX/avr/dtostrf.c **** 
  16:../../cores/mapleMX/avr/dtostrf.c ****   You should have received a copy of the GNU Lesser General Public
  17:../../cores/mapleMX/avr/dtostrf.c ****   License along with this library; if not, write to the Free Software
  18:../../cores/mapleMX/avr/dtostrf.c ****   Foundation, Inc., 51 Franklin St, Fifth Floor, Boston, MA  02110-1301  USA
  19:../../cores/mapleMX/avr/dtostrf.c **** */
  20:../../cores/mapleMX/avr/dtostrf.c **** 
  21:../../cores/mapleMX/avr/dtostrf.c **** #include <stdio.h>
  22:../../cores/mapleMX/avr/dtostrf.c **** 
  23:../../cores/mapleMX/avr/dtostrf.c **** char *dtostrf (double val, signed char width, unsigned char prec, char *sout) {
  28              		.loc 1 23 0
  29              		.cfi_startproc
  30              		@ args = 4, pretend = 0, frame = 24
  31              		@ frame_needed = 0, uses_anonymous_args = 0
  32              	.LVL0:
  33 0000 30B5     		push	{r4, r5, lr}
  34              	.LCFI0:
  35              		.cfi_def_cfa_offset 12
ARM GAS  /var/folders/19/rz7506jh8xn7x1006s6s574h0000gn/T//cciVreB4.s 			page 2


  36              		.cfi_offset 4, -12
  37              		.cfi_offset 5, -8
  38              		.cfi_offset 14, -4
  39 0002 87B0     		sub	sp, sp, #28
  40              	.LCFI1:
  41              		.cfi_def_cfa_offset 40
  42              		.loc 1 23 0
  43 0004 0446     		mov	r4, r0
  44 0006 0D46     		mov	r5, r1
  24:../../cores/mapleMX/avr/dtostrf.c ****   char fmt[20];
  25:../../cores/mapleMX/avr/dtostrf.c ****   sprintf(fmt, "%%%d.%df", width, prec);
  45              		.loc 1 25 0
  46 0008 01A8     		add	r0, sp, #4
  47              	.LVL1:
  48 000a 0649     		ldr	r1, .L2
  49 000c FFF7FEFF 		bl	sprintf
  50              	.LVL2:
  26:../../cores/mapleMX/avr/dtostrf.c ****   sprintf(sout, fmt, val);
  51              		.loc 1 26 0
  52 0010 2246     		mov	r2, r4
  53 0012 2B46     		mov	r3, r5
  54 0014 01A9     		add	r1, sp, #4
  55 0016 0A98     		ldr	r0, [sp, #40]
  56 0018 FFF7FEFF 		bl	sprintf
  57              	.LVL3:
  27:../../cores/mapleMX/avr/dtostrf.c ****   return sout;
  28:../../cores/mapleMX/avr/dtostrf.c **** }
  58              		.loc 1 28 0
  59 001c 0A98     		ldr	r0, [sp, #40]
  60 001e 07B0     		add	sp, sp, #28
  61              	.LCFI2:
  62              		.cfi_def_cfa_offset 12
  63              		@ sp needed
  64 0020 30BD     		pop	{r4, r5, pc}
  65              	.LVL4:
  66              	.L3:
  67 0022 00BF     		.align	2
  68              	.L2:
  69 0024 00000000 		.word	.LC0
  70              		.cfi_endproc
  71              	.LFE0:
  73              		.section	.rodata.str1.1,"aMS",%progbits,1
  74              	.LC0:
  75 0000 25252564 		.ascii	"%%%d.%df\000"
  75      2E256466 
  75      00
  76              		.text
  77              	.Letext0:
  78              		.file 2 "/Applications/Ac6/SystemWorkbench.app/Contents/Eclipse/plugins/fr.ac6.mcu.externaltools.a
ARM GAS  /var/folders/19/rz7506jh8xn7x1006s6s574h0000gn/T//cciVreB4.s 			page 3


DEFINED SYMBOLS
                            *ABS*:0000000000000000 dtostrf.c
/var/folders/19/rz7506jh8xn7x1006s6s574h0000gn/T//cciVreB4.s:20     .text.dtostrf:0000000000000000 $t
/var/folders/19/rz7506jh8xn7x1006s6s574h0000gn/T//cciVreB4.s:25     .text.dtostrf:0000000000000000 dtostrf
/var/folders/19/rz7506jh8xn7x1006s6s574h0000gn/T//cciVreB4.s:69     .text.dtostrf:0000000000000024 $d
                     .debug_frame:0000000000000010 $d

UNDEFINED SYMBOLS
sprintf
