ARM GAS  /var/folders/19/rz7506jh8xn7x1006s6s574h0000gn/T//cc7csmpp.s 			page 1


   1              		.syntax unified
   2              		.cpu cortex-m4
   3              		.fpu softvfp
   4              		.eabi_attribute 20, 1
   5              		.eabi_attribute 21, 1
   6              		.eabi_attribute 23, 3
   7              		.eabi_attribute 24, 1
   8              		.eabi_attribute 25, 1
   9              		.eabi_attribute 26, 1
  10              		.eabi_attribute 30, 4
  11              		.eabi_attribute 34, 1
  12              		.eabi_attribute 18, 4
  13              		.thumb
  14              		.file	"spi.c"
  15              		.text
  16              	.Ltext0:
  17              		.cfi_sections	.debug_frame
  18              		.section	.text.MX_SPI2_Init,"ax",%progbits
  19              		.align	1
  20              		.global	MX_SPI2_Init
  21              		.thumb
  22              		.thumb_func
  24              	MX_SPI2_Init:
  25              	.LFB125:
  26              		.file 1 "Src/spi.c"
   1:Src/spi.c     **** /**
   2:Src/spi.c     ****   ******************************************************************************
   3:Src/spi.c     ****   * File Name          : SPI.c
   4:Src/spi.c     ****   * Description        : This file provides code for the configuration
   5:Src/spi.c     ****   *                      of the SPI instances.
   6:Src/spi.c     ****   ******************************************************************************
   7:Src/spi.c     ****   *
   8:Src/spi.c     ****   * COPYRIGHT(c) 2016 STMicroelectronics
   9:Src/spi.c     ****   *
  10:Src/spi.c     ****   * Redistribution and use in source and binary forms, with or without modification,
  11:Src/spi.c     ****   * are permitted provided that the following conditions are met:
  12:Src/spi.c     ****   *   1. Redistributions of source code must retain the above copyright notice,
  13:Src/spi.c     ****   *      this list of conditions and the following disclaimer.
  14:Src/spi.c     ****   *   2. Redistributions in binary form must reproduce the above copyright notice,
  15:Src/spi.c     ****   *      this list of conditions and the following disclaimer in the documentation
  16:Src/spi.c     ****   *      and/or other materials provided with the distribution.
  17:Src/spi.c     ****   *   3. Neither the name of STMicroelectronics nor the names of its contributors
  18:Src/spi.c     ****   *      may be used to endorse or promote products derived from this software
  19:Src/spi.c     ****   *      without specific prior written permission.
  20:Src/spi.c     ****   *
  21:Src/spi.c     ****   * THIS SOFTWARE IS PROVIDED BY THE COPYRIGHT HOLDERS AND CONTRIBUTORS "AS IS"
  22:Src/spi.c     ****   * AND ANY EXPRESS OR IMPLIED WARRANTIES, INCLUDING, BUT NOT LIMITED TO, THE
  23:Src/spi.c     ****   * IMPLIED WARRANTIES OF MERCHANTABILITY AND FITNESS FOR A PARTICULAR PURPOSE ARE
  24:Src/spi.c     ****   * DISCLAIMED. IN NO EVENT SHALL THE COPYRIGHT HOLDER OR CONTRIBUTORS BE LIABLE
  25:Src/spi.c     ****   * FOR ANY DIRECT, INDIRECT, INCIDENTAL, SPECIAL, EXEMPLARY, OR CONSEQUENTIAL
  26:Src/spi.c     ****   * DAMAGES (INCLUDING, BUT NOT LIMITED TO, PROCUREMENT OF SUBSTITUTE GOODS OR
  27:Src/spi.c     ****   * SERVICES; LOSS OF USE, DATA, OR PROFITS; OR BUSINESS INTERRUPTION) HOWEVER
  28:Src/spi.c     ****   * CAUSED AND ON ANY THEORY OF LIABILITY, WHETHER IN CONTRACT, STRICT LIABILITY,
  29:Src/spi.c     ****   * OR TORT (INCLUDING NEGLIGENCE OR OTHERWISE) ARISING IN ANY WAY OUT OF THE USE
  30:Src/spi.c     ****   * OF THIS SOFTWARE, EVEN IF ADVISED OF THE POSSIBILITY OF SUCH DAMAGE.
  31:Src/spi.c     ****   *
  32:Src/spi.c     ****   ******************************************************************************
ARM GAS  /var/folders/19/rz7506jh8xn7x1006s6s574h0000gn/T//cc7csmpp.s 			page 2


  33:Src/spi.c     ****   */
  34:Src/spi.c     **** 
  35:Src/spi.c     **** /* Includes ------------------------------------------------------------------*/
  36:Src/spi.c     **** #include "spi.h"
  37:Src/spi.c     **** 
  38:Src/spi.c     **** #include "gpio.h"
  39:Src/spi.c     **** 
  40:Src/spi.c     **** /* USER CODE BEGIN 0 */
  41:Src/spi.c     **** 
  42:Src/spi.c     **** /* USER CODE END 0 */
  43:Src/spi.c     **** 
  44:Src/spi.c     **** SPI_HandleTypeDef hspi2;
  45:Src/spi.c     **** 
  46:Src/spi.c     **** /* SPI2 init function */
  47:Src/spi.c     **** void MX_SPI2_Init(void)
  48:Src/spi.c     **** {
  27              		.loc 1 48 0
  28              		.cfi_startproc
  29              		@ args = 0, pretend = 0, frame = 0
  30              		@ frame_needed = 0, uses_anonymous_args = 0
  31              		@ link register save eliminated.
  49:Src/spi.c     **** 
  50:Src/spi.c     ****   hspi2.Instance = SPI2;
  32              		.loc 1 50 0
  33 0000 0A48     		ldr	r0, .L2
  51:Src/spi.c     ****   hspi2.Init.Mode = SPI_MODE_MASTER;
  34              		.loc 1 51 0
  35 0002 0B4B     		ldr	r3, .L2+4
  36 0004 4FF4827C 		mov	ip, #260
  37 0008 80E80810 		stmia	r0, {r3, ip}
  52:Src/spi.c     ****   hspi2.Init.Direction = SPI_DIRECTION_2LINES;
  38              		.loc 1 52 0
  39 000c 0023     		movs	r3, #0
  40 000e 8360     		str	r3, [r0, #8]
  53:Src/spi.c     ****   hspi2.Init.DataSize = SPI_DATASIZE_8BIT;
  41              		.loc 1 53 0
  42 0010 C360     		str	r3, [r0, #12]
  54:Src/spi.c     ****   hspi2.Init.CLKPolarity = SPI_POLARITY_LOW;
  43              		.loc 1 54 0
  44 0012 0361     		str	r3, [r0, #16]
  55:Src/spi.c     ****   hspi2.Init.CLKPhase = SPI_PHASE_1EDGE;
  45              		.loc 1 55 0
  46 0014 4361     		str	r3, [r0, #20]
  56:Src/spi.c     ****   hspi2.Init.NSS = SPI_NSS_HARD_OUTPUT;
  47              		.loc 1 56 0
  48 0016 4FF48022 		mov	r2, #262144
  57:Src/spi.c     ****   hspi2.Init.BaudRatePrescaler = SPI_BAUDRATEPRESCALER_2;
  49              		.loc 1 57 0
  50 001a C361     		str	r3, [r0, #28]
  58:Src/spi.c     ****   hspi2.Init.FirstBit = SPI_FIRSTBIT_MSB;
  51              		.loc 1 58 0
  52 001c 0362     		str	r3, [r0, #32]
  59:Src/spi.c     ****   hspi2.Init.TIMode = SPI_TIMODE_DISABLED;
  53              		.loc 1 59 0
  54 001e 4362     		str	r3, [r0, #36]
  60:Src/spi.c     ****   hspi2.Init.CRCCalculation = SPI_CRCCALCULATION_DISABLED;
  55              		.loc 1 60 0
ARM GAS  /var/folders/19/rz7506jh8xn7x1006s6s574h0000gn/T//cc7csmpp.s 			page 3


  56 0020 8362     		str	r3, [r0, #40]
  61:Src/spi.c     ****   hspi2.Init.CRCPolynomial = 10;
  57              		.loc 1 61 0
  58 0022 0A23     		movs	r3, #10
  56:Src/spi.c     ****   hspi2.Init.NSS = SPI_NSS_HARD_OUTPUT;
  59              		.loc 1 56 0
  60 0024 8261     		str	r2, [r0, #24]
  61              		.loc 1 61 0
  62 0026 C362     		str	r3, [r0, #44]
  62:Src/spi.c     ****   HAL_SPI_Init(&hspi2);
  63              		.loc 1 62 0
  64 0028 FFF7FEBF 		b	HAL_SPI_Init
  65              	.LVL0:
  66              	.L3:
  67              		.align	2
  68              	.L2:
  69 002c 00000000 		.word	hspi2
  70 0030 00380040 		.word	1073756160
  71              		.cfi_endproc
  72              	.LFE125:
  74              		.section	.text.HAL_SPI_MspInit,"ax",%progbits
  75              		.align	1
  76              		.global	HAL_SPI_MspInit
  77              		.thumb
  78              		.thumb_func
  80              	HAL_SPI_MspInit:
  81              	.LFB126:
  63:Src/spi.c     **** 
  64:Src/spi.c     **** }
  65:Src/spi.c     **** 
  66:Src/spi.c     **** void HAL_SPI_MspInit(SPI_HandleTypeDef* hspi)
  67:Src/spi.c     **** {
  82              		.loc 1 67 0
  83              		.cfi_startproc
  84              		@ args = 0, pretend = 0, frame = 24
  85              		@ frame_needed = 0, uses_anonymous_args = 0
  86              	.LVL1:
  87 0000 7FB5     		push	{r0, r1, r2, r3, r4, r5, r6, lr}
  88              	.LCFI0:
  89              		.cfi_def_cfa_offset 32
  90              		.cfi_offset 0, -32
  91              		.cfi_offset 1, -28
  92              		.cfi_offset 2, -24
  93              		.cfi_offset 3, -20
  94              		.cfi_offset 4, -16
  95              		.cfi_offset 5, -12
  96              		.cfi_offset 6, -8
  97              		.cfi_offset 14, -4
  68:Src/spi.c     **** 
  69:Src/spi.c     ****   GPIO_InitTypeDef GPIO_InitStruct;
  70:Src/spi.c     ****   if(hspi->Instance==SPI2)
  98              		.loc 1 70 0
  99 0002 0268     		ldr	r2, [r0]
 100 0004 104B     		ldr	r3, .L7
 101 0006 9A42     		cmp	r2, r3
 102 0008 1AD1     		bne	.L4
 103              	.LBB2:
ARM GAS  /var/folders/19/rz7506jh8xn7x1006s6s574h0000gn/T//cc7csmpp.s 			page 4


  71:Src/spi.c     ****   {
  72:Src/spi.c     ****   /* USER CODE BEGIN SPI2_MspInit 0 */
  73:Src/spi.c     **** 
  74:Src/spi.c     ****   /* USER CODE END SPI2_MspInit 0 */
  75:Src/spi.c     ****     /* Peripheral clock enable */
  76:Src/spi.c     ****     __SPI2_CLK_ENABLE();
 104              		.loc 1 76 0
 105 000a 03F50033 		add	r3, r3, #131072
 106 000e 0022     		movs	r2, #0
 107 0010 0092     		str	r2, [sp]
 108 0012 196C     		ldr	r1, [r3, #64]
 109              	.LBE2:
  77:Src/spi.c     ****   
  78:Src/spi.c     ****     /**SPI2 GPIO Configuration    
  79:Src/spi.c     ****     PB12     ------> SPI2_NSS
  80:Src/spi.c     ****     PB13     ------> SPI2_SCK
  81:Src/spi.c     ****     PB14     ------> SPI2_MISO
  82:Src/spi.c     ****     PB15     ------> SPI2_MOSI 
  83:Src/spi.c     ****     */
  84:Src/spi.c     ****     GPIO_InitStruct.Pin = GPIO_PIN_12|GPIO_PIN_13|GPIO_PIN_14|GPIO_PIN_15;
  85:Src/spi.c     ****     GPIO_InitStruct.Mode = GPIO_MODE_AF_PP;
  86:Src/spi.c     ****     GPIO_InitStruct.Pull = GPIO_NOPULL;
  87:Src/spi.c     ****     GPIO_InitStruct.Speed = GPIO_SPEED_HIGH;
  88:Src/spi.c     ****     GPIO_InitStruct.Alternate = GPIO_AF5_SPI2;
  89:Src/spi.c     ****     HAL_GPIO_Init(GPIOB, &GPIO_InitStruct);
 110              		.loc 1 89 0
 111 0014 0D48     		ldr	r0, .L7+4
 112              	.LVL2:
 113              	.LBB3:
  76:Src/spi.c     ****     __SPI2_CLK_ENABLE();
 114              		.loc 1 76 0
 115 0016 41F48041 		orr	r1, r1, #16384
 116 001a 1964     		str	r1, [r3, #64]
 117 001c 1B6C     		ldr	r3, [r3, #64]
 118              	.LBE3:
  86:Src/spi.c     ****     GPIO_InitStruct.Pull = GPIO_NOPULL;
 119              		.loc 1 86 0
 120 001e 0392     		str	r2, [sp, #12]
 121              	.LBB4:
  76:Src/spi.c     ****     __SPI2_CLK_ENABLE();
 122              		.loc 1 76 0
 123 0020 03F48043 		and	r3, r3, #16384
 124 0024 0093     		str	r3, [sp]
 125 0026 009B     		ldr	r3, [sp]
 126              	.LBE4:
  84:Src/spi.c     ****     GPIO_InitStruct.Pin = GPIO_PIN_12|GPIO_PIN_13|GPIO_PIN_14|GPIO_PIN_15;
 127              		.loc 1 84 0
 128 0028 4FF47043 		mov	r3, #61440
 129 002c 0193     		str	r3, [sp, #4]
  85:Src/spi.c     ****     GPIO_InitStruct.Mode = GPIO_MODE_AF_PP;
 130              		.loc 1 85 0
 131 002e 0223     		movs	r3, #2
 132 0030 0293     		str	r3, [sp, #8]
  87:Src/spi.c     ****     GPIO_InitStruct.Speed = GPIO_SPEED_HIGH;
 133              		.loc 1 87 0
 134 0032 0323     		movs	r3, #3
 135 0034 0493     		str	r3, [sp, #16]
ARM GAS  /var/folders/19/rz7506jh8xn7x1006s6s574h0000gn/T//cc7csmpp.s 			page 5


 136              		.loc 1 89 0
 137 0036 01A9     		add	r1, sp, #4
  88:Src/spi.c     ****     GPIO_InitStruct.Alternate = GPIO_AF5_SPI2;
 138              		.loc 1 88 0
 139 0038 0523     		movs	r3, #5
 140 003a 0593     		str	r3, [sp, #20]
 141              		.loc 1 89 0
 142 003c FFF7FEFF 		bl	HAL_GPIO_Init
 143              	.LVL3:
 144              	.L4:
  90:Src/spi.c     **** 
  91:Src/spi.c     ****   /* USER CODE BEGIN SPI2_MspInit 1 */
  92:Src/spi.c     **** 
  93:Src/spi.c     ****   /* USER CODE END SPI2_MspInit 1 */
  94:Src/spi.c     ****   }
  95:Src/spi.c     **** }
 145              		.loc 1 95 0
 146 0040 07B0     		add	sp, sp, #28
 147              		@ sp needed
 148 0042 5DF804FB 		ldr	pc, [sp], #4
 149              	.L8:
 150 0046 00BF     		.align	2
 151              	.L7:
 152 0048 00380040 		.word	1073756160
 153 004c 00040240 		.word	1073873920
 154              		.cfi_endproc
 155              	.LFE126:
 157              		.section	.text.HAL_SPI_MspDeInit,"ax",%progbits
 158              		.align	1
 159              		.global	HAL_SPI_MspDeInit
 160              		.thumb
 161              		.thumb_func
 163              	HAL_SPI_MspDeInit:
 164              	.LFB127:
  96:Src/spi.c     **** 
  97:Src/spi.c     **** void HAL_SPI_MspDeInit(SPI_HandleTypeDef* hspi)
  98:Src/spi.c     **** {
 165              		.loc 1 98 0
 166              		.cfi_startproc
 167              		@ args = 0, pretend = 0, frame = 0
 168              		@ frame_needed = 0, uses_anonymous_args = 0
 169              		@ link register save eliminated.
 170              	.LVL4:
  99:Src/spi.c     **** 
 100:Src/spi.c     ****   if(hspi->Instance==SPI2)
 171              		.loc 1 100 0
 172 0000 0268     		ldr	r2, [r0]
 173 0002 074B     		ldr	r3, .L11
 174 0004 9A42     		cmp	r2, r3
 175 0006 0AD1     		bne	.L9
 101:Src/spi.c     ****   {
 102:Src/spi.c     ****   /* USER CODE BEGIN SPI2_MspDeInit 0 */
 103:Src/spi.c     **** 
 104:Src/spi.c     ****   /* USER CODE END SPI2_MspDeInit 0 */
 105:Src/spi.c     ****     /* Peripheral clock disable */
 106:Src/spi.c     ****     __SPI2_CLK_DISABLE();
 176              		.loc 1 106 0
ARM GAS  /var/folders/19/rz7506jh8xn7x1006s6s574h0000gn/T//cc7csmpp.s 			page 6


 177 0008 03F50033 		add	r3, r3, #131072
 107:Src/spi.c     ****   
 108:Src/spi.c     ****     /**SPI2 GPIO Configuration    
 109:Src/spi.c     ****     PB12     ------> SPI2_NSS
 110:Src/spi.c     ****     PB13     ------> SPI2_SCK
 111:Src/spi.c     ****     PB14     ------> SPI2_MISO
 112:Src/spi.c     ****     PB15     ------> SPI2_MOSI 
 113:Src/spi.c     ****     */
 114:Src/spi.c     ****     HAL_GPIO_DeInit(GPIOB, GPIO_PIN_12|GPIO_PIN_13|GPIO_PIN_14|GPIO_PIN_15);
 178              		.loc 1 114 0
 179 000c 0548     		ldr	r0, .L11+4
 180              	.LVL5:
 106:Src/spi.c     ****     __SPI2_CLK_DISABLE();
 181              		.loc 1 106 0
 182 000e 1A6C     		ldr	r2, [r3, #64]
 183 0010 22F48042 		bic	r2, r2, #16384
 184 0014 1A64     		str	r2, [r3, #64]
 185              		.loc 1 114 0
 186 0016 4FF47041 		mov	r1, #61440
 187 001a FFF7FEBF 		b	HAL_GPIO_DeInit
 188              	.LVL6:
 189              	.L9:
 190 001e 7047     		bx	lr
 191              	.L12:
 192              		.align	2
 193              	.L11:
 194 0020 00380040 		.word	1073756160
 195 0024 00040240 		.word	1073873920
 196              		.cfi_endproc
 197              	.LFE127:
 199              		.comm	hspi2,88,4
 200              		.text
 201              	.Letext0:
 202              		.file 2 "/Users/Arethusa/Library/Arduino15/packages/arduino/tools/arm-none-eabi-gcc/4.8.3-2014q1/a
 203              		.file 3 "/Users/Arethusa/Library/Arduino15/packages/arduino/tools/arm-none-eabi-gcc/4.8.3-2014q1/a
 204              		.file 4 "Drivers/CMSIS/Device/ST/STM32F4xx/Include/stm32f401xe.h"
 205              		.file 5 "Drivers/STM32F4xx_HAL_Driver/Inc/stm32f4xx_hal_def.h"
 206              		.file 6 "Drivers/STM32F4xx_HAL_Driver/Inc/stm32f4xx_hal_gpio.h"
 207              		.file 7 "Drivers/STM32F4xx_HAL_Driver/Inc/stm32f4xx_hal_dma.h"
 208              		.file 8 "Drivers/STM32F4xx_HAL_Driver/Inc/stm32f4xx_hal_spi.h"
 209              		.file 9 "Drivers/CMSIS/Include/core_cm4.h"
ARM GAS  /var/folders/19/rz7506jh8xn7x1006s6s574h0000gn/T//cc7csmpp.s 			page 7


DEFINED SYMBOLS
                            *ABS*:0000000000000000 spi.c
/var/folders/19/rz7506jh8xn7x1006s6s574h0000gn/T//cc7csmpp.s:19     .text.MX_SPI2_Init:0000000000000000 $t
/var/folders/19/rz7506jh8xn7x1006s6s574h0000gn/T//cc7csmpp.s:24     .text.MX_SPI2_Init:0000000000000000 MX_SPI2_Init
/var/folders/19/rz7506jh8xn7x1006s6s574h0000gn/T//cc7csmpp.s:69     .text.MX_SPI2_Init:000000000000002c $d
                            *COM*:0000000000000058 hspi2
/var/folders/19/rz7506jh8xn7x1006s6s574h0000gn/T//cc7csmpp.s:75     .text.HAL_SPI_MspInit:0000000000000000 $t
/var/folders/19/rz7506jh8xn7x1006s6s574h0000gn/T//cc7csmpp.s:80     .text.HAL_SPI_MspInit:0000000000000000 HAL_SPI_MspInit
/var/folders/19/rz7506jh8xn7x1006s6s574h0000gn/T//cc7csmpp.s:152    .text.HAL_SPI_MspInit:0000000000000048 $d
/var/folders/19/rz7506jh8xn7x1006s6s574h0000gn/T//cc7csmpp.s:158    .text.HAL_SPI_MspDeInit:0000000000000000 $t
/var/folders/19/rz7506jh8xn7x1006s6s574h0000gn/T//cc7csmpp.s:163    .text.HAL_SPI_MspDeInit:0000000000000000 HAL_SPI_MspDeInit
/var/folders/19/rz7506jh8xn7x1006s6s574h0000gn/T//cc7csmpp.s:194    .text.HAL_SPI_MspDeInit:0000000000000020 $d
                     .debug_frame:0000000000000010 $d

UNDEFINED SYMBOLS
HAL_SPI_Init
HAL_GPIO_Init
HAL_GPIO_DeInit
