ARM GAS  /var/folders/19/rz7506jh8xn7x1006s6s574h0000gn/T//ccVv1xNX.s 			page 1


   1              		.syntax unified
   2              		.cpu cortex-m4
   3              		.fpu softvfp
   4              		.eabi_attribute 20, 1
   5              		.eabi_attribute 21, 1
   6              		.eabi_attribute 23, 3
   7              		.eabi_attribute 24, 1
   8              		.eabi_attribute 25, 1
   9              		.eabi_attribute 26, 1
  10              		.eabi_attribute 30, 4
  11              		.eabi_attribute 34, 1
  12              		.eabi_attribute 18, 4
  13              		.thumb
  14              		.file	"stm32f4xx_it.c"
  15              		.text
  16              	.Ltext0:
  17              		.cfi_sections	.debug_frame
  18              		.section	.text.SysTick_Handler,"ax",%progbits
  19              		.align	1
  20              		.global	SysTick_Handler
  21              		.thumb
  22              		.thumb_func
  24              	SysTick_Handler:
  25              	.LFB125:
  26              		.file 1 "Src/stm32f4xx_it.c"
   1:Src/stm32f4xx_it.c **** /**
   2:Src/stm32f4xx_it.c ****   ******************************************************************************
   3:Src/stm32f4xx_it.c ****   * @file    stm32f4xx_it.c
   4:Src/stm32f4xx_it.c ****   * @brief   Interrupt Service Routines.
   5:Src/stm32f4xx_it.c ****   ******************************************************************************
   6:Src/stm32f4xx_it.c ****   *
   7:Src/stm32f4xx_it.c ****   * COPYRIGHT(c) 2016 STMicroelectronics
   8:Src/stm32f4xx_it.c ****   *
   9:Src/stm32f4xx_it.c ****   * Redistribution and use in source and binary forms, with or without modification,
  10:Src/stm32f4xx_it.c ****   * are permitted provided that the following conditions are met:
  11:Src/stm32f4xx_it.c ****   *   1. Redistributions of source code must retain the above copyright notice,
  12:Src/stm32f4xx_it.c ****   *      this list of conditions and the following disclaimer.
  13:Src/stm32f4xx_it.c ****   *   2. Redistributions in binary form must reproduce the above copyright notice,
  14:Src/stm32f4xx_it.c ****   *      this list of conditions and the following disclaimer in the documentation
  15:Src/stm32f4xx_it.c ****   *      and/or other materials provided with the distribution.
  16:Src/stm32f4xx_it.c ****   *   3. Neither the name of STMicroelectronics nor the names of its contributors
  17:Src/stm32f4xx_it.c ****   *      may be used to endorse or promote products derived from this software
  18:Src/stm32f4xx_it.c ****   *      without specific prior written permission.
  19:Src/stm32f4xx_it.c ****   *
  20:Src/stm32f4xx_it.c ****   * THIS SOFTWARE IS PROVIDED BY THE COPYRIGHT HOLDERS AND CONTRIBUTORS "AS IS"
  21:Src/stm32f4xx_it.c ****   * AND ANY EXPRESS OR IMPLIED WARRANTIES, INCLUDING, BUT NOT LIMITED TO, THE
  22:Src/stm32f4xx_it.c ****   * IMPLIED WARRANTIES OF MERCHANTABILITY AND FITNESS FOR A PARTICULAR PURPOSE ARE
  23:Src/stm32f4xx_it.c ****   * DISCLAIMED. IN NO EVENT SHALL THE COPYRIGHT HOLDER OR CONTRIBUTORS BE LIABLE
  24:Src/stm32f4xx_it.c ****   * FOR ANY DIRECT, INDIRECT, INCIDENTAL, SPECIAL, EXEMPLARY, OR CONSEQUENTIAL
  25:Src/stm32f4xx_it.c ****   * DAMAGES (INCLUDING, BUT NOT LIMITED TO, PROCUREMENT OF SUBSTITUTE GOODS OR
  26:Src/stm32f4xx_it.c ****   * SERVICES; LOSS OF USE, DATA, OR PROFITS; OR BUSINESS INTERRUPTION) HOWEVER
  27:Src/stm32f4xx_it.c ****   * CAUSED AND ON ANY THEORY OF LIABILITY, WHETHER IN CONTRACT, STRICT LIABILITY,
  28:Src/stm32f4xx_it.c ****   * OR TORT (INCLUDING NEGLIGENCE OR OTHERWISE) ARISING IN ANY WAY OUT OF THE USE
  29:Src/stm32f4xx_it.c ****   * OF THIS SOFTWARE, EVEN IF ADVISED OF THE POSSIBILITY OF SUCH DAMAGE.
  30:Src/stm32f4xx_it.c ****   *
  31:Src/stm32f4xx_it.c ****   ******************************************************************************
  32:Src/stm32f4xx_it.c ****   */
ARM GAS  /var/folders/19/rz7506jh8xn7x1006s6s574h0000gn/T//ccVv1xNX.s 			page 2


  33:Src/stm32f4xx_it.c **** /* Includes ------------------------------------------------------------------*/
  34:Src/stm32f4xx_it.c **** #include "stm32f4xx_hal.h"
  35:Src/stm32f4xx_it.c **** #include "stm32f4xx.h"
  36:Src/stm32f4xx_it.c **** #include "stm32f4xx_it.h"
  37:Src/stm32f4xx_it.c **** 
  38:Src/stm32f4xx_it.c **** /* USER CODE BEGIN 0 */
  39:Src/stm32f4xx_it.c **** 
  40:Src/stm32f4xx_it.c **** /* USER CODE END 0 */
  41:Src/stm32f4xx_it.c **** 
  42:Src/stm32f4xx_it.c **** /* External variables --------------------------------------------------------*/
  43:Src/stm32f4xx_it.c **** extern PCD_HandleTypeDef hpcd_USB_OTG_FS;
  44:Src/stm32f4xx_it.c **** 
  45:Src/stm32f4xx_it.c **** /******************************************************************************/
  46:Src/stm32f4xx_it.c **** /*            Cortex-M4 Processor Interruption and Exception Handlers         */ 
  47:Src/stm32f4xx_it.c **** /******************************************************************************/
  48:Src/stm32f4xx_it.c **** 
  49:Src/stm32f4xx_it.c **** /**
  50:Src/stm32f4xx_it.c **** * @brief This function handles System tick timer.
  51:Src/stm32f4xx_it.c **** */
  52:Src/stm32f4xx_it.c **** void SysTick_Handler(void)
  53:Src/stm32f4xx_it.c **** {
  27              		.loc 1 53 0
  28              		.cfi_startproc
  29              		@ args = 0, pretend = 0, frame = 0
  30              		@ frame_needed = 0, uses_anonymous_args = 0
  31 0000 08B5     		push	{r3, lr}
  32              	.LCFI0:
  33              		.cfi_def_cfa_offset 8
  34              		.cfi_offset 3, -8
  35              		.cfi_offset 14, -4
  54:Src/stm32f4xx_it.c ****   /* USER CODE BEGIN SysTick_IRQn 0 */
  55:Src/stm32f4xx_it.c **** 
  56:Src/stm32f4xx_it.c ****   /* USER CODE END SysTick_IRQn 0 */
  57:Src/stm32f4xx_it.c ****   HAL_IncTick();
  36              		.loc 1 57 0
  37 0002 FFF7FEFF 		bl	HAL_IncTick
  38              	.LVL0:
  58:Src/stm32f4xx_it.c ****   HAL_SYSTICK_IRQHandler();
  59:Src/stm32f4xx_it.c ****   /* USER CODE BEGIN SysTick_IRQn 1 */
  60:Src/stm32f4xx_it.c **** 
  61:Src/stm32f4xx_it.c ****   /* USER CODE END SysTick_IRQn 1 */
  62:Src/stm32f4xx_it.c **** }
  39              		.loc 1 62 0
  40 0006 BDE80840 		pop	{r3, lr}
  58:Src/stm32f4xx_it.c ****   HAL_SYSTICK_IRQHandler();
  41              		.loc 1 58 0
  42 000a FFF7FEBF 		b	HAL_SYSTICK_IRQHandler
  43              	.LVL1:
  44              		.cfi_endproc
  45              	.LFE125:
  47              		.section	.text.OTG_FS_IRQHandler,"ax",%progbits
  48              		.align	1
  49              		.global	OTG_FS_IRQHandler
  50              		.thumb
  51              		.thumb_func
  53              	OTG_FS_IRQHandler:
  54              	.LFB126:
ARM GAS  /var/folders/19/rz7506jh8xn7x1006s6s574h0000gn/T//ccVv1xNX.s 			page 3


  63:Src/stm32f4xx_it.c **** 
  64:Src/stm32f4xx_it.c **** /******************************************************************************/
  65:Src/stm32f4xx_it.c **** /* STM32F4xx Peripheral Interrupt Handlers                                    */
  66:Src/stm32f4xx_it.c **** /* Add here the Interrupt Handlers for the used peripherals.                  */
  67:Src/stm32f4xx_it.c **** /* For the available peripheral interrupt handler names,                      */
  68:Src/stm32f4xx_it.c **** /* please refer to the startup file (startup_stm32f4xx.s).                    */
  69:Src/stm32f4xx_it.c **** /******************************************************************************/
  70:Src/stm32f4xx_it.c **** 
  71:Src/stm32f4xx_it.c **** /**
  72:Src/stm32f4xx_it.c **** * @brief This function handles USB On The Go FS global interrupt.
  73:Src/stm32f4xx_it.c **** */
  74:Src/stm32f4xx_it.c **** void OTG_FS_IRQHandler(void)
  75:Src/stm32f4xx_it.c **** {
  55              		.loc 1 75 0
  56              		.cfi_startproc
  57              		@ args = 0, pretend = 0, frame = 0
  58              		@ frame_needed = 0, uses_anonymous_args = 0
  59              		@ link register save eliminated.
  76:Src/stm32f4xx_it.c ****   /* USER CODE BEGIN OTG_FS_IRQn 0 */
  77:Src/stm32f4xx_it.c **** 
  78:Src/stm32f4xx_it.c ****   /* USER CODE END OTG_FS_IRQn 0 */
  79:Src/stm32f4xx_it.c ****   HAL_PCD_IRQHandler(&hpcd_USB_OTG_FS);
  60              		.loc 1 79 0
  61 0000 0148     		ldr	r0, .L3
  62 0002 FFF7FEBF 		b	HAL_PCD_IRQHandler
  63              	.LVL2:
  64              	.L4:
  65 0006 00BF     		.align	2
  66              	.L3:
  67 0008 00000000 		.word	hpcd_USB_OTG_FS
  68              		.cfi_endproc
  69              	.LFE126:
  71              		.text
  72              	.Letext0:
  73              		.file 2 "/Users/Arethusa/Library/Arduino15/packages/arduino/tools/arm-none-eabi-gcc/4.8.3-2014q1/a
  74              		.file 3 "/Users/Arethusa/Library/Arduino15/packages/arduino/tools/arm-none-eabi-gcc/4.8.3-2014q1/a
  75              		.file 4 "Drivers/CMSIS/Device/ST/STM32F4xx/Include/stm32f401xe.h"
  76              		.file 5 "Drivers/STM32F4xx_HAL_Driver/Inc/stm32f4xx_hal_def.h"
  77              		.file 6 "Drivers/STM32F4xx_HAL_Driver/Inc/stm32f4xx_ll_usb.h"
  78              		.file 7 "Drivers/STM32F4xx_HAL_Driver/Inc/stm32f4xx_hal_pcd.h"
  79              		.file 8 "Drivers/CMSIS/Include/core_cm4.h"
  80              		.file 9 "Drivers/STM32F4xx_HAL_Driver/Inc/stm32f4xx_hal.h"
  81              		.file 10 "Drivers/STM32F4xx_HAL_Driver/Inc/stm32f4xx_hal_cortex.h"
ARM GAS  /var/folders/19/rz7506jh8xn7x1006s6s574h0000gn/T//ccVv1xNX.s 			page 4


DEFINED SYMBOLS
                            *ABS*:0000000000000000 stm32f4xx_it.c
/var/folders/19/rz7506jh8xn7x1006s6s574h0000gn/T//ccVv1xNX.s:19     .text.SysTick_Handler:0000000000000000 $t
/var/folders/19/rz7506jh8xn7x1006s6s574h0000gn/T//ccVv1xNX.s:24     .text.SysTick_Handler:0000000000000000 SysTick_Handler
/var/folders/19/rz7506jh8xn7x1006s6s574h0000gn/T//ccVv1xNX.s:48     .text.OTG_FS_IRQHandler:0000000000000000 $t
/var/folders/19/rz7506jh8xn7x1006s6s574h0000gn/T//ccVv1xNX.s:53     .text.OTG_FS_IRQHandler:0000000000000000 OTG_FS_IRQHandler
/var/folders/19/rz7506jh8xn7x1006s6s574h0000gn/T//ccVv1xNX.s:67     .text.OTG_FS_IRQHandler:0000000000000008 $d
                     .debug_frame:0000000000000010 $d

UNDEFINED SYMBOLS
HAL_IncTick
HAL_SYSTICK_IRQHandler
HAL_PCD_IRQHandler
hpcd_USB_OTG_FS
