ARM GAS  /var/folders/19/rz7506jh8xn7x1006s6s574h0000gn/T//ccu0d7ih.s 			page 1


   1              		.syntax unified
   2              		.cpu cortex-m4
   3              		.fpu softvfp
   4              		.eabi_attribute 20, 1
   5              		.eabi_attribute 21, 1
   6              		.eabi_attribute 23, 3
   7              		.eabi_attribute 24, 1
   8              		.eabi_attribute 25, 1
   9              		.eabi_attribute 26, 1
  10              		.eabi_attribute 30, 4
  11              		.eabi_attribute 34, 1
  12              		.eabi_attribute 18, 4
  13              		.thumb
  14              		.file	"stm32f4xx_ll_sdmmc.c"
  15              		.text
  16              	.Ltext0:
  17              		.cfi_sections	.debug_frame
  18              		.section	.text.SDIO_Init,"ax",%progbits
  19              		.align	1
  20              		.global	SDIO_Init
  21              		.thumb
  22              		.thumb_func
  24              	SDIO_Init:
  25              	.LFB125:
  26              		.file 1 "Drivers/STM32F4xx_HAL_Driver/Src/stm32f4xx_ll_sdmmc.c"
   1:Drivers/STM32F4xx_HAL_Driver/Src/stm32f4xx_ll_sdmmc.c **** /**
   2:Drivers/STM32F4xx_HAL_Driver/Src/stm32f4xx_ll_sdmmc.c ****   ******************************************************************************
   3:Drivers/STM32F4xx_HAL_Driver/Src/stm32f4xx_ll_sdmmc.c ****   * @file    stm32f4xx_ll_sdmmc.c
   4:Drivers/STM32F4xx_HAL_Driver/Src/stm32f4xx_ll_sdmmc.c ****   * @author  MCD Application Team
   5:Drivers/STM32F4xx_HAL_Driver/Src/stm32f4xx_ll_sdmmc.c ****   * @version V1.4.3
   6:Drivers/STM32F4xx_HAL_Driver/Src/stm32f4xx_ll_sdmmc.c ****   * @date    11-December-2015
   7:Drivers/STM32F4xx_HAL_Driver/Src/stm32f4xx_ll_sdmmc.c ****   * @brief   SDMMC Low Layer HAL module driver.
   8:Drivers/STM32F4xx_HAL_Driver/Src/stm32f4xx_ll_sdmmc.c ****   *    
   9:Drivers/STM32F4xx_HAL_Driver/Src/stm32f4xx_ll_sdmmc.c ****   *          This file provides firmware functions to manage the following 
  10:Drivers/STM32F4xx_HAL_Driver/Src/stm32f4xx_ll_sdmmc.c ****   *          functionalities of the SDMMC peripheral:
  11:Drivers/STM32F4xx_HAL_Driver/Src/stm32f4xx_ll_sdmmc.c ****   *           + Initialization/de-initialization functions
  12:Drivers/STM32F4xx_HAL_Driver/Src/stm32f4xx_ll_sdmmc.c ****   *           + I/O operation functions
  13:Drivers/STM32F4xx_HAL_Driver/Src/stm32f4xx_ll_sdmmc.c ****   *           + Peripheral Control functions 
  14:Drivers/STM32F4xx_HAL_Driver/Src/stm32f4xx_ll_sdmmc.c ****   *           + Peripheral State functions
  15:Drivers/STM32F4xx_HAL_Driver/Src/stm32f4xx_ll_sdmmc.c ****   *         
  16:Drivers/STM32F4xx_HAL_Driver/Src/stm32f4xx_ll_sdmmc.c ****   @verbatim
  17:Drivers/STM32F4xx_HAL_Driver/Src/stm32f4xx_ll_sdmmc.c ****   ==============================================================================
  18:Drivers/STM32F4xx_HAL_Driver/Src/stm32f4xx_ll_sdmmc.c ****                        ##### SDMMC peripheral features #####
  19:Drivers/STM32F4xx_HAL_Driver/Src/stm32f4xx_ll_sdmmc.c ****   ==============================================================================        
  20:Drivers/STM32F4xx_HAL_Driver/Src/stm32f4xx_ll_sdmmc.c ****     [..] The SD/SDIO MMC card host interface (SDIO) provides an interface between the APB2
  21:Drivers/STM32F4xx_HAL_Driver/Src/stm32f4xx_ll_sdmmc.c ****          peripheral bus and MultiMedia cards (MMCs), SD memory cards, SDIO cards and CE-ATA
  22:Drivers/STM32F4xx_HAL_Driver/Src/stm32f4xx_ll_sdmmc.c ****          devices.
  23:Drivers/STM32F4xx_HAL_Driver/Src/stm32f4xx_ll_sdmmc.c **** 
  24:Drivers/STM32F4xx_HAL_Driver/Src/stm32f4xx_ll_sdmmc.c ****     [..] The SDIO features include the following:
  25:Drivers/STM32F4xx_HAL_Driver/Src/stm32f4xx_ll_sdmmc.c ****          (+) Full compliance with MultiMedia Card System Specification Version 4.2. Card support
  26:Drivers/STM32F4xx_HAL_Driver/Src/stm32f4xx_ll_sdmmc.c ****              for three different databus modes: 1-bit (default), 4-bit and 8-bit
  27:Drivers/STM32F4xx_HAL_Driver/Src/stm32f4xx_ll_sdmmc.c ****          (+) Full compatibility with previous versions of MultiMedia Cards (forward compatibility)
  28:Drivers/STM32F4xx_HAL_Driver/Src/stm32f4xx_ll_sdmmc.c ****          (+) Full compliance with SD Memory Card Specifications Version 2.0
  29:Drivers/STM32F4xx_HAL_Driver/Src/stm32f4xx_ll_sdmmc.c ****          (+) Full compliance with SD I/O Card Specification Version 2.0: card support for two
  30:Drivers/STM32F4xx_HAL_Driver/Src/stm32f4xx_ll_sdmmc.c ****              different data bus modes: 1-bit (default) and 4-bit
  31:Drivers/STM32F4xx_HAL_Driver/Src/stm32f4xx_ll_sdmmc.c ****          (+) Full support of the CE-ATA features (full compliance with CE-ATA digital protocol
  32:Drivers/STM32F4xx_HAL_Driver/Src/stm32f4xx_ll_sdmmc.c ****              Rev1.1)
ARM GAS  /var/folders/19/rz7506jh8xn7x1006s6s574h0000gn/T//ccu0d7ih.s 			page 2


  33:Drivers/STM32F4xx_HAL_Driver/Src/stm32f4xx_ll_sdmmc.c ****          (+) Data transfer up to 48 MHz for the 8 bit mode
  34:Drivers/STM32F4xx_HAL_Driver/Src/stm32f4xx_ll_sdmmc.c ****          (+) Data and command output enable signals to control external bidirectional drivers.
  35:Drivers/STM32F4xx_HAL_Driver/Src/stm32f4xx_ll_sdmmc.c ****                  
  36:Drivers/STM32F4xx_HAL_Driver/Src/stm32f4xx_ll_sdmmc.c ****    
  37:Drivers/STM32F4xx_HAL_Driver/Src/stm32f4xx_ll_sdmmc.c ****                            ##### How to use this driver #####
  38:Drivers/STM32F4xx_HAL_Driver/Src/stm32f4xx_ll_sdmmc.c ****   ==============================================================================
  39:Drivers/STM32F4xx_HAL_Driver/Src/stm32f4xx_ll_sdmmc.c ****     [..]
  40:Drivers/STM32F4xx_HAL_Driver/Src/stm32f4xx_ll_sdmmc.c ****       This driver is a considered as a driver of service for external devices drivers 
  41:Drivers/STM32F4xx_HAL_Driver/Src/stm32f4xx_ll_sdmmc.c ****       that interfaces with the SDIO peripheral.
  42:Drivers/STM32F4xx_HAL_Driver/Src/stm32f4xx_ll_sdmmc.c ****       According to the device used (SD card/ MMC card / SDIO card ...), a set of APIs 
  43:Drivers/STM32F4xx_HAL_Driver/Src/stm32f4xx_ll_sdmmc.c ****       is used in the device's driver to perform SDIO operations and functionalities.
  44:Drivers/STM32F4xx_HAL_Driver/Src/stm32f4xx_ll_sdmmc.c ****    
  45:Drivers/STM32F4xx_HAL_Driver/Src/stm32f4xx_ll_sdmmc.c ****       This driver is almost transparent for the final user, it is only used to implement other
  46:Drivers/STM32F4xx_HAL_Driver/Src/stm32f4xx_ll_sdmmc.c ****       functionalities of the external device.
  47:Drivers/STM32F4xx_HAL_Driver/Src/stm32f4xx_ll_sdmmc.c ****    
  48:Drivers/STM32F4xx_HAL_Driver/Src/stm32f4xx_ll_sdmmc.c ****     [..]
  49:Drivers/STM32F4xx_HAL_Driver/Src/stm32f4xx_ll_sdmmc.c ****       (+) The SDIO clock (SDIOCLK = 48 MHz) is coming from a specific output of PLL 
  50:Drivers/STM32F4xx_HAL_Driver/Src/stm32f4xx_ll_sdmmc.c ****           (PLL48CLK). Before start working with SDIO peripheral make sure that the
  51:Drivers/STM32F4xx_HAL_Driver/Src/stm32f4xx_ll_sdmmc.c ****           PLL is well configured.
  52:Drivers/STM32F4xx_HAL_Driver/Src/stm32f4xx_ll_sdmmc.c ****           The SDIO peripheral uses two clock signals:
  53:Drivers/STM32F4xx_HAL_Driver/Src/stm32f4xx_ll_sdmmc.c ****           (++) SDIO adapter clock (SDIOCLK = 48 MHz)
  54:Drivers/STM32F4xx_HAL_Driver/Src/stm32f4xx_ll_sdmmc.c ****           (++) APB2 bus clock (PCLK2)
  55:Drivers/STM32F4xx_HAL_Driver/Src/stm32f4xx_ll_sdmmc.c ****        
  56:Drivers/STM32F4xx_HAL_Driver/Src/stm32f4xx_ll_sdmmc.c ****           -@@- PCLK2 and SDIO_CK clock frequencies must respect the following condition:
  57:Drivers/STM32F4xx_HAL_Driver/Src/stm32f4xx_ll_sdmmc.c ****                Frequency(PCLK2) >= (3 / 8 x Frequency(SDIO_CK))
  58:Drivers/STM32F4xx_HAL_Driver/Src/stm32f4xx_ll_sdmmc.c ****   
  59:Drivers/STM32F4xx_HAL_Driver/Src/stm32f4xx_ll_sdmmc.c ****       (+) Enable/Disable peripheral clock using RCC peripheral macros related to SDIO
  60:Drivers/STM32F4xx_HAL_Driver/Src/stm32f4xx_ll_sdmmc.c ****           peripheral.
  61:Drivers/STM32F4xx_HAL_Driver/Src/stm32f4xx_ll_sdmmc.c **** 
  62:Drivers/STM32F4xx_HAL_Driver/Src/stm32f4xx_ll_sdmmc.c ****       (+) Enable the Power ON State using the SDIO_PowerState_ON(SDIOx) 
  63:Drivers/STM32F4xx_HAL_Driver/Src/stm32f4xx_ll_sdmmc.c ****           function and disable it using the function SDIO_PowerState_OFF(SDIOx).
  64:Drivers/STM32F4xx_HAL_Driver/Src/stm32f4xx_ll_sdmmc.c ****                 
  65:Drivers/STM32F4xx_HAL_Driver/Src/stm32f4xx_ll_sdmmc.c ****       (+) Enable/Disable the clock using the __SDIO_ENABLE()/__SDIO_DISABLE() macros.
  66:Drivers/STM32F4xx_HAL_Driver/Src/stm32f4xx_ll_sdmmc.c ****   
  67:Drivers/STM32F4xx_HAL_Driver/Src/stm32f4xx_ll_sdmmc.c ****       (+) Enable/Disable the peripheral interrupts using the macros __SDIO_ENABLE_IT(hsdio, IT) 
  68:Drivers/STM32F4xx_HAL_Driver/Src/stm32f4xx_ll_sdmmc.c ****           and __SDIO_DISABLE_IT(hsdio, IT) if you need to use interrupt mode. 
  69:Drivers/STM32F4xx_HAL_Driver/Src/stm32f4xx_ll_sdmmc.c ****   
  70:Drivers/STM32F4xx_HAL_Driver/Src/stm32f4xx_ll_sdmmc.c ****       (+) When using the DMA mode 
  71:Drivers/STM32F4xx_HAL_Driver/Src/stm32f4xx_ll_sdmmc.c ****           (++) Configure the DMA in the MSP layer of the external device
  72:Drivers/STM32F4xx_HAL_Driver/Src/stm32f4xx_ll_sdmmc.c ****           (++) Active the needed channel Request 
  73:Drivers/STM32F4xx_HAL_Driver/Src/stm32f4xx_ll_sdmmc.c ****           (++) Enable the DMA using __SDIO_DMA_ENABLE() macro or Disable it using the macro
  74:Drivers/STM32F4xx_HAL_Driver/Src/stm32f4xx_ll_sdmmc.c ****                __SDIO_DMA_DISABLE().
  75:Drivers/STM32F4xx_HAL_Driver/Src/stm32f4xx_ll_sdmmc.c ****   
  76:Drivers/STM32F4xx_HAL_Driver/Src/stm32f4xx_ll_sdmmc.c ****       (+) To control the CPSM (Command Path State Machine) and send 
  77:Drivers/STM32F4xx_HAL_Driver/Src/stm32f4xx_ll_sdmmc.c ****           commands to the card use the SDIO_SendCommand(SDIOx), 
  78:Drivers/STM32F4xx_HAL_Driver/Src/stm32f4xx_ll_sdmmc.c ****           SDIO_GetCommandResponse() and SDIO_GetResponse() functions. First, user has
  79:Drivers/STM32F4xx_HAL_Driver/Src/stm32f4xx_ll_sdmmc.c ****           to fill the command structure (pointer to SDIO_CmdInitTypeDef) according 
  80:Drivers/STM32F4xx_HAL_Driver/Src/stm32f4xx_ll_sdmmc.c ****           to the selected command to be sent.
  81:Drivers/STM32F4xx_HAL_Driver/Src/stm32f4xx_ll_sdmmc.c ****           The parameters that should be filled are:
  82:Drivers/STM32F4xx_HAL_Driver/Src/stm32f4xx_ll_sdmmc.c ****            (++) Command Argument
  83:Drivers/STM32F4xx_HAL_Driver/Src/stm32f4xx_ll_sdmmc.c ****            (++) Command Index
  84:Drivers/STM32F4xx_HAL_Driver/Src/stm32f4xx_ll_sdmmc.c ****            (++) Command Response type
  85:Drivers/STM32F4xx_HAL_Driver/Src/stm32f4xx_ll_sdmmc.c ****            (++) Command Wait
  86:Drivers/STM32F4xx_HAL_Driver/Src/stm32f4xx_ll_sdmmc.c ****            (++) CPSM Status (Enable or Disable).
  87:Drivers/STM32F4xx_HAL_Driver/Src/stm32f4xx_ll_sdmmc.c ****   
  88:Drivers/STM32F4xx_HAL_Driver/Src/stm32f4xx_ll_sdmmc.c ****           -@@- To check if the command is well received, read the SDIO_CMDRESP
  89:Drivers/STM32F4xx_HAL_Driver/Src/stm32f4xx_ll_sdmmc.c ****               register using the SDIO_GetCommandResponse().
ARM GAS  /var/folders/19/rz7506jh8xn7x1006s6s574h0000gn/T//ccu0d7ih.s 			page 3


  90:Drivers/STM32F4xx_HAL_Driver/Src/stm32f4xx_ll_sdmmc.c ****               The SDIO responses registers (SDIO_RESP1 to SDIO_RESP2), use the
  91:Drivers/STM32F4xx_HAL_Driver/Src/stm32f4xx_ll_sdmmc.c ****               SDIO_GetResponse() function.
  92:Drivers/STM32F4xx_HAL_Driver/Src/stm32f4xx_ll_sdmmc.c ****   
  93:Drivers/STM32F4xx_HAL_Driver/Src/stm32f4xx_ll_sdmmc.c ****       (+) To control the DPSM (Data Path State Machine) and send/receive 
  94:Drivers/STM32F4xx_HAL_Driver/Src/stm32f4xx_ll_sdmmc.c ****            data to/from the card use the SDIO_DataConfig(), SDIO_GetDataCounter(), 
  95:Drivers/STM32F4xx_HAL_Driver/Src/stm32f4xx_ll_sdmmc.c ****           SDIO_ReadFIFO(), DIO_WriteFIFO() and SDIO_GetFIFOCount() functions.
  96:Drivers/STM32F4xx_HAL_Driver/Src/stm32f4xx_ll_sdmmc.c ****   
  97:Drivers/STM32F4xx_HAL_Driver/Src/stm32f4xx_ll_sdmmc.c ****     *** Read Operations ***
  98:Drivers/STM32F4xx_HAL_Driver/Src/stm32f4xx_ll_sdmmc.c ****     =======================
  99:Drivers/STM32F4xx_HAL_Driver/Src/stm32f4xx_ll_sdmmc.c ****     [..]
 100:Drivers/STM32F4xx_HAL_Driver/Src/stm32f4xx_ll_sdmmc.c ****       (#) First, user has to fill the data structure (pointer to
 101:Drivers/STM32F4xx_HAL_Driver/Src/stm32f4xx_ll_sdmmc.c ****           SDIO_DataInitTypeDef) according to the selected data type to be received.
 102:Drivers/STM32F4xx_HAL_Driver/Src/stm32f4xx_ll_sdmmc.c ****           The parameters that should be filled are:
 103:Drivers/STM32F4xx_HAL_Driver/Src/stm32f4xx_ll_sdmmc.c ****            (++) Data Timeout
 104:Drivers/STM32F4xx_HAL_Driver/Src/stm32f4xx_ll_sdmmc.c ****            (++) Data Length
 105:Drivers/STM32F4xx_HAL_Driver/Src/stm32f4xx_ll_sdmmc.c ****            (++) Data Block size
 106:Drivers/STM32F4xx_HAL_Driver/Src/stm32f4xx_ll_sdmmc.c ****            (++) Data Transfer direction: should be from card (To SDIO)
 107:Drivers/STM32F4xx_HAL_Driver/Src/stm32f4xx_ll_sdmmc.c ****            (++) Data Transfer mode
 108:Drivers/STM32F4xx_HAL_Driver/Src/stm32f4xx_ll_sdmmc.c ****            (++) DPSM Status (Enable or Disable)
 109:Drivers/STM32F4xx_HAL_Driver/Src/stm32f4xx_ll_sdmmc.c ****                                      
 110:Drivers/STM32F4xx_HAL_Driver/Src/stm32f4xx_ll_sdmmc.c ****       (#) Configure the SDIO resources to receive the data from the card
 111:Drivers/STM32F4xx_HAL_Driver/Src/stm32f4xx_ll_sdmmc.c ****           according to selected transfer mode (Refer to Step 8, 9 and 10).
 112:Drivers/STM32F4xx_HAL_Driver/Src/stm32f4xx_ll_sdmmc.c ****   
 113:Drivers/STM32F4xx_HAL_Driver/Src/stm32f4xx_ll_sdmmc.c ****       (#) Send the selected Read command (refer to step 11).
 114:Drivers/STM32F4xx_HAL_Driver/Src/stm32f4xx_ll_sdmmc.c ****                     
 115:Drivers/STM32F4xx_HAL_Driver/Src/stm32f4xx_ll_sdmmc.c ****       (#) Use the SDIO flags/interrupts to check the transfer status.
 116:Drivers/STM32F4xx_HAL_Driver/Src/stm32f4xx_ll_sdmmc.c ****   
 117:Drivers/STM32F4xx_HAL_Driver/Src/stm32f4xx_ll_sdmmc.c ****     *** Write Operations ***
 118:Drivers/STM32F4xx_HAL_Driver/Src/stm32f4xx_ll_sdmmc.c ****     ========================
 119:Drivers/STM32F4xx_HAL_Driver/Src/stm32f4xx_ll_sdmmc.c ****     [..]
 120:Drivers/STM32F4xx_HAL_Driver/Src/stm32f4xx_ll_sdmmc.c ****      (#) First, user has to fill the data structure (pointer to
 121:Drivers/STM32F4xx_HAL_Driver/Src/stm32f4xx_ll_sdmmc.c ****          SDIO_DataInitTypeDef) according to the selected data type to be received.
 122:Drivers/STM32F4xx_HAL_Driver/Src/stm32f4xx_ll_sdmmc.c ****          The parameters that should be filled are:
 123:Drivers/STM32F4xx_HAL_Driver/Src/stm32f4xx_ll_sdmmc.c ****           (++) Data Timeout
 124:Drivers/STM32F4xx_HAL_Driver/Src/stm32f4xx_ll_sdmmc.c ****           (++) Data Length
 125:Drivers/STM32F4xx_HAL_Driver/Src/stm32f4xx_ll_sdmmc.c ****           (++) Data Block size
 126:Drivers/STM32F4xx_HAL_Driver/Src/stm32f4xx_ll_sdmmc.c ****           (++) Data Transfer direction:  should be to card (To CARD)
 127:Drivers/STM32F4xx_HAL_Driver/Src/stm32f4xx_ll_sdmmc.c ****           (++) Data Transfer mode
 128:Drivers/STM32F4xx_HAL_Driver/Src/stm32f4xx_ll_sdmmc.c ****           (++) DPSM Status (Enable or Disable)
 129:Drivers/STM32F4xx_HAL_Driver/Src/stm32f4xx_ll_sdmmc.c ****   
 130:Drivers/STM32F4xx_HAL_Driver/Src/stm32f4xx_ll_sdmmc.c ****      (#) Configure the SDIO resources to send the data to the card according to 
 131:Drivers/STM32F4xx_HAL_Driver/Src/stm32f4xx_ll_sdmmc.c ****          selected transfer mode.
 132:Drivers/STM32F4xx_HAL_Driver/Src/stm32f4xx_ll_sdmmc.c ****                      
 133:Drivers/STM32F4xx_HAL_Driver/Src/stm32f4xx_ll_sdmmc.c ****      (#) Send the selected Write command.
 134:Drivers/STM32F4xx_HAL_Driver/Src/stm32f4xx_ll_sdmmc.c ****                     
 135:Drivers/STM32F4xx_HAL_Driver/Src/stm32f4xx_ll_sdmmc.c ****      (#) Use the SDIO flags/interrupts to check the transfer status.
 136:Drivers/STM32F4xx_HAL_Driver/Src/stm32f4xx_ll_sdmmc.c ****   
 137:Drivers/STM32F4xx_HAL_Driver/Src/stm32f4xx_ll_sdmmc.c ****   @endverbatim
 138:Drivers/STM32F4xx_HAL_Driver/Src/stm32f4xx_ll_sdmmc.c ****   ******************************************************************************
 139:Drivers/STM32F4xx_HAL_Driver/Src/stm32f4xx_ll_sdmmc.c ****   * @attention
 140:Drivers/STM32F4xx_HAL_Driver/Src/stm32f4xx_ll_sdmmc.c ****   *
 141:Drivers/STM32F4xx_HAL_Driver/Src/stm32f4xx_ll_sdmmc.c ****   * <h2><center>&copy; COPYRIGHT(c) 2015 STMicroelectronics</center></h2>
 142:Drivers/STM32F4xx_HAL_Driver/Src/stm32f4xx_ll_sdmmc.c ****   *
 143:Drivers/STM32F4xx_HAL_Driver/Src/stm32f4xx_ll_sdmmc.c ****   * Redistribution and use in source and binary forms, with or without modification,
 144:Drivers/STM32F4xx_HAL_Driver/Src/stm32f4xx_ll_sdmmc.c ****   * are permitted provided that the following conditions are met:
 145:Drivers/STM32F4xx_HAL_Driver/Src/stm32f4xx_ll_sdmmc.c ****   *   1. Redistributions of source code must retain the above copyright notice,
 146:Drivers/STM32F4xx_HAL_Driver/Src/stm32f4xx_ll_sdmmc.c ****   *      this list of conditions and the following disclaimer.
ARM GAS  /var/folders/19/rz7506jh8xn7x1006s6s574h0000gn/T//ccu0d7ih.s 			page 4


 147:Drivers/STM32F4xx_HAL_Driver/Src/stm32f4xx_ll_sdmmc.c ****   *   2. Redistributions in binary form must reproduce the above copyright notice,
 148:Drivers/STM32F4xx_HAL_Driver/Src/stm32f4xx_ll_sdmmc.c ****   *      this list of conditions and the following disclaimer in the documentation
 149:Drivers/STM32F4xx_HAL_Driver/Src/stm32f4xx_ll_sdmmc.c ****   *      and/or other materials provided with the distribution.
 150:Drivers/STM32F4xx_HAL_Driver/Src/stm32f4xx_ll_sdmmc.c ****   *   3. Neither the name of STMicroelectronics nor the names of its contributors
 151:Drivers/STM32F4xx_HAL_Driver/Src/stm32f4xx_ll_sdmmc.c ****   *      may be used to endorse or promote products derived from this software
 152:Drivers/STM32F4xx_HAL_Driver/Src/stm32f4xx_ll_sdmmc.c ****   *      without specific prior written permission.
 153:Drivers/STM32F4xx_HAL_Driver/Src/stm32f4xx_ll_sdmmc.c ****   *
 154:Drivers/STM32F4xx_HAL_Driver/Src/stm32f4xx_ll_sdmmc.c ****   * THIS SOFTWARE IS PROVIDED BY THE COPYRIGHT HOLDERS AND CONTRIBUTORS "AS IS"
 155:Drivers/STM32F4xx_HAL_Driver/Src/stm32f4xx_ll_sdmmc.c ****   * AND ANY EXPRESS OR IMPLIED WARRANTIES, INCLUDING, BUT NOT LIMITED TO, THE
 156:Drivers/STM32F4xx_HAL_Driver/Src/stm32f4xx_ll_sdmmc.c ****   * IMPLIED WARRANTIES OF MERCHANTABILITY AND FITNESS FOR A PARTICULAR PURPOSE ARE
 157:Drivers/STM32F4xx_HAL_Driver/Src/stm32f4xx_ll_sdmmc.c ****   * DISCLAIMED. IN NO EVENT SHALL THE COPYRIGHT HOLDER OR CONTRIBUTORS BE LIABLE
 158:Drivers/STM32F4xx_HAL_Driver/Src/stm32f4xx_ll_sdmmc.c ****   * FOR ANY DIRECT, INDIRECT, INCIDENTAL, SPECIAL, EXEMPLARY, OR CONSEQUENTIAL
 159:Drivers/STM32F4xx_HAL_Driver/Src/stm32f4xx_ll_sdmmc.c ****   * DAMAGES (INCLUDING, BUT NOT LIMITED TO, PROCUREMENT OF SUBSTITUTE GOODS OR
 160:Drivers/STM32F4xx_HAL_Driver/Src/stm32f4xx_ll_sdmmc.c ****   * SERVICES; LOSS OF USE, DATA, OR PROFITS; OR BUSINESS INTERRUPTION) HOWEVER
 161:Drivers/STM32F4xx_HAL_Driver/Src/stm32f4xx_ll_sdmmc.c ****   * CAUSED AND ON ANY THEORY OF LIABILITY, WHETHER IN CONTRACT, STRICT LIABILITY,
 162:Drivers/STM32F4xx_HAL_Driver/Src/stm32f4xx_ll_sdmmc.c ****   * OR TORT (INCLUDING NEGLIGENCE OR OTHERWISE) ARISING IN ANY WAY OUT OF THE USE
 163:Drivers/STM32F4xx_HAL_Driver/Src/stm32f4xx_ll_sdmmc.c ****   * OF THIS SOFTWARE, EVEN IF ADVISED OF THE POSSIBILITY OF SUCH DAMAGE.
 164:Drivers/STM32F4xx_HAL_Driver/Src/stm32f4xx_ll_sdmmc.c ****   *
 165:Drivers/STM32F4xx_HAL_Driver/Src/stm32f4xx_ll_sdmmc.c ****   ******************************************************************************
 166:Drivers/STM32F4xx_HAL_Driver/Src/stm32f4xx_ll_sdmmc.c ****   */ 
 167:Drivers/STM32F4xx_HAL_Driver/Src/stm32f4xx_ll_sdmmc.c **** 
 168:Drivers/STM32F4xx_HAL_Driver/Src/stm32f4xx_ll_sdmmc.c **** /* Includes ------------------------------------------------------------------*/
 169:Drivers/STM32F4xx_HAL_Driver/Src/stm32f4xx_ll_sdmmc.c **** #include "stm32f4xx_hal.h"
 170:Drivers/STM32F4xx_HAL_Driver/Src/stm32f4xx_ll_sdmmc.c **** 
 171:Drivers/STM32F4xx_HAL_Driver/Src/stm32f4xx_ll_sdmmc.c **** /** @addtogroup STM32F4xx_HAL_Driver
 172:Drivers/STM32F4xx_HAL_Driver/Src/stm32f4xx_ll_sdmmc.c ****   * @{
 173:Drivers/STM32F4xx_HAL_Driver/Src/stm32f4xx_ll_sdmmc.c ****   */
 174:Drivers/STM32F4xx_HAL_Driver/Src/stm32f4xx_ll_sdmmc.c **** 
 175:Drivers/STM32F4xx_HAL_Driver/Src/stm32f4xx_ll_sdmmc.c **** /** @defgroup SDMMC_LL SDMMC Low Layer
 176:Drivers/STM32F4xx_HAL_Driver/Src/stm32f4xx_ll_sdmmc.c ****   * @brief Low layer module for SD and MMC driver
 177:Drivers/STM32F4xx_HAL_Driver/Src/stm32f4xx_ll_sdmmc.c ****   * @{
 178:Drivers/STM32F4xx_HAL_Driver/Src/stm32f4xx_ll_sdmmc.c ****   */
 179:Drivers/STM32F4xx_HAL_Driver/Src/stm32f4xx_ll_sdmmc.c **** 
 180:Drivers/STM32F4xx_HAL_Driver/Src/stm32f4xx_ll_sdmmc.c **** #if defined(HAL_SD_MODULE_ENABLED) || defined(HAL_MMC_MODULE_ENABLED)
 181:Drivers/STM32F4xx_HAL_Driver/Src/stm32f4xx_ll_sdmmc.c **** #if defined(STM32F405xx) || defined(STM32F415xx) || defined(STM32F407xx) || defined(STM32F417xx) ||
 182:Drivers/STM32F4xx_HAL_Driver/Src/stm32f4xx_ll_sdmmc.c ****     defined(STM32F427xx) || defined(STM32F437xx) || defined(STM32F429xx) || defined(STM32F439xx) ||
 183:Drivers/STM32F4xx_HAL_Driver/Src/stm32f4xx_ll_sdmmc.c ****     defined(STM32F401xC) || defined(STM32F401xE) || defined(STM32F411xE) || defined(STM32F446xx) ||
 184:Drivers/STM32F4xx_HAL_Driver/Src/stm32f4xx_ll_sdmmc.c ****     defined(STM32F469xx) || defined(STM32F479xx)
 185:Drivers/STM32F4xx_HAL_Driver/Src/stm32f4xx_ll_sdmmc.c **** /* Private typedef -----------------------------------------------------------*/
 186:Drivers/STM32F4xx_HAL_Driver/Src/stm32f4xx_ll_sdmmc.c **** /* Private define ------------------------------------------------------------*/
 187:Drivers/STM32F4xx_HAL_Driver/Src/stm32f4xx_ll_sdmmc.c **** /* Private macro -------------------------------------------------------------*/
 188:Drivers/STM32F4xx_HAL_Driver/Src/stm32f4xx_ll_sdmmc.c **** /* Private variables ---------------------------------------------------------*/
 189:Drivers/STM32F4xx_HAL_Driver/Src/stm32f4xx_ll_sdmmc.c **** /* Private function prototypes -----------------------------------------------*/
 190:Drivers/STM32F4xx_HAL_Driver/Src/stm32f4xx_ll_sdmmc.c **** /* Private functions ---------------------------------------------------------*/
 191:Drivers/STM32F4xx_HAL_Driver/Src/stm32f4xx_ll_sdmmc.c **** 
 192:Drivers/STM32F4xx_HAL_Driver/Src/stm32f4xx_ll_sdmmc.c **** /** @defgroup SDMMC_LL_Exported_Functions SDMMC_LL Exported Functions
 193:Drivers/STM32F4xx_HAL_Driver/Src/stm32f4xx_ll_sdmmc.c ****   * @{
 194:Drivers/STM32F4xx_HAL_Driver/Src/stm32f4xx_ll_sdmmc.c ****   */
 195:Drivers/STM32F4xx_HAL_Driver/Src/stm32f4xx_ll_sdmmc.c **** 
 196:Drivers/STM32F4xx_HAL_Driver/Src/stm32f4xx_ll_sdmmc.c **** /** @defgroup HAL_SDMMC_LL_Group1 Initialization/de-initialization functions 
 197:Drivers/STM32F4xx_HAL_Driver/Src/stm32f4xx_ll_sdmmc.c ****  *  @brief    Initialization and Configuration functions 
 198:Drivers/STM32F4xx_HAL_Driver/Src/stm32f4xx_ll_sdmmc.c ****  *
 199:Drivers/STM32F4xx_HAL_Driver/Src/stm32f4xx_ll_sdmmc.c **** @verbatim    
 200:Drivers/STM32F4xx_HAL_Driver/Src/stm32f4xx_ll_sdmmc.c ****  ===============================================================================
 201:Drivers/STM32F4xx_HAL_Driver/Src/stm32f4xx_ll_sdmmc.c ****               ##### Initialization/de-initialization functions #####
 202:Drivers/STM32F4xx_HAL_Driver/Src/stm32f4xx_ll_sdmmc.c ****  ===============================================================================
 203:Drivers/STM32F4xx_HAL_Driver/Src/stm32f4xx_ll_sdmmc.c ****     [..]  This section provides functions allowing to:
ARM GAS  /var/folders/19/rz7506jh8xn7x1006s6s574h0000gn/T//ccu0d7ih.s 			page 5


 204:Drivers/STM32F4xx_HAL_Driver/Src/stm32f4xx_ll_sdmmc.c ****  
 205:Drivers/STM32F4xx_HAL_Driver/Src/stm32f4xx_ll_sdmmc.c **** @endverbatim
 206:Drivers/STM32F4xx_HAL_Driver/Src/stm32f4xx_ll_sdmmc.c ****   * @{
 207:Drivers/STM32F4xx_HAL_Driver/Src/stm32f4xx_ll_sdmmc.c ****   */
 208:Drivers/STM32F4xx_HAL_Driver/Src/stm32f4xx_ll_sdmmc.c **** 
 209:Drivers/STM32F4xx_HAL_Driver/Src/stm32f4xx_ll_sdmmc.c **** /**
 210:Drivers/STM32F4xx_HAL_Driver/Src/stm32f4xx_ll_sdmmc.c ****   * @brief  Initializes the SDIO according to the specified
 211:Drivers/STM32F4xx_HAL_Driver/Src/stm32f4xx_ll_sdmmc.c ****   *         parameters in the SDIO_InitTypeDef and create the associated handle.
 212:Drivers/STM32F4xx_HAL_Driver/Src/stm32f4xx_ll_sdmmc.c ****   * @param  SDIOx: Pointer to SDIO register base
 213:Drivers/STM32F4xx_HAL_Driver/Src/stm32f4xx_ll_sdmmc.c ****   * @param  Init: SDIO initialization structure   
 214:Drivers/STM32F4xx_HAL_Driver/Src/stm32f4xx_ll_sdmmc.c ****   * @retval HAL status
 215:Drivers/STM32F4xx_HAL_Driver/Src/stm32f4xx_ll_sdmmc.c ****   */
 216:Drivers/STM32F4xx_HAL_Driver/Src/stm32f4xx_ll_sdmmc.c **** HAL_StatusTypeDef SDIO_Init(SDIO_TypeDef *SDIOx, SDIO_InitTypeDef Init)
 217:Drivers/STM32F4xx_HAL_Driver/Src/stm32f4xx_ll_sdmmc.c **** {
  27              		.loc 1 217 0
  28              		.cfi_startproc
  29              		@ args = 28, pretend = 16, frame = 0
  30              		@ frame_needed = 0, uses_anonymous_args = 0
  31              	.LVL0:
  32 0000 84B0     		sub	sp, sp, #16
  33              	.LCFI0:
  34              		.cfi_def_cfa_offset 16
  35 0002 10B5     		push	{r4, lr}
  36              	.LCFI1:
  37              		.cfi_def_cfa_offset 24
  38              		.cfi_offset 4, -24
  39              		.cfi_offset 14, -20
  40              	.LVL1:
  41              		.loc 1 217 0
  42 0004 03AC     		add	r4, sp, #12
  43              	.LVL2:
  44 0006 84E80E00 		stmia	r4, {r1, r2, r3}
  45              	.LVL3:
 218:Drivers/STM32F4xx_HAL_Driver/Src/stm32f4xx_ll_sdmmc.c ****   uint32_t tmpreg = 0; 
 219:Drivers/STM32F4xx_HAL_Driver/Src/stm32f4xx_ll_sdmmc.c **** 
 220:Drivers/STM32F4xx_HAL_Driver/Src/stm32f4xx_ll_sdmmc.c ****   /* Check the parameters */
 221:Drivers/STM32F4xx_HAL_Driver/Src/stm32f4xx_ll_sdmmc.c ****   assert_param(IS_SDIO_ALL_INSTANCE(SDIOx));
 222:Drivers/STM32F4xx_HAL_Driver/Src/stm32f4xx_ll_sdmmc.c ****   assert_param(IS_SDIO_CLOCK_EDGE(Init.ClockEdge)); 
 223:Drivers/STM32F4xx_HAL_Driver/Src/stm32f4xx_ll_sdmmc.c ****   assert_param(IS_SDIO_CLOCK_BYPASS(Init.ClockBypass));
 224:Drivers/STM32F4xx_HAL_Driver/Src/stm32f4xx_ll_sdmmc.c ****   assert_param(IS_SDIO_CLOCK_POWER_SAVE(Init.ClockPowerSave));
 225:Drivers/STM32F4xx_HAL_Driver/Src/stm32f4xx_ll_sdmmc.c ****   assert_param(IS_SDIO_BUS_WIDE(Init.BusWide));
 226:Drivers/STM32F4xx_HAL_Driver/Src/stm32f4xx_ll_sdmmc.c ****   assert_param(IS_SDIO_HARDWARE_FLOW_CONTROL(Init.HardwareFlowControl));
 227:Drivers/STM32F4xx_HAL_Driver/Src/stm32f4xx_ll_sdmmc.c ****   assert_param(IS_SDIO_CLKDIV(Init.ClockDiv));
 228:Drivers/STM32F4xx_HAL_Driver/Src/stm32f4xx_ll_sdmmc.c ****   
 229:Drivers/STM32F4xx_HAL_Driver/Src/stm32f4xx_ll_sdmmc.c ****   /* Set SDIO configuration parameters */
 230:Drivers/STM32F4xx_HAL_Driver/Src/stm32f4xx_ll_sdmmc.c ****   tmpreg |= (Init.ClockEdge           |\
  46              		.loc 1 230 0
  47 000a 0A46     		mov	r2, r1
  48 000c 0499     		ldr	r1, [sp, #16]
 231:Drivers/STM32F4xx_HAL_Driver/Src/stm32f4xx_ll_sdmmc.c ****              Init.ClockBypass         |\
 232:Drivers/STM32F4xx_HAL_Driver/Src/stm32f4xx_ll_sdmmc.c ****              Init.ClockPowerSave      |\
 233:Drivers/STM32F4xx_HAL_Driver/Src/stm32f4xx_ll_sdmmc.c ****              Init.BusWide             |\
 234:Drivers/STM32F4xx_HAL_Driver/Src/stm32f4xx_ll_sdmmc.c ****              Init.HardwareFlowControl |\
 235:Drivers/STM32F4xx_HAL_Driver/Src/stm32f4xx_ll_sdmmc.c ****              Init.ClockDiv
 236:Drivers/STM32F4xx_HAL_Driver/Src/stm32f4xx_ll_sdmmc.c ****              ); 
 237:Drivers/STM32F4xx_HAL_Driver/Src/stm32f4xx_ll_sdmmc.c ****   
 238:Drivers/STM32F4xx_HAL_Driver/Src/stm32f4xx_ll_sdmmc.c ****   /* Write to SDIO CLKCR */
ARM GAS  /var/folders/19/rz7506jh8xn7x1006s6s574h0000gn/T//ccu0d7ih.s 			page 6


 239:Drivers/STM32F4xx_HAL_Driver/Src/stm32f4xx_ll_sdmmc.c ****   MODIFY_REG(SDIOx->CLKCR, CLKCR_CLEAR_MASK, tmpreg);  
  49              		.loc 1 239 0
  50 000e 4368     		ldr	r3, [r0, #4]
 230:Drivers/STM32F4xx_HAL_Driver/Src/stm32f4xx_ll_sdmmc.c ****   tmpreg |= (Init.ClockEdge           |\
  51              		.loc 1 230 0
  52 0010 1143     		orrs	r1, r1, r2
 231:Drivers/STM32F4xx_HAL_Driver/Src/stm32f4xx_ll_sdmmc.c ****              Init.ClockBypass         |\
  53              		.loc 1 231 0
  54 0012 059A     		ldr	r2, [sp, #20]
  55 0014 1143     		orrs	r1, r1, r2
 232:Drivers/STM32F4xx_HAL_Driver/Src/stm32f4xx_ll_sdmmc.c ****              Init.ClockPowerSave      |\
  56              		.loc 1 232 0
  57 0016 069A     		ldr	r2, [sp, #24]
  58 0018 1143     		orrs	r1, r1, r2
 233:Drivers/STM32F4xx_HAL_Driver/Src/stm32f4xx_ll_sdmmc.c ****              Init.BusWide             |\
  59              		.loc 1 233 0
  60 001a 079A     		ldr	r2, [sp, #28]
  61 001c 1143     		orrs	r1, r1, r2
 234:Drivers/STM32F4xx_HAL_Driver/Src/stm32f4xx_ll_sdmmc.c ****              Init.HardwareFlowControl |\
  62              		.loc 1 234 0
  63 001e 089A     		ldr	r2, [sp, #32]
 240:Drivers/STM32F4xx_HAL_Driver/Src/stm32f4xx_ll_sdmmc.c **** 
 241:Drivers/STM32F4xx_HAL_Driver/Src/stm32f4xx_ll_sdmmc.c ****   return HAL_OK;
 242:Drivers/STM32F4xx_HAL_Driver/Src/stm32f4xx_ll_sdmmc.c **** }
  64              		.loc 1 242 0
  65 0020 BDE81040 		pop	{r4, lr}
 239:Drivers/STM32F4xx_HAL_Driver/Src/stm32f4xx_ll_sdmmc.c ****   MODIFY_REG(SDIOx->CLKCR, CLKCR_CLEAR_MASK, tmpreg);  
  66              		.loc 1 239 0
  67 0024 23F4FD43 		bic	r3, r3, #32384
 234:Drivers/STM32F4xx_HAL_Driver/Src/stm32f4xx_ll_sdmmc.c ****              Init.HardwareFlowControl |\
  68              		.loc 1 234 0
  69 0028 0A43     		orrs	r2, r2, r1
 239:Drivers/STM32F4xx_HAL_Driver/Src/stm32f4xx_ll_sdmmc.c ****   MODIFY_REG(SDIOx->CLKCR, CLKCR_CLEAR_MASK, tmpreg);  
  70              		.loc 1 239 0
  71 002a 23F07F03 		bic	r3, r3, #127
  72 002e 1343     		orrs	r3, r3, r2
  73 0030 4360     		str	r3, [r0, #4]
  74              		.loc 1 242 0
  75 0032 04B0     		add	sp, sp, #16
  76 0034 0020     		movs	r0, #0
  77              	.LVL4:
  78 0036 7047     		bx	lr
  79              		.cfi_endproc
  80              	.LFE125:
  82              		.section	.text.SDIO_ReadFIFO,"ax",%progbits
  83              		.align	1
  84              		.global	SDIO_ReadFIFO
  85              		.thumb
  86              		.thumb_func
  88              	SDIO_ReadFIFO:
  89              	.LFB126:
 243:Drivers/STM32F4xx_HAL_Driver/Src/stm32f4xx_ll_sdmmc.c **** 
 244:Drivers/STM32F4xx_HAL_Driver/Src/stm32f4xx_ll_sdmmc.c **** /**
 245:Drivers/STM32F4xx_HAL_Driver/Src/stm32f4xx_ll_sdmmc.c ****   * @}
 246:Drivers/STM32F4xx_HAL_Driver/Src/stm32f4xx_ll_sdmmc.c ****   */
 247:Drivers/STM32F4xx_HAL_Driver/Src/stm32f4xx_ll_sdmmc.c **** 
 248:Drivers/STM32F4xx_HAL_Driver/Src/stm32f4xx_ll_sdmmc.c **** /** @defgroup HAL_SDMMC_LL_Group2 I/O operation functions 
ARM GAS  /var/folders/19/rz7506jh8xn7x1006s6s574h0000gn/T//ccu0d7ih.s 			page 7


 249:Drivers/STM32F4xx_HAL_Driver/Src/stm32f4xx_ll_sdmmc.c ****  *  @brief   Data transfers functions 
 250:Drivers/STM32F4xx_HAL_Driver/Src/stm32f4xx_ll_sdmmc.c ****  *
 251:Drivers/STM32F4xx_HAL_Driver/Src/stm32f4xx_ll_sdmmc.c **** @verbatim   
 252:Drivers/STM32F4xx_HAL_Driver/Src/stm32f4xx_ll_sdmmc.c ****  ===============================================================================
 253:Drivers/STM32F4xx_HAL_Driver/Src/stm32f4xx_ll_sdmmc.c ****                       ##### I/O operation functions #####
 254:Drivers/STM32F4xx_HAL_Driver/Src/stm32f4xx_ll_sdmmc.c ****  ===============================================================================  
 255:Drivers/STM32F4xx_HAL_Driver/Src/stm32f4xx_ll_sdmmc.c ****     [..]
 256:Drivers/STM32F4xx_HAL_Driver/Src/stm32f4xx_ll_sdmmc.c ****     This subsection provides a set of functions allowing to manage the SDIO data 
 257:Drivers/STM32F4xx_HAL_Driver/Src/stm32f4xx_ll_sdmmc.c ****     transfers.
 258:Drivers/STM32F4xx_HAL_Driver/Src/stm32f4xx_ll_sdmmc.c **** 
 259:Drivers/STM32F4xx_HAL_Driver/Src/stm32f4xx_ll_sdmmc.c **** @endverbatim
 260:Drivers/STM32F4xx_HAL_Driver/Src/stm32f4xx_ll_sdmmc.c ****   * @{
 261:Drivers/STM32F4xx_HAL_Driver/Src/stm32f4xx_ll_sdmmc.c ****   */
 262:Drivers/STM32F4xx_HAL_Driver/Src/stm32f4xx_ll_sdmmc.c **** 
 263:Drivers/STM32F4xx_HAL_Driver/Src/stm32f4xx_ll_sdmmc.c **** /**
 264:Drivers/STM32F4xx_HAL_Driver/Src/stm32f4xx_ll_sdmmc.c ****   * @brief  Read data (word) from Rx FIFO in blocking mode (polling) 
 265:Drivers/STM32F4xx_HAL_Driver/Src/stm32f4xx_ll_sdmmc.c ****   * @param  SDIOx: Pointer to SDIO register base
 266:Drivers/STM32F4xx_HAL_Driver/Src/stm32f4xx_ll_sdmmc.c ****   * @retval HAL status
 267:Drivers/STM32F4xx_HAL_Driver/Src/stm32f4xx_ll_sdmmc.c ****   */
 268:Drivers/STM32F4xx_HAL_Driver/Src/stm32f4xx_ll_sdmmc.c **** uint32_t SDIO_ReadFIFO(SDIO_TypeDef *SDIOx)
 269:Drivers/STM32F4xx_HAL_Driver/Src/stm32f4xx_ll_sdmmc.c **** {
  90              		.loc 1 269 0
  91              		.cfi_startproc
  92              		@ args = 0, pretend = 0, frame = 0
  93              		@ frame_needed = 0, uses_anonymous_args = 0
  94              		@ link register save eliminated.
  95              	.LVL5:
 270:Drivers/STM32F4xx_HAL_Driver/Src/stm32f4xx_ll_sdmmc.c ****   /* Read data from Rx FIFO */ 
 271:Drivers/STM32F4xx_HAL_Driver/Src/stm32f4xx_ll_sdmmc.c ****   return (SDIOx->FIFO);
  96              		.loc 1 271 0
  97 0000 D0F88000 		ldr	r0, [r0, #128]
  98              	.LVL6:
 272:Drivers/STM32F4xx_HAL_Driver/Src/stm32f4xx_ll_sdmmc.c **** }
  99              		.loc 1 272 0
 100 0004 7047     		bx	lr
 101              		.cfi_endproc
 102              	.LFE126:
 104              		.section	.text.SDIO_WriteFIFO,"ax",%progbits
 105              		.align	1
 106              		.global	SDIO_WriteFIFO
 107              		.thumb
 108              		.thumb_func
 110              	SDIO_WriteFIFO:
 111              	.LFB127:
 273:Drivers/STM32F4xx_HAL_Driver/Src/stm32f4xx_ll_sdmmc.c **** 
 274:Drivers/STM32F4xx_HAL_Driver/Src/stm32f4xx_ll_sdmmc.c **** /**
 275:Drivers/STM32F4xx_HAL_Driver/Src/stm32f4xx_ll_sdmmc.c ****   * @brief  Write data (word) to Tx FIFO in blocking mode (polling) 
 276:Drivers/STM32F4xx_HAL_Driver/Src/stm32f4xx_ll_sdmmc.c ****   * @param  SDIOx: Pointer to SDIO register base
 277:Drivers/STM32F4xx_HAL_Driver/Src/stm32f4xx_ll_sdmmc.c ****   * @param  pWriteData: pointer to data to write
 278:Drivers/STM32F4xx_HAL_Driver/Src/stm32f4xx_ll_sdmmc.c ****   * @retval HAL status
 279:Drivers/STM32F4xx_HAL_Driver/Src/stm32f4xx_ll_sdmmc.c ****   */
 280:Drivers/STM32F4xx_HAL_Driver/Src/stm32f4xx_ll_sdmmc.c **** HAL_StatusTypeDef SDIO_WriteFIFO(SDIO_TypeDef *SDIOx, uint32_t *pWriteData)
 281:Drivers/STM32F4xx_HAL_Driver/Src/stm32f4xx_ll_sdmmc.c **** { 
 112              		.loc 1 281 0
 113              		.cfi_startproc
 114              		@ args = 0, pretend = 0, frame = 0
 115              		@ frame_needed = 0, uses_anonymous_args = 0
ARM GAS  /var/folders/19/rz7506jh8xn7x1006s6s574h0000gn/T//ccu0d7ih.s 			page 8


 116              		@ link register save eliminated.
 117              	.LVL7:
 282:Drivers/STM32F4xx_HAL_Driver/Src/stm32f4xx_ll_sdmmc.c ****   /* Write data to FIFO */ 
 283:Drivers/STM32F4xx_HAL_Driver/Src/stm32f4xx_ll_sdmmc.c ****   SDIOx->FIFO = *pWriteData;
 118              		.loc 1 283 0
 119 0000 0B68     		ldr	r3, [r1]
 120 0002 C0F88030 		str	r3, [r0, #128]
 284:Drivers/STM32F4xx_HAL_Driver/Src/stm32f4xx_ll_sdmmc.c **** 
 285:Drivers/STM32F4xx_HAL_Driver/Src/stm32f4xx_ll_sdmmc.c ****   return HAL_OK;
 286:Drivers/STM32F4xx_HAL_Driver/Src/stm32f4xx_ll_sdmmc.c **** }
 121              		.loc 1 286 0
 122 0006 0020     		movs	r0, #0
 123              	.LVL8:
 124 0008 7047     		bx	lr
 125              		.cfi_endproc
 126              	.LFE127:
 128              		.section	.text.SDIO_PowerState_ON,"ax",%progbits
 129              		.align	1
 130              		.global	SDIO_PowerState_ON
 131              		.thumb
 132              		.thumb_func
 134              	SDIO_PowerState_ON:
 135              	.LFB128:
 287:Drivers/STM32F4xx_HAL_Driver/Src/stm32f4xx_ll_sdmmc.c **** 
 288:Drivers/STM32F4xx_HAL_Driver/Src/stm32f4xx_ll_sdmmc.c **** /**
 289:Drivers/STM32F4xx_HAL_Driver/Src/stm32f4xx_ll_sdmmc.c ****   * @}
 290:Drivers/STM32F4xx_HAL_Driver/Src/stm32f4xx_ll_sdmmc.c ****   */
 291:Drivers/STM32F4xx_HAL_Driver/Src/stm32f4xx_ll_sdmmc.c **** 
 292:Drivers/STM32F4xx_HAL_Driver/Src/stm32f4xx_ll_sdmmc.c **** /** @defgroup HAL_SDMMC_LL_Group3 Peripheral Control functions 
 293:Drivers/STM32F4xx_HAL_Driver/Src/stm32f4xx_ll_sdmmc.c ****  *  @brief   management functions 
 294:Drivers/STM32F4xx_HAL_Driver/Src/stm32f4xx_ll_sdmmc.c ****  *
 295:Drivers/STM32F4xx_HAL_Driver/Src/stm32f4xx_ll_sdmmc.c **** @verbatim   
 296:Drivers/STM32F4xx_HAL_Driver/Src/stm32f4xx_ll_sdmmc.c ****  ===============================================================================
 297:Drivers/STM32F4xx_HAL_Driver/Src/stm32f4xx_ll_sdmmc.c ****                       ##### Peripheral Control functions #####
 298:Drivers/STM32F4xx_HAL_Driver/Src/stm32f4xx_ll_sdmmc.c ****  ===============================================================================  
 299:Drivers/STM32F4xx_HAL_Driver/Src/stm32f4xx_ll_sdmmc.c ****     [..]
 300:Drivers/STM32F4xx_HAL_Driver/Src/stm32f4xx_ll_sdmmc.c ****     This subsection provides a set of functions allowing to control the SDIO data 
 301:Drivers/STM32F4xx_HAL_Driver/Src/stm32f4xx_ll_sdmmc.c ****     transfers.
 302:Drivers/STM32F4xx_HAL_Driver/Src/stm32f4xx_ll_sdmmc.c **** 
 303:Drivers/STM32F4xx_HAL_Driver/Src/stm32f4xx_ll_sdmmc.c **** @endverbatim
 304:Drivers/STM32F4xx_HAL_Driver/Src/stm32f4xx_ll_sdmmc.c ****   * @{
 305:Drivers/STM32F4xx_HAL_Driver/Src/stm32f4xx_ll_sdmmc.c ****   */
 306:Drivers/STM32F4xx_HAL_Driver/Src/stm32f4xx_ll_sdmmc.c **** 
 307:Drivers/STM32F4xx_HAL_Driver/Src/stm32f4xx_ll_sdmmc.c **** /**
 308:Drivers/STM32F4xx_HAL_Driver/Src/stm32f4xx_ll_sdmmc.c ****   * @brief  Set SDIO Power state to ON. 
 309:Drivers/STM32F4xx_HAL_Driver/Src/stm32f4xx_ll_sdmmc.c ****   * @param  SDIOx: Pointer to SDIO register base
 310:Drivers/STM32F4xx_HAL_Driver/Src/stm32f4xx_ll_sdmmc.c ****   * @retval HAL status
 311:Drivers/STM32F4xx_HAL_Driver/Src/stm32f4xx_ll_sdmmc.c ****   */
 312:Drivers/STM32F4xx_HAL_Driver/Src/stm32f4xx_ll_sdmmc.c **** HAL_StatusTypeDef SDIO_PowerState_ON(SDIO_TypeDef *SDIOx)
 313:Drivers/STM32F4xx_HAL_Driver/Src/stm32f4xx_ll_sdmmc.c **** {  
 136              		.loc 1 313 0
 137              		.cfi_startproc
 138              		@ args = 0, pretend = 0, frame = 0
 139              		@ frame_needed = 0, uses_anonymous_args = 0
 140              		@ link register save eliminated.
 141              	.LVL9:
 314:Drivers/STM32F4xx_HAL_Driver/Src/stm32f4xx_ll_sdmmc.c ****   /* Set power state to ON */ 
ARM GAS  /var/folders/19/rz7506jh8xn7x1006s6s574h0000gn/T//ccu0d7ih.s 			page 9


 315:Drivers/STM32F4xx_HAL_Driver/Src/stm32f4xx_ll_sdmmc.c ****   SDIOx->POWER = SDIO_POWER_PWRCTRL;
 142              		.loc 1 315 0
 143 0000 0323     		movs	r3, #3
 144 0002 0360     		str	r3, [r0]
 316:Drivers/STM32F4xx_HAL_Driver/Src/stm32f4xx_ll_sdmmc.c ****   
 317:Drivers/STM32F4xx_HAL_Driver/Src/stm32f4xx_ll_sdmmc.c ****   return HAL_OK; 
 318:Drivers/STM32F4xx_HAL_Driver/Src/stm32f4xx_ll_sdmmc.c **** }
 145              		.loc 1 318 0
 146 0004 0020     		movs	r0, #0
 147              	.LVL10:
 148 0006 7047     		bx	lr
 149              		.cfi_endproc
 150              	.LFE128:
 152              		.section	.text.SDIO_PowerState_OFF,"ax",%progbits
 153              		.align	1
 154              		.global	SDIO_PowerState_OFF
 155              		.thumb
 156              		.thumb_func
 158              	SDIO_PowerState_OFF:
 159              	.LFB129:
 319:Drivers/STM32F4xx_HAL_Driver/Src/stm32f4xx_ll_sdmmc.c **** 
 320:Drivers/STM32F4xx_HAL_Driver/Src/stm32f4xx_ll_sdmmc.c **** /**
 321:Drivers/STM32F4xx_HAL_Driver/Src/stm32f4xx_ll_sdmmc.c ****   * @brief  Set SDIO Power state to OFF. 
 322:Drivers/STM32F4xx_HAL_Driver/Src/stm32f4xx_ll_sdmmc.c ****   * @param  SDIOx: Pointer to SDIO register base
 323:Drivers/STM32F4xx_HAL_Driver/Src/stm32f4xx_ll_sdmmc.c ****   * @retval HAL status
 324:Drivers/STM32F4xx_HAL_Driver/Src/stm32f4xx_ll_sdmmc.c ****   */
 325:Drivers/STM32F4xx_HAL_Driver/Src/stm32f4xx_ll_sdmmc.c **** HAL_StatusTypeDef SDIO_PowerState_OFF(SDIO_TypeDef *SDIOx)
 326:Drivers/STM32F4xx_HAL_Driver/Src/stm32f4xx_ll_sdmmc.c **** {
 160              		.loc 1 326 0
 161              		.cfi_startproc
 162              		@ args = 0, pretend = 0, frame = 0
 163              		@ frame_needed = 0, uses_anonymous_args = 0
 164              		@ link register save eliminated.
 165              	.LVL11:
 327:Drivers/STM32F4xx_HAL_Driver/Src/stm32f4xx_ll_sdmmc.c ****   /* Set power state to OFF */
 328:Drivers/STM32F4xx_HAL_Driver/Src/stm32f4xx_ll_sdmmc.c ****   SDIOx->POWER = (uint32_t)0x00000000;
 166              		.loc 1 328 0
 167 0000 0023     		movs	r3, #0
 168 0002 0360     		str	r3, [r0]
 329:Drivers/STM32F4xx_HAL_Driver/Src/stm32f4xx_ll_sdmmc.c ****   
 330:Drivers/STM32F4xx_HAL_Driver/Src/stm32f4xx_ll_sdmmc.c ****   return HAL_OK;
 331:Drivers/STM32F4xx_HAL_Driver/Src/stm32f4xx_ll_sdmmc.c **** }
 169              		.loc 1 331 0
 170 0004 1846     		mov	r0, r3
 171              	.LVL12:
 172 0006 7047     		bx	lr
 173              		.cfi_endproc
 174              	.LFE129:
 176              		.section	.text.SDIO_GetPowerState,"ax",%progbits
 177              		.align	1
 178              		.global	SDIO_GetPowerState
 179              		.thumb
 180              		.thumb_func
 182              	SDIO_GetPowerState:
 183              	.LFB130:
 332:Drivers/STM32F4xx_HAL_Driver/Src/stm32f4xx_ll_sdmmc.c **** 
 333:Drivers/STM32F4xx_HAL_Driver/Src/stm32f4xx_ll_sdmmc.c **** /**
ARM GAS  /var/folders/19/rz7506jh8xn7x1006s6s574h0000gn/T//ccu0d7ih.s 			page 10


 334:Drivers/STM32F4xx_HAL_Driver/Src/stm32f4xx_ll_sdmmc.c ****   * @brief  Get SDIO Power state. 
 335:Drivers/STM32F4xx_HAL_Driver/Src/stm32f4xx_ll_sdmmc.c ****   * @param  SDIOx: Pointer to SDIO register base
 336:Drivers/STM32F4xx_HAL_Driver/Src/stm32f4xx_ll_sdmmc.c ****   * @retval Power status of the controller. The returned value can be one of the 
 337:Drivers/STM32F4xx_HAL_Driver/Src/stm32f4xx_ll_sdmmc.c ****   *         following values:
 338:Drivers/STM32F4xx_HAL_Driver/Src/stm32f4xx_ll_sdmmc.c ****   *            - 0x00: Power OFF
 339:Drivers/STM32F4xx_HAL_Driver/Src/stm32f4xx_ll_sdmmc.c ****   *            - 0x02: Power UP
 340:Drivers/STM32F4xx_HAL_Driver/Src/stm32f4xx_ll_sdmmc.c ****   *            - 0x03: Power ON 
 341:Drivers/STM32F4xx_HAL_Driver/Src/stm32f4xx_ll_sdmmc.c ****   */
 342:Drivers/STM32F4xx_HAL_Driver/Src/stm32f4xx_ll_sdmmc.c **** uint32_t SDIO_GetPowerState(SDIO_TypeDef *SDIOx)  
 343:Drivers/STM32F4xx_HAL_Driver/Src/stm32f4xx_ll_sdmmc.c **** {
 184              		.loc 1 343 0
 185              		.cfi_startproc
 186              		@ args = 0, pretend = 0, frame = 0
 187              		@ frame_needed = 0, uses_anonymous_args = 0
 188              		@ link register save eliminated.
 189              	.LVL13:
 344:Drivers/STM32F4xx_HAL_Driver/Src/stm32f4xx_ll_sdmmc.c ****   return (SDIOx->POWER & SDIO_POWER_PWRCTRL);
 190              		.loc 1 344 0
 191 0000 0068     		ldr	r0, [r0]
 192              	.LVL14:
 345:Drivers/STM32F4xx_HAL_Driver/Src/stm32f4xx_ll_sdmmc.c **** }
 193              		.loc 1 345 0
 194 0002 00F00300 		and	r0, r0, #3
 195 0006 7047     		bx	lr
 196              		.cfi_endproc
 197              	.LFE130:
 199              		.section	.text.SDIO_SendCommand,"ax",%progbits
 200              		.align	1
 201              		.global	SDIO_SendCommand
 202              		.thumb
 203              		.thumb_func
 205              	SDIO_SendCommand:
 206              	.LFB131:
 346:Drivers/STM32F4xx_HAL_Driver/Src/stm32f4xx_ll_sdmmc.c **** 
 347:Drivers/STM32F4xx_HAL_Driver/Src/stm32f4xx_ll_sdmmc.c **** /**
 348:Drivers/STM32F4xx_HAL_Driver/Src/stm32f4xx_ll_sdmmc.c ****   * @brief  Configure the SDIO command path according to the specified parameters in
 349:Drivers/STM32F4xx_HAL_Driver/Src/stm32f4xx_ll_sdmmc.c ****   *         SDIO_CmdInitTypeDef structure and send the command 
 350:Drivers/STM32F4xx_HAL_Driver/Src/stm32f4xx_ll_sdmmc.c ****   * @param  SDIOx: Pointer to SDIO register base
 351:Drivers/STM32F4xx_HAL_Driver/Src/stm32f4xx_ll_sdmmc.c ****   * @param  SDIO_CmdInitStruct: pointer to a SDIO_CmdInitTypeDef structure that contains 
 352:Drivers/STM32F4xx_HAL_Driver/Src/stm32f4xx_ll_sdmmc.c ****   *         the configuration information for the SDIO command
 353:Drivers/STM32F4xx_HAL_Driver/Src/stm32f4xx_ll_sdmmc.c ****   * @retval HAL status
 354:Drivers/STM32F4xx_HAL_Driver/Src/stm32f4xx_ll_sdmmc.c ****   */
 355:Drivers/STM32F4xx_HAL_Driver/Src/stm32f4xx_ll_sdmmc.c **** HAL_StatusTypeDef SDIO_SendCommand(SDIO_TypeDef *SDIOx, SDIO_CmdInitTypeDef *SDIO_CmdInitStruct)
 356:Drivers/STM32F4xx_HAL_Driver/Src/stm32f4xx_ll_sdmmc.c **** {
 207              		.loc 1 356 0
 208              		.cfi_startproc
 209              		@ args = 0, pretend = 0, frame = 0
 210              		@ frame_needed = 0, uses_anonymous_args = 0
 211              	.LVL15:
 357:Drivers/STM32F4xx_HAL_Driver/Src/stm32f4xx_ll_sdmmc.c ****   uint32_t tmpreg = 0;
 358:Drivers/STM32F4xx_HAL_Driver/Src/stm32f4xx_ll_sdmmc.c ****   
 359:Drivers/STM32F4xx_HAL_Driver/Src/stm32f4xx_ll_sdmmc.c ****   /* Check the parameters */
 360:Drivers/STM32F4xx_HAL_Driver/Src/stm32f4xx_ll_sdmmc.c ****   assert_param(IS_SDIO_CMD_INDEX(SDIO_CmdInitStruct->CmdIndex));
 361:Drivers/STM32F4xx_HAL_Driver/Src/stm32f4xx_ll_sdmmc.c ****   assert_param(IS_SDIO_RESPONSE(SDIO_CmdInitStruct->Response));
 362:Drivers/STM32F4xx_HAL_Driver/Src/stm32f4xx_ll_sdmmc.c ****   assert_param(IS_SDIO_WAIT(SDIO_CmdInitStruct->WaitForInterrupt));
 363:Drivers/STM32F4xx_HAL_Driver/Src/stm32f4xx_ll_sdmmc.c ****   assert_param(IS_SDIO_CPSM(SDIO_CmdInitStruct->CPSM));
 364:Drivers/STM32F4xx_HAL_Driver/Src/stm32f4xx_ll_sdmmc.c **** 
ARM GAS  /var/folders/19/rz7506jh8xn7x1006s6s574h0000gn/T//ccu0d7ih.s 			page 11


 365:Drivers/STM32F4xx_HAL_Driver/Src/stm32f4xx_ll_sdmmc.c ****   /* Set the SDIO Argument value */
 366:Drivers/STM32F4xx_HAL_Driver/Src/stm32f4xx_ll_sdmmc.c ****   SDIOx->ARG = SDIO_CmdInitStruct->Argument;
 212              		.loc 1 366 0
 213 0000 0B68     		ldr	r3, [r1]
 367:Drivers/STM32F4xx_HAL_Driver/Src/stm32f4xx_ll_sdmmc.c **** 
 368:Drivers/STM32F4xx_HAL_Driver/Src/stm32f4xx_ll_sdmmc.c ****   /* Set SDIO command parameters */
 369:Drivers/STM32F4xx_HAL_Driver/Src/stm32f4xx_ll_sdmmc.c ****   tmpreg |= (uint32_t)(SDIO_CmdInitStruct->CmdIndex         |\
 214              		.loc 1 369 0
 215 0002 4A68     		ldr	r2, [r1, #4]
 356:Drivers/STM32F4xx_HAL_Driver/Src/stm32f4xx_ll_sdmmc.c **** {
 216              		.loc 1 356 0
 217 0004 10B5     		push	{r4, lr}
 218              	.LCFI2:
 219              		.cfi_def_cfa_offset 8
 220              		.cfi_offset 4, -8
 221              		.cfi_offset 14, -4
 222              		.loc 1 369 0
 223 0006 8C68     		ldr	r4, [r1, #8]
 366:Drivers/STM32F4xx_HAL_Driver/Src/stm32f4xx_ll_sdmmc.c ****   SDIOx->ARG = SDIO_CmdInitStruct->Argument;
 224              		.loc 1 366 0
 225 0008 8360     		str	r3, [r0, #8]
 226              	.LVL16:
 370:Drivers/STM32F4xx_HAL_Driver/Src/stm32f4xx_ll_sdmmc.c ****                        SDIO_CmdInitStruct->Response         |\
 371:Drivers/STM32F4xx_HAL_Driver/Src/stm32f4xx_ll_sdmmc.c ****                        SDIO_CmdInitStruct->WaitForInterrupt |\
 372:Drivers/STM32F4xx_HAL_Driver/Src/stm32f4xx_ll_sdmmc.c ****                        SDIO_CmdInitStruct->CPSM);
 373:Drivers/STM32F4xx_HAL_Driver/Src/stm32f4xx_ll_sdmmc.c ****   
 374:Drivers/STM32F4xx_HAL_Driver/Src/stm32f4xx_ll_sdmmc.c ****   /* Write to SDIO CMD register */
 375:Drivers/STM32F4xx_HAL_Driver/Src/stm32f4xx_ll_sdmmc.c ****   MODIFY_REG(SDIOx->CMD, CMD_CLEAR_MASK, tmpreg); 
 227              		.loc 1 375 0
 228 000a C368     		ldr	r3, [r0, #12]
 369:Drivers/STM32F4xx_HAL_Driver/Src/stm32f4xx_ll_sdmmc.c ****   tmpreg |= (uint32_t)(SDIO_CmdInitStruct->CmdIndex         |\
 229              		.loc 1 369 0
 230 000c 1443     		orrs	r4, r4, r2
 370:Drivers/STM32F4xx_HAL_Driver/Src/stm32f4xx_ll_sdmmc.c ****                        SDIO_CmdInitStruct->Response         |\
 231              		.loc 1 370 0
 232 000e CA68     		ldr	r2, [r1, #12]
 369:Drivers/STM32F4xx_HAL_Driver/Src/stm32f4xx_ll_sdmmc.c ****   tmpreg |= (uint32_t)(SDIO_CmdInitStruct->CmdIndex         |\
 233              		.loc 1 369 0
 234 0010 0969     		ldr	r1, [r1, #16]
 235              	.LVL17:
 370:Drivers/STM32F4xx_HAL_Driver/Src/stm32f4xx_ll_sdmmc.c ****                        SDIO_CmdInitStruct->Response         |\
 236              		.loc 1 370 0
 237 0012 2243     		orrs	r2, r2, r4
 238              	.LVL18:
 239              		.loc 1 375 0
 240 0014 23F47F63 		bic	r3, r3, #4080
 369:Drivers/STM32F4xx_HAL_Driver/Src/stm32f4xx_ll_sdmmc.c ****   tmpreg |= (uint32_t)(SDIO_CmdInitStruct->CmdIndex         |\
 241              		.loc 1 369 0
 242 0018 0A43     		orrs	r2, r2, r1
 243              		.loc 1 375 0
 244 001a 23F00F03 		bic	r3, r3, #15
 245 001e 1343     		orrs	r3, r3, r2
 246 0020 C360     		str	r3, [r0, #12]
 247              	.LVL19:
 376:Drivers/STM32F4xx_HAL_Driver/Src/stm32f4xx_ll_sdmmc.c ****   
 377:Drivers/STM32F4xx_HAL_Driver/Src/stm32f4xx_ll_sdmmc.c ****   return HAL_OK;  
 378:Drivers/STM32F4xx_HAL_Driver/Src/stm32f4xx_ll_sdmmc.c **** }
ARM GAS  /var/folders/19/rz7506jh8xn7x1006s6s574h0000gn/T//ccu0d7ih.s 			page 12


 248              		.loc 1 378 0
 249 0022 0020     		movs	r0, #0
 250              	.LVL20:
 251 0024 10BD     		pop	{r4, pc}
 252              		.cfi_endproc
 253              	.LFE131:
 255              		.section	.text.SDIO_GetCommandResponse,"ax",%progbits
 256              		.align	1
 257              		.global	SDIO_GetCommandResponse
 258              		.thumb
 259              		.thumb_func
 261              	SDIO_GetCommandResponse:
 262              	.LFB132:
 379:Drivers/STM32F4xx_HAL_Driver/Src/stm32f4xx_ll_sdmmc.c **** 
 380:Drivers/STM32F4xx_HAL_Driver/Src/stm32f4xx_ll_sdmmc.c **** /**
 381:Drivers/STM32F4xx_HAL_Driver/Src/stm32f4xx_ll_sdmmc.c ****   * @brief  Return the command index of last command for which response received
 382:Drivers/STM32F4xx_HAL_Driver/Src/stm32f4xx_ll_sdmmc.c ****   * @param  SDIOx: Pointer to SDIO register base
 383:Drivers/STM32F4xx_HAL_Driver/Src/stm32f4xx_ll_sdmmc.c ****   * @retval Command index of the last command response received
 384:Drivers/STM32F4xx_HAL_Driver/Src/stm32f4xx_ll_sdmmc.c ****   */
 385:Drivers/STM32F4xx_HAL_Driver/Src/stm32f4xx_ll_sdmmc.c **** uint8_t SDIO_GetCommandResponse(SDIO_TypeDef *SDIOx)
 386:Drivers/STM32F4xx_HAL_Driver/Src/stm32f4xx_ll_sdmmc.c **** {
 263              		.loc 1 386 0
 264              		.cfi_startproc
 265              		@ args = 0, pretend = 0, frame = 0
 266              		@ frame_needed = 0, uses_anonymous_args = 0
 267              		@ link register save eliminated.
 268              	.LVL21:
 387:Drivers/STM32F4xx_HAL_Driver/Src/stm32f4xx_ll_sdmmc.c ****   return (uint8_t)(SDIOx->RESPCMD);
 269              		.loc 1 387 0
 270 0000 0069     		ldr	r0, [r0, #16]
 271              	.LVL22:
 388:Drivers/STM32F4xx_HAL_Driver/Src/stm32f4xx_ll_sdmmc.c **** }
 272              		.loc 1 388 0
 273 0002 C0B2     		uxtb	r0, r0
 274 0004 7047     		bx	lr
 275              		.cfi_endproc
 276              	.LFE132:
 278              		.section	.text.SDIO_GetResponse,"ax",%progbits
 279              		.align	1
 280              		.global	SDIO_GetResponse
 281              		.thumb
 282              		.thumb_func
 284              	SDIO_GetResponse:
 285              	.LFB133:
 389:Drivers/STM32F4xx_HAL_Driver/Src/stm32f4xx_ll_sdmmc.c **** 
 390:Drivers/STM32F4xx_HAL_Driver/Src/stm32f4xx_ll_sdmmc.c **** 
 391:Drivers/STM32F4xx_HAL_Driver/Src/stm32f4xx_ll_sdmmc.c **** /**
 392:Drivers/STM32F4xx_HAL_Driver/Src/stm32f4xx_ll_sdmmc.c ****   * @brief  Return the response received from the card for the last command
 393:Drivers/STM32F4xx_HAL_Driver/Src/stm32f4xx_ll_sdmmc.c ****   * @param  SDIO_RESP: Specifies the SDIO response register. 
 394:Drivers/STM32F4xx_HAL_Driver/Src/stm32f4xx_ll_sdmmc.c ****   *          This parameter can be one of the following values:
 395:Drivers/STM32F4xx_HAL_Driver/Src/stm32f4xx_ll_sdmmc.c ****   *            @arg SDIO_RESP1: Response Register 1
 396:Drivers/STM32F4xx_HAL_Driver/Src/stm32f4xx_ll_sdmmc.c ****   *            @arg SDIO_RESP2: Response Register 2
 397:Drivers/STM32F4xx_HAL_Driver/Src/stm32f4xx_ll_sdmmc.c ****   *            @arg SDIO_RESP3: Response Register 3
 398:Drivers/STM32F4xx_HAL_Driver/Src/stm32f4xx_ll_sdmmc.c ****   *            @arg SDIO_RESP4: Response Register 4  
 399:Drivers/STM32F4xx_HAL_Driver/Src/stm32f4xx_ll_sdmmc.c ****   * @retval The Corresponding response register value
 400:Drivers/STM32F4xx_HAL_Driver/Src/stm32f4xx_ll_sdmmc.c ****   */
 401:Drivers/STM32F4xx_HAL_Driver/Src/stm32f4xx_ll_sdmmc.c **** uint32_t SDIO_GetResponse(uint32_t SDIO_RESP)
ARM GAS  /var/folders/19/rz7506jh8xn7x1006s6s574h0000gn/T//ccu0d7ih.s 			page 13


 402:Drivers/STM32F4xx_HAL_Driver/Src/stm32f4xx_ll_sdmmc.c **** {
 286              		.loc 1 402 0
 287              		.cfi_startproc
 288              		@ args = 0, pretend = 0, frame = 8
 289              		@ frame_needed = 0, uses_anonymous_args = 0
 290              		@ link register save eliminated.
 291              	.LVL23:
 292 0000 82B0     		sub	sp, sp, #8
 293              	.LCFI3:
 294              		.cfi_def_cfa_offset 8
 403:Drivers/STM32F4xx_HAL_Driver/Src/stm32f4xx_ll_sdmmc.c ****   __IO uint32_t tmp = 0;
 295              		.loc 1 403 0
 296 0002 0023     		movs	r3, #0
 297 0004 0193     		str	r3, [sp, #4]
 404:Drivers/STM32F4xx_HAL_Driver/Src/stm32f4xx_ll_sdmmc.c **** 
 405:Drivers/STM32F4xx_HAL_Driver/Src/stm32f4xx_ll_sdmmc.c ****   /* Check the parameters */
 406:Drivers/STM32F4xx_HAL_Driver/Src/stm32f4xx_ll_sdmmc.c ****   assert_param(IS_SDIO_RESP(SDIO_RESP));
 407:Drivers/STM32F4xx_HAL_Driver/Src/stm32f4xx_ll_sdmmc.c **** 
 408:Drivers/STM32F4xx_HAL_Driver/Src/stm32f4xx_ll_sdmmc.c ****   /* Get the response */
 409:Drivers/STM32F4xx_HAL_Driver/Src/stm32f4xx_ll_sdmmc.c ****   tmp = SDIO_RESP_ADDR + SDIO_RESP;
 298              		.loc 1 409 0
 299 0006 034B     		ldr	r3, .L10
 300 0008 0344     		add	r3, r3, r0
 301 000a 0193     		str	r3, [sp, #4]
 410:Drivers/STM32F4xx_HAL_Driver/Src/stm32f4xx_ll_sdmmc.c ****   
 411:Drivers/STM32F4xx_HAL_Driver/Src/stm32f4xx_ll_sdmmc.c ****   return (*(__IO uint32_t *) tmp);
 302              		.loc 1 411 0
 303 000c 019B     		ldr	r3, [sp, #4]
 304 000e 1868     		ldr	r0, [r3]
 305              	.LVL24:
 412:Drivers/STM32F4xx_HAL_Driver/Src/stm32f4xx_ll_sdmmc.c **** }  
 306              		.loc 1 412 0
 307 0010 02B0     		add	sp, sp, #8
 308              		@ sp needed
 309 0012 7047     		bx	lr
 310              	.L11:
 311              		.align	2
 312              	.L10:
 313 0014 142C0140 		.word	1073818644
 314              		.cfi_endproc
 315              	.LFE133:
 317              		.section	.text.SDIO_DataConfig,"ax",%progbits
 318              		.align	1
 319              		.global	SDIO_DataConfig
 320              		.thumb
 321              		.thumb_func
 323              	SDIO_DataConfig:
 324              	.LFB134:
 413:Drivers/STM32F4xx_HAL_Driver/Src/stm32f4xx_ll_sdmmc.c **** 
 414:Drivers/STM32F4xx_HAL_Driver/Src/stm32f4xx_ll_sdmmc.c **** /**
 415:Drivers/STM32F4xx_HAL_Driver/Src/stm32f4xx_ll_sdmmc.c ****   * @brief  Configure the SDIO data path according to the specified 
 416:Drivers/STM32F4xx_HAL_Driver/Src/stm32f4xx_ll_sdmmc.c ****   *         parameters in the SDIO_DataInitTypeDef.
 417:Drivers/STM32F4xx_HAL_Driver/Src/stm32f4xx_ll_sdmmc.c ****   * @param  SDIOx: Pointer to SDIO register base  
 418:Drivers/STM32F4xx_HAL_Driver/Src/stm32f4xx_ll_sdmmc.c ****   * @param  SDIO_DataInitStruct : pointer to a SDIO_DataInitTypeDef structure 
 419:Drivers/STM32F4xx_HAL_Driver/Src/stm32f4xx_ll_sdmmc.c ****   *         that contains the configuration information for the SDIO command.
 420:Drivers/STM32F4xx_HAL_Driver/Src/stm32f4xx_ll_sdmmc.c ****   * @retval HAL status
 421:Drivers/STM32F4xx_HAL_Driver/Src/stm32f4xx_ll_sdmmc.c ****   */
ARM GAS  /var/folders/19/rz7506jh8xn7x1006s6s574h0000gn/T//ccu0d7ih.s 			page 14


 422:Drivers/STM32F4xx_HAL_Driver/Src/stm32f4xx_ll_sdmmc.c **** HAL_StatusTypeDef SDIO_DataConfig(SDIO_TypeDef *SDIOx, SDIO_DataInitTypeDef* SDIO_DataInitStruct)
 423:Drivers/STM32F4xx_HAL_Driver/Src/stm32f4xx_ll_sdmmc.c **** {
 325              		.loc 1 423 0
 326              		.cfi_startproc
 327              		@ args = 0, pretend = 0, frame = 0
 328              		@ frame_needed = 0, uses_anonymous_args = 0
 329              	.LVL25:
 424:Drivers/STM32F4xx_HAL_Driver/Src/stm32f4xx_ll_sdmmc.c ****   uint32_t tmpreg = 0;
 425:Drivers/STM32F4xx_HAL_Driver/Src/stm32f4xx_ll_sdmmc.c ****   
 426:Drivers/STM32F4xx_HAL_Driver/Src/stm32f4xx_ll_sdmmc.c ****   /* Check the parameters */
 427:Drivers/STM32F4xx_HAL_Driver/Src/stm32f4xx_ll_sdmmc.c ****   assert_param(IS_SDIO_DATA_LENGTH(SDIO_DataInitStruct->DataLength));
 428:Drivers/STM32F4xx_HAL_Driver/Src/stm32f4xx_ll_sdmmc.c ****   assert_param(IS_SDIO_BLOCK_SIZE(SDIO_DataInitStruct->DataBlockSize));
 429:Drivers/STM32F4xx_HAL_Driver/Src/stm32f4xx_ll_sdmmc.c ****   assert_param(IS_SDIO_TRANSFER_DIR(SDIO_DataInitStruct->TransferDir));
 430:Drivers/STM32F4xx_HAL_Driver/Src/stm32f4xx_ll_sdmmc.c ****   assert_param(IS_SDIO_TRANSFER_MODE(SDIO_DataInitStruct->TransferMode));
 431:Drivers/STM32F4xx_HAL_Driver/Src/stm32f4xx_ll_sdmmc.c ****   assert_param(IS_SDIO_DPSM(SDIO_DataInitStruct->DPSM));
 432:Drivers/STM32F4xx_HAL_Driver/Src/stm32f4xx_ll_sdmmc.c **** 
 433:Drivers/STM32F4xx_HAL_Driver/Src/stm32f4xx_ll_sdmmc.c ****   /* Set the SDIO Data Timeout value */
 434:Drivers/STM32F4xx_HAL_Driver/Src/stm32f4xx_ll_sdmmc.c ****   SDIOx->DTIMER = SDIO_DataInitStruct->DataTimeOut;
 330              		.loc 1 434 0
 331 0000 0B68     		ldr	r3, [r1]
 435:Drivers/STM32F4xx_HAL_Driver/Src/stm32f4xx_ll_sdmmc.c **** 
 436:Drivers/STM32F4xx_HAL_Driver/Src/stm32f4xx_ll_sdmmc.c ****   /* Set the SDIO DataLength value */
 437:Drivers/STM32F4xx_HAL_Driver/Src/stm32f4xx_ll_sdmmc.c ****   SDIOx->DLEN = SDIO_DataInitStruct->DataLength;
 438:Drivers/STM32F4xx_HAL_Driver/Src/stm32f4xx_ll_sdmmc.c **** 
 439:Drivers/STM32F4xx_HAL_Driver/Src/stm32f4xx_ll_sdmmc.c ****   /* Set the SDIO data configuration parameters */
 440:Drivers/STM32F4xx_HAL_Driver/Src/stm32f4xx_ll_sdmmc.c ****   tmpreg |= (uint32_t)(SDIO_DataInitStruct->DataBlockSize |\
 332              		.loc 1 440 0
 333 0002 CA68     		ldr	r2, [r1, #12]
 423:Drivers/STM32F4xx_HAL_Driver/Src/stm32f4xx_ll_sdmmc.c **** {
 334              		.loc 1 423 0
 335 0004 10B5     		push	{r4, lr}
 336              	.LCFI4:
 337              		.cfi_def_cfa_offset 8
 338              		.cfi_offset 4, -8
 339              		.cfi_offset 14, -4
 434:Drivers/STM32F4xx_HAL_Driver/Src/stm32f4xx_ll_sdmmc.c ****   SDIOx->DTIMER = SDIO_DataInitStruct->DataTimeOut;
 340              		.loc 1 434 0
 341 0006 4362     		str	r3, [r0, #36]
 437:Drivers/STM32F4xx_HAL_Driver/Src/stm32f4xx_ll_sdmmc.c ****   SDIOx->DLEN = SDIO_DataInitStruct->DataLength;
 342              		.loc 1 437 0
 343 0008 4B68     		ldr	r3, [r1, #4]
 344 000a 8362     		str	r3, [r0, #40]
 345              	.LVL26:
 346              		.loc 1 440 0
 347 000c 8B68     		ldr	r3, [r1, #8]
 441:Drivers/STM32F4xx_HAL_Driver/Src/stm32f4xx_ll_sdmmc.c ****                        SDIO_DataInitStruct->TransferDir   |\
 442:Drivers/STM32F4xx_HAL_Driver/Src/stm32f4xx_ll_sdmmc.c ****                        SDIO_DataInitStruct->TransferMode  |\
 443:Drivers/STM32F4xx_HAL_Driver/Src/stm32f4xx_ll_sdmmc.c ****                        SDIO_DataInitStruct->DPSM);
 444:Drivers/STM32F4xx_HAL_Driver/Src/stm32f4xx_ll_sdmmc.c ****   
 445:Drivers/STM32F4xx_HAL_Driver/Src/stm32f4xx_ll_sdmmc.c ****   /* Write to SDIO DCTRL */
 446:Drivers/STM32F4xx_HAL_Driver/Src/stm32f4xx_ll_sdmmc.c ****   MODIFY_REG(SDIOx->DCTRL, DCTRL_CLEAR_MASK, tmpreg);
 348              		.loc 1 446 0
 349 000e C46A     		ldr	r4, [r0, #44]
 440:Drivers/STM32F4xx_HAL_Driver/Src/stm32f4xx_ll_sdmmc.c ****   tmpreg |= (uint32_t)(SDIO_DataInitStruct->DataBlockSize |\
 350              		.loc 1 440 0
 351 0010 1A43     		orrs	r2, r2, r3
 441:Drivers/STM32F4xx_HAL_Driver/Src/stm32f4xx_ll_sdmmc.c ****                        SDIO_DataInitStruct->TransferDir   |\
ARM GAS  /var/folders/19/rz7506jh8xn7x1006s6s574h0000gn/T//ccu0d7ih.s 			page 15


 352              		.loc 1 441 0
 353 0012 0B69     		ldr	r3, [r1, #16]
 440:Drivers/STM32F4xx_HAL_Driver/Src/stm32f4xx_ll_sdmmc.c ****   tmpreg |= (uint32_t)(SDIO_DataInitStruct->DataBlockSize |\
 354              		.loc 1 440 0
 355 0014 4969     		ldr	r1, [r1, #20]
 356              	.LVL27:
 441:Drivers/STM32F4xx_HAL_Driver/Src/stm32f4xx_ll_sdmmc.c ****                        SDIO_DataInitStruct->TransferDir   |\
 357              		.loc 1 441 0
 358 0016 1343     		orrs	r3, r3, r2
 359              	.LVL28:
 440:Drivers/STM32F4xx_HAL_Driver/Src/stm32f4xx_ll_sdmmc.c ****   tmpreg |= (uint32_t)(SDIO_DataInitStruct->DataBlockSize |\
 360              		.loc 1 440 0
 361 0018 0B43     		orrs	r3, r3, r1
 362              		.loc 1 446 0
 363 001a 24F0F701 		bic	r1, r4, #247
 364              	.LVL29:
 365 001e 0B43     		orrs	r3, r3, r1
 366 0020 C362     		str	r3, [r0, #44]
 367              	.LVL30:
 447:Drivers/STM32F4xx_HAL_Driver/Src/stm32f4xx_ll_sdmmc.c **** 
 448:Drivers/STM32F4xx_HAL_Driver/Src/stm32f4xx_ll_sdmmc.c ****   return HAL_OK;
 449:Drivers/STM32F4xx_HAL_Driver/Src/stm32f4xx_ll_sdmmc.c **** 
 450:Drivers/STM32F4xx_HAL_Driver/Src/stm32f4xx_ll_sdmmc.c **** }
 368              		.loc 1 450 0
 369 0022 0020     		movs	r0, #0
 370              	.LVL31:
 371 0024 10BD     		pop	{r4, pc}
 372              		.cfi_endproc
 373              	.LFE134:
 375              		.section	.text.SDIO_GetDataCounter,"ax",%progbits
 376              		.align	1
 377              		.global	SDIO_GetDataCounter
 378              		.thumb
 379              		.thumb_func
 381              	SDIO_GetDataCounter:
 382              	.LFB135:
 451:Drivers/STM32F4xx_HAL_Driver/Src/stm32f4xx_ll_sdmmc.c **** 
 452:Drivers/STM32F4xx_HAL_Driver/Src/stm32f4xx_ll_sdmmc.c **** /**
 453:Drivers/STM32F4xx_HAL_Driver/Src/stm32f4xx_ll_sdmmc.c ****   * @brief  Returns number of remaining data bytes to be transferred.
 454:Drivers/STM32F4xx_HAL_Driver/Src/stm32f4xx_ll_sdmmc.c ****   * @param  SDIOx: Pointer to SDIO register base
 455:Drivers/STM32F4xx_HAL_Driver/Src/stm32f4xx_ll_sdmmc.c ****   * @retval Number of remaining data bytes to be transferred
 456:Drivers/STM32F4xx_HAL_Driver/Src/stm32f4xx_ll_sdmmc.c ****   */
 457:Drivers/STM32F4xx_HAL_Driver/Src/stm32f4xx_ll_sdmmc.c **** uint32_t SDIO_GetDataCounter(SDIO_TypeDef *SDIOx)
 458:Drivers/STM32F4xx_HAL_Driver/Src/stm32f4xx_ll_sdmmc.c **** {
 383              		.loc 1 458 0
 384              		.cfi_startproc
 385              		@ args = 0, pretend = 0, frame = 0
 386              		@ frame_needed = 0, uses_anonymous_args = 0
 387              		@ link register save eliminated.
 388              	.LVL32:
 459:Drivers/STM32F4xx_HAL_Driver/Src/stm32f4xx_ll_sdmmc.c ****   return (SDIOx->DCOUNT);
 389              		.loc 1 459 0
 390 0000 006B     		ldr	r0, [r0, #48]
 391              	.LVL33:
 460:Drivers/STM32F4xx_HAL_Driver/Src/stm32f4xx_ll_sdmmc.c **** }
 392              		.loc 1 460 0
 393 0002 7047     		bx	lr
ARM GAS  /var/folders/19/rz7506jh8xn7x1006s6s574h0000gn/T//ccu0d7ih.s 			page 16


 394              		.cfi_endproc
 395              	.LFE135:
 397              		.section	.text.SDIO_GetFIFOCount,"ax",%progbits
 398              		.align	1
 399              		.global	SDIO_GetFIFOCount
 400              		.thumb
 401              		.thumb_func
 403              	SDIO_GetFIFOCount:
 404              	.LFB136:
 461:Drivers/STM32F4xx_HAL_Driver/Src/stm32f4xx_ll_sdmmc.c **** 
 462:Drivers/STM32F4xx_HAL_Driver/Src/stm32f4xx_ll_sdmmc.c **** /**
 463:Drivers/STM32F4xx_HAL_Driver/Src/stm32f4xx_ll_sdmmc.c ****   * @brief  Get the FIFO data
 464:Drivers/STM32F4xx_HAL_Driver/Src/stm32f4xx_ll_sdmmc.c ****   * @param  SDIOx: Pointer to SDIO register base 
 465:Drivers/STM32F4xx_HAL_Driver/Src/stm32f4xx_ll_sdmmc.c ****   * @retval Data received
 466:Drivers/STM32F4xx_HAL_Driver/Src/stm32f4xx_ll_sdmmc.c ****   */
 467:Drivers/STM32F4xx_HAL_Driver/Src/stm32f4xx_ll_sdmmc.c **** uint32_t SDIO_GetFIFOCount(SDIO_TypeDef *SDIOx)
 468:Drivers/STM32F4xx_HAL_Driver/Src/stm32f4xx_ll_sdmmc.c **** {
 405              		.loc 1 468 0
 406              		.cfi_startproc
 407              		@ args = 0, pretend = 0, frame = 0
 408              		@ frame_needed = 0, uses_anonymous_args = 0
 409              		@ link register save eliminated.
 410              	.LVL34:
 469:Drivers/STM32F4xx_HAL_Driver/Src/stm32f4xx_ll_sdmmc.c ****   return (SDIOx->FIFO);
 411              		.loc 1 469 0
 412 0000 D0F88000 		ldr	r0, [r0, #128]
 413              	.LVL35:
 470:Drivers/STM32F4xx_HAL_Driver/Src/stm32f4xx_ll_sdmmc.c **** }
 414              		.loc 1 470 0
 415 0004 7047     		bx	lr
 416              		.cfi_endproc
 417              	.LFE136:
 419              		.section	.text.SDIO_SetSDIOReadWaitMode,"ax",%progbits
 420              		.align	1
 421              		.global	SDIO_SetSDIOReadWaitMode
 422              		.thumb
 423              		.thumb_func
 425              	SDIO_SetSDIOReadWaitMode:
 426              	.LFB137:
 471:Drivers/STM32F4xx_HAL_Driver/Src/stm32f4xx_ll_sdmmc.c **** 
 472:Drivers/STM32F4xx_HAL_Driver/Src/stm32f4xx_ll_sdmmc.c **** 
 473:Drivers/STM32F4xx_HAL_Driver/Src/stm32f4xx_ll_sdmmc.c **** /**
 474:Drivers/STM32F4xx_HAL_Driver/Src/stm32f4xx_ll_sdmmc.c ****   * @brief  Sets one of the two options of inserting read wait interval.
 475:Drivers/STM32F4xx_HAL_Driver/Src/stm32f4xx_ll_sdmmc.c ****   * @param  SDIO_ReadWaitMode: SD I/O Read Wait operation mode.
 476:Drivers/STM32F4xx_HAL_Driver/Src/stm32f4xx_ll_sdmmc.c ****   *          This parameter can be:
 477:Drivers/STM32F4xx_HAL_Driver/Src/stm32f4xx_ll_sdmmc.c ****   *            @arg SDIO_READ_WAIT_MODE_CLK: Read Wait control by stopping SDIOCLK
 478:Drivers/STM32F4xx_HAL_Driver/Src/stm32f4xx_ll_sdmmc.c ****   *            @arg SDIO_READ_WAIT_MODE_DATA2: Read Wait control using SDIO_DATA2
 479:Drivers/STM32F4xx_HAL_Driver/Src/stm32f4xx_ll_sdmmc.c ****   * @retval None
 480:Drivers/STM32F4xx_HAL_Driver/Src/stm32f4xx_ll_sdmmc.c ****   */
 481:Drivers/STM32F4xx_HAL_Driver/Src/stm32f4xx_ll_sdmmc.c **** HAL_StatusTypeDef SDIO_SetSDIOReadWaitMode(uint32_t SDIO_ReadWaitMode)
 482:Drivers/STM32F4xx_HAL_Driver/Src/stm32f4xx_ll_sdmmc.c **** {
 427              		.loc 1 482 0
 428              		.cfi_startproc
 429              		@ args = 0, pretend = 0, frame = 0
 430              		@ frame_needed = 0, uses_anonymous_args = 0
 431              		@ link register save eliminated.
 432              	.LVL36:
ARM GAS  /var/folders/19/rz7506jh8xn7x1006s6s574h0000gn/T//ccu0d7ih.s 			page 17


 483:Drivers/STM32F4xx_HAL_Driver/Src/stm32f4xx_ll_sdmmc.c ****   /* Check the parameters */
 484:Drivers/STM32F4xx_HAL_Driver/Src/stm32f4xx_ll_sdmmc.c ****   assert_param(IS_SDIO_READWAIT_MODE(SDIO_ReadWaitMode));
 485:Drivers/STM32F4xx_HAL_Driver/Src/stm32f4xx_ll_sdmmc.c ****   
 486:Drivers/STM32F4xx_HAL_Driver/Src/stm32f4xx_ll_sdmmc.c ****   *(__IO uint32_t *)DCTRL_RWMOD_BB = SDIO_ReadWaitMode;
 433              		.loc 1 486 0
 434 0000 014B     		ldr	r3, .L16
 435 0002 1860     		str	r0, [r3]
 487:Drivers/STM32F4xx_HAL_Driver/Src/stm32f4xx_ll_sdmmc.c ****   
 488:Drivers/STM32F4xx_HAL_Driver/Src/stm32f4xx_ll_sdmmc.c ****   return HAL_OK;  
 489:Drivers/STM32F4xx_HAL_Driver/Src/stm32f4xx_ll_sdmmc.c **** }
 436              		.loc 1 489 0
 437 0004 0020     		movs	r0, #0
 438              	.LVL37:
 439 0006 7047     		bx	lr
 440              	.L17:
 441              		.align	2
 442              	.L16:
 443 0008 A8852542 		.word	1109755304
 444              		.cfi_endproc
 445              	.LFE137:
 447              		.text
 448              	.Letext0:
 449              		.file 2 "/Users/Arethusa/Library/Arduino15/packages/arduino/tools/arm-none-eabi-gcc/4.8.3-2014q1/a
 450              		.file 3 "/Users/Arethusa/Library/Arduino15/packages/arduino/tools/arm-none-eabi-gcc/4.8.3-2014q1/a
 451              		.file 4 "Drivers/CMSIS/Device/ST/STM32F4xx/Include/stm32f401xe.h"
 452              		.file 5 "Drivers/STM32F4xx_HAL_Driver/Inc/stm32f4xx_hal_def.h"
 453              		.file 6 "Drivers/STM32F4xx_HAL_Driver/Inc/stm32f4xx_ll_sdmmc.h"
 454              		.file 7 "Drivers/CMSIS/Include/core_cm4.h"
ARM GAS  /var/folders/19/rz7506jh8xn7x1006s6s574h0000gn/T//ccu0d7ih.s 			page 18


DEFINED SYMBOLS
                            *ABS*:0000000000000000 stm32f4xx_ll_sdmmc.c
/var/folders/19/rz7506jh8xn7x1006s6s574h0000gn/T//ccu0d7ih.s:19     .text.SDIO_Init:0000000000000000 $t
/var/folders/19/rz7506jh8xn7x1006s6s574h0000gn/T//ccu0d7ih.s:24     .text.SDIO_Init:0000000000000000 SDIO_Init
/var/folders/19/rz7506jh8xn7x1006s6s574h0000gn/T//ccu0d7ih.s:83     .text.SDIO_ReadFIFO:0000000000000000 $t
/var/folders/19/rz7506jh8xn7x1006s6s574h0000gn/T//ccu0d7ih.s:88     .text.SDIO_ReadFIFO:0000000000000000 SDIO_ReadFIFO
/var/folders/19/rz7506jh8xn7x1006s6s574h0000gn/T//ccu0d7ih.s:105    .text.SDIO_WriteFIFO:0000000000000000 $t
/var/folders/19/rz7506jh8xn7x1006s6s574h0000gn/T//ccu0d7ih.s:110    .text.SDIO_WriteFIFO:0000000000000000 SDIO_WriteFIFO
/var/folders/19/rz7506jh8xn7x1006s6s574h0000gn/T//ccu0d7ih.s:129    .text.SDIO_PowerState_ON:0000000000000000 $t
/var/folders/19/rz7506jh8xn7x1006s6s574h0000gn/T//ccu0d7ih.s:134    .text.SDIO_PowerState_ON:0000000000000000 SDIO_PowerState_ON
/var/folders/19/rz7506jh8xn7x1006s6s574h0000gn/T//ccu0d7ih.s:153    .text.SDIO_PowerState_OFF:0000000000000000 $t
/var/folders/19/rz7506jh8xn7x1006s6s574h0000gn/T//ccu0d7ih.s:158    .text.SDIO_PowerState_OFF:0000000000000000 SDIO_PowerState_OFF
/var/folders/19/rz7506jh8xn7x1006s6s574h0000gn/T//ccu0d7ih.s:177    .text.SDIO_GetPowerState:0000000000000000 $t
/var/folders/19/rz7506jh8xn7x1006s6s574h0000gn/T//ccu0d7ih.s:182    .text.SDIO_GetPowerState:0000000000000000 SDIO_GetPowerState
/var/folders/19/rz7506jh8xn7x1006s6s574h0000gn/T//ccu0d7ih.s:200    .text.SDIO_SendCommand:0000000000000000 $t
/var/folders/19/rz7506jh8xn7x1006s6s574h0000gn/T//ccu0d7ih.s:205    .text.SDIO_SendCommand:0000000000000000 SDIO_SendCommand
/var/folders/19/rz7506jh8xn7x1006s6s574h0000gn/T//ccu0d7ih.s:256    .text.SDIO_GetCommandResponse:0000000000000000 $t
/var/folders/19/rz7506jh8xn7x1006s6s574h0000gn/T//ccu0d7ih.s:261    .text.SDIO_GetCommandResponse:0000000000000000 SDIO_GetCommandResponse
/var/folders/19/rz7506jh8xn7x1006s6s574h0000gn/T//ccu0d7ih.s:279    .text.SDIO_GetResponse:0000000000000000 $t
/var/folders/19/rz7506jh8xn7x1006s6s574h0000gn/T//ccu0d7ih.s:284    .text.SDIO_GetResponse:0000000000000000 SDIO_GetResponse
/var/folders/19/rz7506jh8xn7x1006s6s574h0000gn/T//ccu0d7ih.s:313    .text.SDIO_GetResponse:0000000000000014 $d
/var/folders/19/rz7506jh8xn7x1006s6s574h0000gn/T//ccu0d7ih.s:318    .text.SDIO_DataConfig:0000000000000000 $t
/var/folders/19/rz7506jh8xn7x1006s6s574h0000gn/T//ccu0d7ih.s:323    .text.SDIO_DataConfig:0000000000000000 SDIO_DataConfig
/var/folders/19/rz7506jh8xn7x1006s6s574h0000gn/T//ccu0d7ih.s:376    .text.SDIO_GetDataCounter:0000000000000000 $t
/var/folders/19/rz7506jh8xn7x1006s6s574h0000gn/T//ccu0d7ih.s:381    .text.SDIO_GetDataCounter:0000000000000000 SDIO_GetDataCounter
/var/folders/19/rz7506jh8xn7x1006s6s574h0000gn/T//ccu0d7ih.s:398    .text.SDIO_GetFIFOCount:0000000000000000 $t
/var/folders/19/rz7506jh8xn7x1006s6s574h0000gn/T//ccu0d7ih.s:403    .text.SDIO_GetFIFOCount:0000000000000000 SDIO_GetFIFOCount
/var/folders/19/rz7506jh8xn7x1006s6s574h0000gn/T//ccu0d7ih.s:420    .text.SDIO_SetSDIOReadWaitMode:0000000000000000 $t
/var/folders/19/rz7506jh8xn7x1006s6s574h0000gn/T//ccu0d7ih.s:425    .text.SDIO_SetSDIOReadWaitMode:0000000000000000 SDIO_SetSDIOReadWaitMode
/var/folders/19/rz7506jh8xn7x1006s6s574h0000gn/T//ccu0d7ih.s:443    .text.SDIO_SetSDIOReadWaitMode:0000000000000008 $d
                     .debug_frame:0000000000000010 $d

NO UNDEFINED SYMBOLS
