ARM GAS  /var/folders/19/rz7506jh8xn7x1006s6s574h0000gn/T//cciSsB1x.s 			page 1


   1              		.syntax unified
   2              		.cpu cortex-m4
   3              		.fpu softvfp
   4              		.eabi_attribute 20, 1
   5              		.eabi_attribute 21, 1
   6              		.eabi_attribute 23, 3
   7              		.eabi_attribute 24, 1
   8              		.eabi_attribute 25, 1
   9              		.eabi_attribute 26, 1
  10              		.eabi_attribute 30, 4
  11              		.eabi_attribute 34, 1
  12              		.eabi_attribute 18, 4
  13              		.thumb
  14              		.file	"stm32f4xx_hal_msp.c"
  15              		.text
  16              	.Ltext0:
  17              		.cfi_sections	.debug_frame
  18              		.section	.text.HAL_MspInit,"ax",%progbits
  19              		.align	1
  20              		.global	HAL_MspInit
  21              		.thumb
  22              		.thumb_func
  24              	HAL_MspInit:
  25              	.LFB125:
  26              		.file 1 "Src/stm32f4xx_hal_msp.c"
   1:Src/stm32f4xx_hal_msp.c **** /**
   2:Src/stm32f4xx_hal_msp.c ****   ******************************************************************************
   3:Src/stm32f4xx_hal_msp.c ****   * File Name          : stm32f4xx_hal_msp.c
   4:Src/stm32f4xx_hal_msp.c ****   * Description        : This file provides code for the MSP Initialization 
   5:Src/stm32f4xx_hal_msp.c ****   *                      and de-Initialization codes.
   6:Src/stm32f4xx_hal_msp.c ****   ******************************************************************************
   7:Src/stm32f4xx_hal_msp.c ****   *
   8:Src/stm32f4xx_hal_msp.c ****   * COPYRIGHT(c) 2016 STMicroelectronics
   9:Src/stm32f4xx_hal_msp.c ****   *
  10:Src/stm32f4xx_hal_msp.c ****   * Redistribution and use in source and binary forms, with or without modification,
  11:Src/stm32f4xx_hal_msp.c ****   * are permitted provided that the following conditions are met:
  12:Src/stm32f4xx_hal_msp.c ****   *   1. Redistributions of source code must retain the above copyright notice,
  13:Src/stm32f4xx_hal_msp.c ****   *      this list of conditions and the following disclaimer.
  14:Src/stm32f4xx_hal_msp.c ****   *   2. Redistributions in binary form must reproduce the above copyright notice,
  15:Src/stm32f4xx_hal_msp.c ****   *      this list of conditions and the following disclaimer in the documentation
  16:Src/stm32f4xx_hal_msp.c ****   *      and/or other materials provided with the distribution.
  17:Src/stm32f4xx_hal_msp.c ****   *   3. Neither the name of STMicroelectronics nor the names of its contributors
  18:Src/stm32f4xx_hal_msp.c ****   *      may be used to endorse or promote products derived from this software
  19:Src/stm32f4xx_hal_msp.c ****   *      without specific prior written permission.
  20:Src/stm32f4xx_hal_msp.c ****   *
  21:Src/stm32f4xx_hal_msp.c ****   * THIS SOFTWARE IS PROVIDED BY THE COPYRIGHT HOLDERS AND CONTRIBUTORS "AS IS"
  22:Src/stm32f4xx_hal_msp.c ****   * AND ANY EXPRESS OR IMPLIED WARRANTIES, INCLUDING, BUT NOT LIMITED TO, THE
  23:Src/stm32f4xx_hal_msp.c ****   * IMPLIED WARRANTIES OF MERCHANTABILITY AND FITNESS FOR A PARTICULAR PURPOSE ARE
  24:Src/stm32f4xx_hal_msp.c ****   * DISCLAIMED. IN NO EVENT SHALL THE COPYRIGHT HOLDER OR CONTRIBUTORS BE LIABLE
  25:Src/stm32f4xx_hal_msp.c ****   * FOR ANY DIRECT, INDIRECT, INCIDENTAL, SPECIAL, EXEMPLARY, OR CONSEQUENTIAL
  26:Src/stm32f4xx_hal_msp.c ****   * DAMAGES (INCLUDING, BUT NOT LIMITED TO, PROCUREMENT OF SUBSTITUTE GOODS OR
  27:Src/stm32f4xx_hal_msp.c ****   * SERVICES; LOSS OF USE, DATA, OR PROFITS; OR BUSINESS INTERRUPTION) HOWEVER
  28:Src/stm32f4xx_hal_msp.c ****   * CAUSED AND ON ANY THEORY OF LIABILITY, WHETHER IN CONTRACT, STRICT LIABILITY,
  29:Src/stm32f4xx_hal_msp.c ****   * OR TORT (INCLUDING NEGLIGENCE OR OTHERWISE) ARISING IN ANY WAY OUT OF THE USE
  30:Src/stm32f4xx_hal_msp.c ****   * OF THIS SOFTWARE, EVEN IF ADVISED OF THE POSSIBILITY OF SUCH DAMAGE.
  31:Src/stm32f4xx_hal_msp.c ****   *
  32:Src/stm32f4xx_hal_msp.c ****   ******************************************************************************
ARM GAS  /var/folders/19/rz7506jh8xn7x1006s6s574h0000gn/T//cciSsB1x.s 			page 2


  33:Src/stm32f4xx_hal_msp.c ****   */
  34:Src/stm32f4xx_hal_msp.c **** /* Includes ------------------------------------------------------------------*/
  35:Src/stm32f4xx_hal_msp.c **** #include "stm32f4xx_hal.h"
  36:Src/stm32f4xx_hal_msp.c **** 
  37:Src/stm32f4xx_hal_msp.c **** /* USER CODE BEGIN 0 */
  38:Src/stm32f4xx_hal_msp.c **** 
  39:Src/stm32f4xx_hal_msp.c **** /* USER CODE END 0 */
  40:Src/stm32f4xx_hal_msp.c **** 
  41:Src/stm32f4xx_hal_msp.c **** /**
  42:Src/stm32f4xx_hal_msp.c ****   * Initializes the Global MSP.
  43:Src/stm32f4xx_hal_msp.c ****   */
  44:Src/stm32f4xx_hal_msp.c **** void HAL_MspInit(void)
  45:Src/stm32f4xx_hal_msp.c **** {
  27              		.loc 1 45 0
  28              		.cfi_startproc
  29              		@ args = 0, pretend = 0, frame = 0
  30              		@ frame_needed = 0, uses_anonymous_args = 0
  31 0000 08B5     		push	{r3, lr}
  32              	.LCFI0:
  33              		.cfi_def_cfa_offset 8
  34              		.cfi_offset 3, -8
  35              		.cfi_offset 14, -4
  46:Src/stm32f4xx_hal_msp.c ****   /* USER CODE BEGIN MspInit 0 */
  47:Src/stm32f4xx_hal_msp.c **** 
  48:Src/stm32f4xx_hal_msp.c ****   /* USER CODE END MspInit 0 */
  49:Src/stm32f4xx_hal_msp.c **** 
  50:Src/stm32f4xx_hal_msp.c ****   HAL_NVIC_SetPriorityGrouping(NVIC_PRIORITYGROUP_0);
  36              		.loc 1 50 0
  37 0002 0720     		movs	r0, #7
  38 0004 FFF7FEFF 		bl	HAL_NVIC_SetPriorityGrouping
  39              	.LVL0:
  51:Src/stm32f4xx_hal_msp.c **** 
  52:Src/stm32f4xx_hal_msp.c ****   /* System interrupt init*/
  53:Src/stm32f4xx_hal_msp.c ****   /* SysTick_IRQn interrupt configuration */
  54:Src/stm32f4xx_hal_msp.c ****   HAL_NVIC_SetPriority(SysTick_IRQn, 0, 0);
  40              		.loc 1 54 0
  41 0008 0021     		movs	r1, #0
  42 000a 4FF0FF30 		mov	r0, #-1
  43 000e 0A46     		mov	r2, r1
  55:Src/stm32f4xx_hal_msp.c **** 
  56:Src/stm32f4xx_hal_msp.c ****   /* USER CODE BEGIN MspInit 1 */
  57:Src/stm32f4xx_hal_msp.c **** 
  58:Src/stm32f4xx_hal_msp.c ****   /* USER CODE END MspInit 1 */
  59:Src/stm32f4xx_hal_msp.c **** }
  44              		.loc 1 59 0
  45 0010 BDE80840 		pop	{r3, lr}
  54:Src/stm32f4xx_hal_msp.c ****   HAL_NVIC_SetPriority(SysTick_IRQn, 0, 0);
  46              		.loc 1 54 0
  47 0014 FFF7FEBF 		b	HAL_NVIC_SetPriority
  48              	.LVL1:
  49              		.cfi_endproc
  50              	.LFE125:
  52              		.text
  53              	.Letext0:
  54              		.file 2 "Drivers/CMSIS/Device/ST/STM32F4xx/Include/stm32f401xe.h"
  55              		.file 3 "/Users/Arethusa/Library/Arduino15/packages/arduino/tools/arm-none-eabi-gcc/4.8.3-2014q1/a
  56              		.file 4 "/Users/Arethusa/Library/Arduino15/packages/arduino/tools/arm-none-eabi-gcc/4.8.3-2014q1/a
ARM GAS  /var/folders/19/rz7506jh8xn7x1006s6s574h0000gn/T//cciSsB1x.s 			page 3


  57              		.file 5 "Drivers/CMSIS/Include/core_cm4.h"
  58              		.file 6 "Drivers/STM32F4xx_HAL_Driver/Inc/stm32f4xx_hal_cortex.h"
ARM GAS  /var/folders/19/rz7506jh8xn7x1006s6s574h0000gn/T//cciSsB1x.s 			page 4


DEFINED SYMBOLS
                            *ABS*:0000000000000000 stm32f4xx_hal_msp.c
/var/folders/19/rz7506jh8xn7x1006s6s574h0000gn/T//cciSsB1x.s:19     .text.HAL_MspInit:0000000000000000 $t
/var/folders/19/rz7506jh8xn7x1006s6s574h0000gn/T//cciSsB1x.s:24     .text.HAL_MspInit:0000000000000000 HAL_MspInit
                     .debug_frame:0000000000000010 $d

UNDEFINED SYMBOLS
HAL_NVIC_SetPriorityGrouping
HAL_NVIC_SetPriority
