ARM GAS  /var/folders/19/rz7506jh8xn7x1006s6s574h0000gn/T//cczfWy9r.s 			page 1


   1              		.syntax unified
   2              		.cpu cortex-m4
   3              		.fpu softvfp
   4              		.eabi_attribute 20, 1
   5              		.eabi_attribute 21, 1
   6              		.eabi_attribute 23, 3
   7              		.eabi_attribute 24, 1
   8              		.eabi_attribute 25, 1
   9              		.eabi_attribute 26, 1
  10              		.eabi_attribute 30, 4
  11              		.eabi_attribute 34, 1
  12              		.eabi_attribute 18, 4
  13              		.thumb
  14              		.syntax unified
  15              		.file	"stm32f4xx_hal_flash_ramfunc.c"
  16              		.text
  17              	.Ltext0:
  18              		.cfi_sections	.debug_frame
  19              	.Letext0:
  20              		.file 1 "/Applications/Ac6/SystemWorkbench.app/Contents/Eclipse/plugins/fr.ac6.mcu.externaltools.a
  21              		.file 2 "/Applications/Ac6/SystemWorkbench.app/Contents/Eclipse/plugins/fr.ac6.mcu.externaltools.a
  22              		.file 3 "Drivers/CMSIS/Include/core_cm4.h"
ARM GAS  /var/folders/19/rz7506jh8xn7x1006s6s574h0000gn/T//cczfWy9r.s 			page 2


DEFINED SYMBOLS
                            *ABS*:0000000000000000 stm32f4xx_hal_flash_ramfunc.c

NO UNDEFINED SYMBOLS
