ARM GAS  /var/folders/19/rz7506jh8xn7x1006s6s574h0000gn/T//ccdhjFcY.s 			page 1


   1              		.syntax unified
   2              		.cpu cortex-m4
   3              		.fpu softvfp
   4              		.eabi_attribute 20, 1
   5              		.eabi_attribute 21, 1
   6              		.eabi_attribute 23, 3
   7              		.eabi_attribute 24, 1
   8              		.eabi_attribute 25, 1
   9              		.eabi_attribute 26, 1
  10              		.eabi_attribute 30, 4
  11              		.eabi_attribute 34, 1
  12              		.eabi_attribute 18, 4
  13              		.thumb
  14              		.file	"usbd_ioreq.c"
  15              		.text
  16              	.Ltext0:
  17              		.cfi_sections	.debug_frame
  18              		.section	.text.USBD_CtlSendData,"ax",%progbits
  19              		.align	1
  20              		.global	USBD_CtlSendData
  21              		.thumb
  22              		.thumb_func
  24              	USBD_CtlSendData:
  25              	.LFB125:
  26              		.file 1 "Middlewares/ST/STM32_USB_Device_Library/Core/Src/usbd_ioreq.c"
   1:Middlewares/ST/STM32_USB_Device_Library/Core/Src/usbd_ioreq.c **** /**
   2:Middlewares/ST/STM32_USB_Device_Library/Core/Src/usbd_ioreq.c ****   ******************************************************************************
   3:Middlewares/ST/STM32_USB_Device_Library/Core/Src/usbd_ioreq.c ****   * @file    usbd_ioreq.c
   4:Middlewares/ST/STM32_USB_Device_Library/Core/Src/usbd_ioreq.c ****   * @author  MCD Application Team
   5:Middlewares/ST/STM32_USB_Device_Library/Core/Src/usbd_ioreq.c ****   * @version V2.4.1
   6:Middlewares/ST/STM32_USB_Device_Library/Core/Src/usbd_ioreq.c ****   * @date    19-June-2015
   7:Middlewares/ST/STM32_USB_Device_Library/Core/Src/usbd_ioreq.c ****   * @brief   This file provides the IO requests APIs for control endpoints.
   8:Middlewares/ST/STM32_USB_Device_Library/Core/Src/usbd_ioreq.c ****   ******************************************************************************
   9:Middlewares/ST/STM32_USB_Device_Library/Core/Src/usbd_ioreq.c ****   * @attention
  10:Middlewares/ST/STM32_USB_Device_Library/Core/Src/usbd_ioreq.c ****   *
  11:Middlewares/ST/STM32_USB_Device_Library/Core/Src/usbd_ioreq.c ****   * <h2><center>&copy; COPYRIGHT 2015 STMicroelectronics</center></h2>
  12:Middlewares/ST/STM32_USB_Device_Library/Core/Src/usbd_ioreq.c ****   *
  13:Middlewares/ST/STM32_USB_Device_Library/Core/Src/usbd_ioreq.c ****   * Licensed under MCD-ST Liberty SW License Agreement V2, (the "License");
  14:Middlewares/ST/STM32_USB_Device_Library/Core/Src/usbd_ioreq.c ****   * You may not use this file except in compliance with the License.
  15:Middlewares/ST/STM32_USB_Device_Library/Core/Src/usbd_ioreq.c ****   * You may obtain a copy of the License at:
  16:Middlewares/ST/STM32_USB_Device_Library/Core/Src/usbd_ioreq.c ****   *
  17:Middlewares/ST/STM32_USB_Device_Library/Core/Src/usbd_ioreq.c ****   *        http://www.st.com/software_license_agreement_liberty_v2
  18:Middlewares/ST/STM32_USB_Device_Library/Core/Src/usbd_ioreq.c ****   *
  19:Middlewares/ST/STM32_USB_Device_Library/Core/Src/usbd_ioreq.c ****   * Unless required by applicable law or agreed to in writing, software 
  20:Middlewares/ST/STM32_USB_Device_Library/Core/Src/usbd_ioreq.c ****   * distributed under the License is distributed on an "AS IS" BASIS, 
  21:Middlewares/ST/STM32_USB_Device_Library/Core/Src/usbd_ioreq.c ****   * WITHOUT WARRANTIES OR CONDITIONS OF ANY KIND, either express or implied.
  22:Middlewares/ST/STM32_USB_Device_Library/Core/Src/usbd_ioreq.c ****   * See the License for the specific language governing permissions and
  23:Middlewares/ST/STM32_USB_Device_Library/Core/Src/usbd_ioreq.c ****   * limitations under the License.
  24:Middlewares/ST/STM32_USB_Device_Library/Core/Src/usbd_ioreq.c ****   *
  25:Middlewares/ST/STM32_USB_Device_Library/Core/Src/usbd_ioreq.c ****   ******************************************************************************
  26:Middlewares/ST/STM32_USB_Device_Library/Core/Src/usbd_ioreq.c ****   */ 
  27:Middlewares/ST/STM32_USB_Device_Library/Core/Src/usbd_ioreq.c **** 
  28:Middlewares/ST/STM32_USB_Device_Library/Core/Src/usbd_ioreq.c **** /* Includes ------------------------------------------------------------------*/
  29:Middlewares/ST/STM32_USB_Device_Library/Core/Src/usbd_ioreq.c **** #include "usbd_ioreq.h"
  30:Middlewares/ST/STM32_USB_Device_Library/Core/Src/usbd_ioreq.c **** 
  31:Middlewares/ST/STM32_USB_Device_Library/Core/Src/usbd_ioreq.c **** /** @addtogroup STM32_USB_DEVICE_LIBRARY
  32:Middlewares/ST/STM32_USB_Device_Library/Core/Src/usbd_ioreq.c ****   * @{
ARM GAS  /var/folders/19/rz7506jh8xn7x1006s6s574h0000gn/T//ccdhjFcY.s 			page 2


  33:Middlewares/ST/STM32_USB_Device_Library/Core/Src/usbd_ioreq.c ****   */
  34:Middlewares/ST/STM32_USB_Device_Library/Core/Src/usbd_ioreq.c **** 
  35:Middlewares/ST/STM32_USB_Device_Library/Core/Src/usbd_ioreq.c **** 
  36:Middlewares/ST/STM32_USB_Device_Library/Core/Src/usbd_ioreq.c **** /** @defgroup USBD_IOREQ 
  37:Middlewares/ST/STM32_USB_Device_Library/Core/Src/usbd_ioreq.c ****   * @brief control I/O requests module
  38:Middlewares/ST/STM32_USB_Device_Library/Core/Src/usbd_ioreq.c ****   * @{
  39:Middlewares/ST/STM32_USB_Device_Library/Core/Src/usbd_ioreq.c ****   */ 
  40:Middlewares/ST/STM32_USB_Device_Library/Core/Src/usbd_ioreq.c **** 
  41:Middlewares/ST/STM32_USB_Device_Library/Core/Src/usbd_ioreq.c **** /** @defgroup USBD_IOREQ_Private_TypesDefinitions
  42:Middlewares/ST/STM32_USB_Device_Library/Core/Src/usbd_ioreq.c ****   * @{
  43:Middlewares/ST/STM32_USB_Device_Library/Core/Src/usbd_ioreq.c ****   */ 
  44:Middlewares/ST/STM32_USB_Device_Library/Core/Src/usbd_ioreq.c **** /**
  45:Middlewares/ST/STM32_USB_Device_Library/Core/Src/usbd_ioreq.c ****   * @}
  46:Middlewares/ST/STM32_USB_Device_Library/Core/Src/usbd_ioreq.c ****   */ 
  47:Middlewares/ST/STM32_USB_Device_Library/Core/Src/usbd_ioreq.c **** 
  48:Middlewares/ST/STM32_USB_Device_Library/Core/Src/usbd_ioreq.c **** 
  49:Middlewares/ST/STM32_USB_Device_Library/Core/Src/usbd_ioreq.c **** /** @defgroup USBD_IOREQ_Private_Defines
  50:Middlewares/ST/STM32_USB_Device_Library/Core/Src/usbd_ioreq.c ****   * @{
  51:Middlewares/ST/STM32_USB_Device_Library/Core/Src/usbd_ioreq.c ****   */ 
  52:Middlewares/ST/STM32_USB_Device_Library/Core/Src/usbd_ioreq.c **** 
  53:Middlewares/ST/STM32_USB_Device_Library/Core/Src/usbd_ioreq.c **** /**
  54:Middlewares/ST/STM32_USB_Device_Library/Core/Src/usbd_ioreq.c ****   * @}
  55:Middlewares/ST/STM32_USB_Device_Library/Core/Src/usbd_ioreq.c ****   */ 
  56:Middlewares/ST/STM32_USB_Device_Library/Core/Src/usbd_ioreq.c **** 
  57:Middlewares/ST/STM32_USB_Device_Library/Core/Src/usbd_ioreq.c **** 
  58:Middlewares/ST/STM32_USB_Device_Library/Core/Src/usbd_ioreq.c **** /** @defgroup USBD_IOREQ_Private_Macros
  59:Middlewares/ST/STM32_USB_Device_Library/Core/Src/usbd_ioreq.c ****   * @{
  60:Middlewares/ST/STM32_USB_Device_Library/Core/Src/usbd_ioreq.c ****   */ 
  61:Middlewares/ST/STM32_USB_Device_Library/Core/Src/usbd_ioreq.c **** /**
  62:Middlewares/ST/STM32_USB_Device_Library/Core/Src/usbd_ioreq.c ****   * @}
  63:Middlewares/ST/STM32_USB_Device_Library/Core/Src/usbd_ioreq.c ****   */ 
  64:Middlewares/ST/STM32_USB_Device_Library/Core/Src/usbd_ioreq.c **** 
  65:Middlewares/ST/STM32_USB_Device_Library/Core/Src/usbd_ioreq.c **** 
  66:Middlewares/ST/STM32_USB_Device_Library/Core/Src/usbd_ioreq.c **** /** @defgroup USBD_IOREQ_Private_Variables
  67:Middlewares/ST/STM32_USB_Device_Library/Core/Src/usbd_ioreq.c ****   * @{
  68:Middlewares/ST/STM32_USB_Device_Library/Core/Src/usbd_ioreq.c ****   */ 
  69:Middlewares/ST/STM32_USB_Device_Library/Core/Src/usbd_ioreq.c **** 
  70:Middlewares/ST/STM32_USB_Device_Library/Core/Src/usbd_ioreq.c **** /**
  71:Middlewares/ST/STM32_USB_Device_Library/Core/Src/usbd_ioreq.c ****   * @}
  72:Middlewares/ST/STM32_USB_Device_Library/Core/Src/usbd_ioreq.c ****   */ 
  73:Middlewares/ST/STM32_USB_Device_Library/Core/Src/usbd_ioreq.c **** 
  74:Middlewares/ST/STM32_USB_Device_Library/Core/Src/usbd_ioreq.c **** 
  75:Middlewares/ST/STM32_USB_Device_Library/Core/Src/usbd_ioreq.c **** /** @defgroup USBD_IOREQ_Private_FunctionPrototypes
  76:Middlewares/ST/STM32_USB_Device_Library/Core/Src/usbd_ioreq.c ****   * @{
  77:Middlewares/ST/STM32_USB_Device_Library/Core/Src/usbd_ioreq.c ****   */ 
  78:Middlewares/ST/STM32_USB_Device_Library/Core/Src/usbd_ioreq.c **** /**
  79:Middlewares/ST/STM32_USB_Device_Library/Core/Src/usbd_ioreq.c ****   * @}
  80:Middlewares/ST/STM32_USB_Device_Library/Core/Src/usbd_ioreq.c ****   */ 
  81:Middlewares/ST/STM32_USB_Device_Library/Core/Src/usbd_ioreq.c **** 
  82:Middlewares/ST/STM32_USB_Device_Library/Core/Src/usbd_ioreq.c **** 
  83:Middlewares/ST/STM32_USB_Device_Library/Core/Src/usbd_ioreq.c **** /** @defgroup USBD_IOREQ_Private_Functions
  84:Middlewares/ST/STM32_USB_Device_Library/Core/Src/usbd_ioreq.c ****   * @{
  85:Middlewares/ST/STM32_USB_Device_Library/Core/Src/usbd_ioreq.c ****   */ 
  86:Middlewares/ST/STM32_USB_Device_Library/Core/Src/usbd_ioreq.c **** 
  87:Middlewares/ST/STM32_USB_Device_Library/Core/Src/usbd_ioreq.c **** /**
  88:Middlewares/ST/STM32_USB_Device_Library/Core/Src/usbd_ioreq.c **** * @brief  USBD_CtlSendData
  89:Middlewares/ST/STM32_USB_Device_Library/Core/Src/usbd_ioreq.c **** *         send data on the ctl pipe
ARM GAS  /var/folders/19/rz7506jh8xn7x1006s6s574h0000gn/T//ccdhjFcY.s 			page 3


  90:Middlewares/ST/STM32_USB_Device_Library/Core/Src/usbd_ioreq.c **** * @param  pdev: device instance
  91:Middlewares/ST/STM32_USB_Device_Library/Core/Src/usbd_ioreq.c **** * @param  buff: pointer to data buffer
  92:Middlewares/ST/STM32_USB_Device_Library/Core/Src/usbd_ioreq.c **** * @param  len: length of data to be sent
  93:Middlewares/ST/STM32_USB_Device_Library/Core/Src/usbd_ioreq.c **** * @retval status
  94:Middlewares/ST/STM32_USB_Device_Library/Core/Src/usbd_ioreq.c **** */
  95:Middlewares/ST/STM32_USB_Device_Library/Core/Src/usbd_ioreq.c **** USBD_StatusTypeDef  USBD_CtlSendData (USBD_HandleTypeDef  *pdev, 
  96:Middlewares/ST/STM32_USB_Device_Library/Core/Src/usbd_ioreq.c ****                                uint8_t *pbuf,
  97:Middlewares/ST/STM32_USB_Device_Library/Core/Src/usbd_ioreq.c ****                                uint16_t len)
  98:Middlewares/ST/STM32_USB_Device_Library/Core/Src/usbd_ioreq.c **** {
  27              		.loc 1 98 0
  28              		.cfi_startproc
  29              		@ args = 0, pretend = 0, frame = 0
  30              		@ frame_needed = 0, uses_anonymous_args = 0
  31              	.LVL0:
  32 0000 38B5     		push	{r3, r4, r5, lr}
  33              	.LCFI0:
  34              		.cfi_def_cfa_offset 16
  35              		.cfi_offset 3, -16
  36              		.cfi_offset 4, -12
  37              		.cfi_offset 5, -8
  38              		.cfi_offset 14, -4
  39              		.loc 1 98 0
  40 0002 1346     		mov	r3, r2
  41 0004 0D46     		mov	r5, r1
  99:Middlewares/ST/STM32_USB_Device_Library/Core/Src/usbd_ioreq.c ****   /* Set EP0 State */
 100:Middlewares/ST/STM32_USB_Device_Library/Core/Src/usbd_ioreq.c ****   pdev->ep0_state          = USBD_EP0_DATA_IN;                                      
  42              		.loc 1 100 0
  43 0006 0222     		movs	r2, #2
  44              	.LVL1:
  45 0008 C0F8F421 		str	r2, [r0, #500]
 101:Middlewares/ST/STM32_USB_Device_Library/Core/Src/usbd_ioreq.c ****   pdev->ep_in[0].total_length = len;
  46              		.loc 1 101 0
  47 000c 8361     		str	r3, [r0, #24]
 102:Middlewares/ST/STM32_USB_Device_Library/Core/Src/usbd_ioreq.c ****   pdev->ep_in[0].rem_length   = len;
  48              		.loc 1 102 0
  49 000e C361     		str	r3, [r0, #28]
 103:Middlewares/ST/STM32_USB_Device_Library/Core/Src/usbd_ioreq.c ****  /* Start the transfer */
 104:Middlewares/ST/STM32_USB_Device_Library/Core/Src/usbd_ioreq.c ****   USBD_LL_Transmit (pdev, 0x00, pbuf, len);  
  50              		.loc 1 104 0
  51 0010 0021     		movs	r1, #0
  52              	.LVL2:
  53 0012 2A46     		mov	r2, r5
  54 0014 FFF7FEFF 		bl	USBD_LL_Transmit
  55              	.LVL3:
 105:Middlewares/ST/STM32_USB_Device_Library/Core/Src/usbd_ioreq.c ****   
 106:Middlewares/ST/STM32_USB_Device_Library/Core/Src/usbd_ioreq.c ****   return USBD_OK;
 107:Middlewares/ST/STM32_USB_Device_Library/Core/Src/usbd_ioreq.c **** }
  56              		.loc 1 107 0
  57 0018 0020     		movs	r0, #0
  58 001a 38BD     		pop	{r3, r4, r5, pc}
  59              		.cfi_endproc
  60              	.LFE125:
  62              		.section	.text.USBD_CtlContinueSendData,"ax",%progbits
  63              		.align	1
  64              		.global	USBD_CtlContinueSendData
  65              		.thumb
  66              		.thumb_func
ARM GAS  /var/folders/19/rz7506jh8xn7x1006s6s574h0000gn/T//ccdhjFcY.s 			page 4


  68              	USBD_CtlContinueSendData:
  69              	.LFB126:
 108:Middlewares/ST/STM32_USB_Device_Library/Core/Src/usbd_ioreq.c **** 
 109:Middlewares/ST/STM32_USB_Device_Library/Core/Src/usbd_ioreq.c **** /**
 110:Middlewares/ST/STM32_USB_Device_Library/Core/Src/usbd_ioreq.c **** * @brief  USBD_CtlContinueSendData
 111:Middlewares/ST/STM32_USB_Device_Library/Core/Src/usbd_ioreq.c **** *         continue sending data on the ctl pipe
 112:Middlewares/ST/STM32_USB_Device_Library/Core/Src/usbd_ioreq.c **** * @param  pdev: device instance
 113:Middlewares/ST/STM32_USB_Device_Library/Core/Src/usbd_ioreq.c **** * @param  buff: pointer to data buffer
 114:Middlewares/ST/STM32_USB_Device_Library/Core/Src/usbd_ioreq.c **** * @param  len: length of data to be sent
 115:Middlewares/ST/STM32_USB_Device_Library/Core/Src/usbd_ioreq.c **** * @retval status
 116:Middlewares/ST/STM32_USB_Device_Library/Core/Src/usbd_ioreq.c **** */
 117:Middlewares/ST/STM32_USB_Device_Library/Core/Src/usbd_ioreq.c **** USBD_StatusTypeDef  USBD_CtlContinueSendData (USBD_HandleTypeDef  *pdev, 
 118:Middlewares/ST/STM32_USB_Device_Library/Core/Src/usbd_ioreq.c ****                                        uint8_t *pbuf,
 119:Middlewares/ST/STM32_USB_Device_Library/Core/Src/usbd_ioreq.c ****                                        uint16_t len)
 120:Middlewares/ST/STM32_USB_Device_Library/Core/Src/usbd_ioreq.c **** {
  70              		.loc 1 120 0
  71              		.cfi_startproc
  72              		@ args = 0, pretend = 0, frame = 0
  73              		@ frame_needed = 0, uses_anonymous_args = 0
  74              	.LVL4:
  75 0000 10B5     		push	{r4, lr}
  76              	.LCFI1:
  77              		.cfi_def_cfa_offset 8
  78              		.cfi_offset 4, -8
  79              		.cfi_offset 14, -4
  80              		.loc 1 120 0
  81 0002 0C46     		mov	r4, r1
  82 0004 1346     		mov	r3, r2
 121:Middlewares/ST/STM32_USB_Device_Library/Core/Src/usbd_ioreq.c ****  /* Start the next transfer */
 122:Middlewares/ST/STM32_USB_Device_Library/Core/Src/usbd_ioreq.c ****   USBD_LL_Transmit (pdev, 0x00, pbuf, len);   
  83              		.loc 1 122 0
  84 0006 0021     		movs	r1, #0
  85              	.LVL5:
  86 0008 2246     		mov	r2, r4
  87              	.LVL6:
  88 000a FFF7FEFF 		bl	USBD_LL_Transmit
  89              	.LVL7:
 123:Middlewares/ST/STM32_USB_Device_Library/Core/Src/usbd_ioreq.c ****   
 124:Middlewares/ST/STM32_USB_Device_Library/Core/Src/usbd_ioreq.c ****   return USBD_OK;
 125:Middlewares/ST/STM32_USB_Device_Library/Core/Src/usbd_ioreq.c **** }
  90              		.loc 1 125 0
  91 000e 0020     		movs	r0, #0
  92 0010 10BD     		pop	{r4, pc}
  93              		.cfi_endproc
  94              	.LFE126:
  96              		.section	.text.USBD_CtlPrepareRx,"ax",%progbits
  97              		.align	1
  98              		.global	USBD_CtlPrepareRx
  99              		.thumb
 100              		.thumb_func
 102              	USBD_CtlPrepareRx:
 103              	.LFB127:
 126:Middlewares/ST/STM32_USB_Device_Library/Core/Src/usbd_ioreq.c **** 
 127:Middlewares/ST/STM32_USB_Device_Library/Core/Src/usbd_ioreq.c **** /**
 128:Middlewares/ST/STM32_USB_Device_Library/Core/Src/usbd_ioreq.c **** * @brief  USBD_CtlPrepareRx
 129:Middlewares/ST/STM32_USB_Device_Library/Core/Src/usbd_ioreq.c **** *         receive data on the ctl pipe
 130:Middlewares/ST/STM32_USB_Device_Library/Core/Src/usbd_ioreq.c **** * @param  pdev: device instance
ARM GAS  /var/folders/19/rz7506jh8xn7x1006s6s574h0000gn/T//ccdhjFcY.s 			page 5


 131:Middlewares/ST/STM32_USB_Device_Library/Core/Src/usbd_ioreq.c **** * @param  buff: pointer to data buffer
 132:Middlewares/ST/STM32_USB_Device_Library/Core/Src/usbd_ioreq.c **** * @param  len: length of data to be received
 133:Middlewares/ST/STM32_USB_Device_Library/Core/Src/usbd_ioreq.c **** * @retval status
 134:Middlewares/ST/STM32_USB_Device_Library/Core/Src/usbd_ioreq.c **** */
 135:Middlewares/ST/STM32_USB_Device_Library/Core/Src/usbd_ioreq.c **** USBD_StatusTypeDef  USBD_CtlPrepareRx (USBD_HandleTypeDef  *pdev,
 136:Middlewares/ST/STM32_USB_Device_Library/Core/Src/usbd_ioreq.c ****                                   uint8_t *pbuf,                                  
 137:Middlewares/ST/STM32_USB_Device_Library/Core/Src/usbd_ioreq.c ****                                   uint16_t len)
 138:Middlewares/ST/STM32_USB_Device_Library/Core/Src/usbd_ioreq.c **** {
 104              		.loc 1 138 0
 105              		.cfi_startproc
 106              		@ args = 0, pretend = 0, frame = 0
 107              		@ frame_needed = 0, uses_anonymous_args = 0
 108              	.LVL8:
 109 0000 38B5     		push	{r3, r4, r5, lr}
 110              	.LCFI2:
 111              		.cfi_def_cfa_offset 16
 112              		.cfi_offset 3, -16
 113              		.cfi_offset 4, -12
 114              		.cfi_offset 5, -8
 115              		.cfi_offset 14, -4
 116              		.loc 1 138 0
 117 0002 1346     		mov	r3, r2
 118 0004 0D46     		mov	r5, r1
 139:Middlewares/ST/STM32_USB_Device_Library/Core/Src/usbd_ioreq.c ****   /* Set EP0 State */
 140:Middlewares/ST/STM32_USB_Device_Library/Core/Src/usbd_ioreq.c ****   pdev->ep0_state = USBD_EP0_DATA_OUT; 
 119              		.loc 1 140 0
 120 0006 0322     		movs	r2, #3
 121              	.LVL9:
 122 0008 C0F8F421 		str	r2, [r0, #500]
 141:Middlewares/ST/STM32_USB_Device_Library/Core/Src/usbd_ioreq.c ****   pdev->ep_out[0].total_length = len;
 123              		.loc 1 141 0
 124 000c C0F80831 		str	r3, [r0, #264]
 142:Middlewares/ST/STM32_USB_Device_Library/Core/Src/usbd_ioreq.c ****   pdev->ep_out[0].rem_length   = len;
 125              		.loc 1 142 0
 126 0010 C0F80C31 		str	r3, [r0, #268]
 143:Middlewares/ST/STM32_USB_Device_Library/Core/Src/usbd_ioreq.c ****   /* Start the transfer */
 144:Middlewares/ST/STM32_USB_Device_Library/Core/Src/usbd_ioreq.c ****   USBD_LL_PrepareReceive (pdev,
 127              		.loc 1 144 0
 128 0014 0021     		movs	r1, #0
 129              	.LVL10:
 130 0016 2A46     		mov	r2, r5
 131 0018 FFF7FEFF 		bl	USBD_LL_PrepareReceive
 132              	.LVL11:
 145:Middlewares/ST/STM32_USB_Device_Library/Core/Src/usbd_ioreq.c ****                           0,
 146:Middlewares/ST/STM32_USB_Device_Library/Core/Src/usbd_ioreq.c ****                           pbuf,
 147:Middlewares/ST/STM32_USB_Device_Library/Core/Src/usbd_ioreq.c ****                          len);
 148:Middlewares/ST/STM32_USB_Device_Library/Core/Src/usbd_ioreq.c ****   
 149:Middlewares/ST/STM32_USB_Device_Library/Core/Src/usbd_ioreq.c ****   return USBD_OK;
 150:Middlewares/ST/STM32_USB_Device_Library/Core/Src/usbd_ioreq.c **** }
 133              		.loc 1 150 0
 134 001c 0020     		movs	r0, #0
 135 001e 38BD     		pop	{r3, r4, r5, pc}
 136              		.cfi_endproc
 137              	.LFE127:
 139              		.section	.text.USBD_CtlContinueRx,"ax",%progbits
 140              		.align	1
 141              		.global	USBD_CtlContinueRx
ARM GAS  /var/folders/19/rz7506jh8xn7x1006s6s574h0000gn/T//ccdhjFcY.s 			page 6


 142              		.thumb
 143              		.thumb_func
 145              	USBD_CtlContinueRx:
 146              	.LFB128:
 151:Middlewares/ST/STM32_USB_Device_Library/Core/Src/usbd_ioreq.c **** 
 152:Middlewares/ST/STM32_USB_Device_Library/Core/Src/usbd_ioreq.c **** /**
 153:Middlewares/ST/STM32_USB_Device_Library/Core/Src/usbd_ioreq.c **** * @brief  USBD_CtlContinueRx
 154:Middlewares/ST/STM32_USB_Device_Library/Core/Src/usbd_ioreq.c **** *         continue receive data on the ctl pipe
 155:Middlewares/ST/STM32_USB_Device_Library/Core/Src/usbd_ioreq.c **** * @param  pdev: device instance
 156:Middlewares/ST/STM32_USB_Device_Library/Core/Src/usbd_ioreq.c **** * @param  buff: pointer to data buffer
 157:Middlewares/ST/STM32_USB_Device_Library/Core/Src/usbd_ioreq.c **** * @param  len: length of data to be received
 158:Middlewares/ST/STM32_USB_Device_Library/Core/Src/usbd_ioreq.c **** * @retval status
 159:Middlewares/ST/STM32_USB_Device_Library/Core/Src/usbd_ioreq.c **** */
 160:Middlewares/ST/STM32_USB_Device_Library/Core/Src/usbd_ioreq.c **** USBD_StatusTypeDef  USBD_CtlContinueRx (USBD_HandleTypeDef  *pdev, 
 161:Middlewares/ST/STM32_USB_Device_Library/Core/Src/usbd_ioreq.c ****                                           uint8_t *pbuf,                                          
 162:Middlewares/ST/STM32_USB_Device_Library/Core/Src/usbd_ioreq.c ****                                           uint16_t len)
 163:Middlewares/ST/STM32_USB_Device_Library/Core/Src/usbd_ioreq.c **** {
 147              		.loc 1 163 0
 148              		.cfi_startproc
 149              		@ args = 0, pretend = 0, frame = 0
 150              		@ frame_needed = 0, uses_anonymous_args = 0
 151              	.LVL12:
 152 0000 10B5     		push	{r4, lr}
 153              	.LCFI3:
 154              		.cfi_def_cfa_offset 8
 155              		.cfi_offset 4, -8
 156              		.cfi_offset 14, -4
 157              		.loc 1 163 0
 158 0002 0C46     		mov	r4, r1
 159 0004 1346     		mov	r3, r2
 164:Middlewares/ST/STM32_USB_Device_Library/Core/Src/usbd_ioreq.c **** 
 165:Middlewares/ST/STM32_USB_Device_Library/Core/Src/usbd_ioreq.c ****   USBD_LL_PrepareReceive (pdev,
 160              		.loc 1 165 0
 161 0006 0021     		movs	r1, #0
 162              	.LVL13:
 163 0008 2246     		mov	r2, r4
 164              	.LVL14:
 165 000a FFF7FEFF 		bl	USBD_LL_PrepareReceive
 166              	.LVL15:
 166:Middlewares/ST/STM32_USB_Device_Library/Core/Src/usbd_ioreq.c ****                           0,                     
 167:Middlewares/ST/STM32_USB_Device_Library/Core/Src/usbd_ioreq.c ****                           pbuf,                         
 168:Middlewares/ST/STM32_USB_Device_Library/Core/Src/usbd_ioreq.c ****                           len);
 169:Middlewares/ST/STM32_USB_Device_Library/Core/Src/usbd_ioreq.c ****   return USBD_OK;
 170:Middlewares/ST/STM32_USB_Device_Library/Core/Src/usbd_ioreq.c **** }
 167              		.loc 1 170 0
 168 000e 0020     		movs	r0, #0
 169 0010 10BD     		pop	{r4, pc}
 170              		.cfi_endproc
 171              	.LFE128:
 173              		.section	.text.USBD_CtlSendStatus,"ax",%progbits
 174              		.align	1
 175              		.global	USBD_CtlSendStatus
 176              		.thumb
 177              		.thumb_func
 179              	USBD_CtlSendStatus:
 180              	.LFB129:
 171:Middlewares/ST/STM32_USB_Device_Library/Core/Src/usbd_ioreq.c **** /**
ARM GAS  /var/folders/19/rz7506jh8xn7x1006s6s574h0000gn/T//ccdhjFcY.s 			page 7


 172:Middlewares/ST/STM32_USB_Device_Library/Core/Src/usbd_ioreq.c **** * @brief  USBD_CtlSendStatus
 173:Middlewares/ST/STM32_USB_Device_Library/Core/Src/usbd_ioreq.c **** *         send zero lzngth packet on the ctl pipe
 174:Middlewares/ST/STM32_USB_Device_Library/Core/Src/usbd_ioreq.c **** * @param  pdev: device instance
 175:Middlewares/ST/STM32_USB_Device_Library/Core/Src/usbd_ioreq.c **** * @retval status
 176:Middlewares/ST/STM32_USB_Device_Library/Core/Src/usbd_ioreq.c **** */
 177:Middlewares/ST/STM32_USB_Device_Library/Core/Src/usbd_ioreq.c **** USBD_StatusTypeDef  USBD_CtlSendStatus (USBD_HandleTypeDef  *pdev)
 178:Middlewares/ST/STM32_USB_Device_Library/Core/Src/usbd_ioreq.c **** {
 181              		.loc 1 178 0
 182              		.cfi_startproc
 183              		@ args = 0, pretend = 0, frame = 0
 184              		@ frame_needed = 0, uses_anonymous_args = 0
 185              	.LVL16:
 186 0000 08B5     		push	{r3, lr}
 187              	.LCFI4:
 188              		.cfi_def_cfa_offset 8
 189              		.cfi_offset 3, -8
 190              		.cfi_offset 14, -4
 179:Middlewares/ST/STM32_USB_Device_Library/Core/Src/usbd_ioreq.c **** 
 180:Middlewares/ST/STM32_USB_Device_Library/Core/Src/usbd_ioreq.c ****   /* Set EP0 State */
 181:Middlewares/ST/STM32_USB_Device_Library/Core/Src/usbd_ioreq.c ****   pdev->ep0_state = USBD_EP0_STATUS_IN;
 182:Middlewares/ST/STM32_USB_Device_Library/Core/Src/usbd_ioreq.c ****   
 183:Middlewares/ST/STM32_USB_Device_Library/Core/Src/usbd_ioreq.c ****  /* Start the transfer */
 184:Middlewares/ST/STM32_USB_Device_Library/Core/Src/usbd_ioreq.c ****   USBD_LL_Transmit (pdev, 0x00, NULL, 0);   
 191              		.loc 1 184 0
 192 0002 0021     		movs	r1, #0
 181:Middlewares/ST/STM32_USB_Device_Library/Core/Src/usbd_ioreq.c ****   pdev->ep0_state = USBD_EP0_STATUS_IN;
 193              		.loc 1 181 0
 194 0004 0423     		movs	r3, #4
 195 0006 C0F8F431 		str	r3, [r0, #500]
 196              		.loc 1 184 0
 197 000a 0A46     		mov	r2, r1
 198 000c 0B46     		mov	r3, r1
 199 000e FFF7FEFF 		bl	USBD_LL_Transmit
 200              	.LVL17:
 185:Middlewares/ST/STM32_USB_Device_Library/Core/Src/usbd_ioreq.c ****   
 186:Middlewares/ST/STM32_USB_Device_Library/Core/Src/usbd_ioreq.c ****   return USBD_OK;
 187:Middlewares/ST/STM32_USB_Device_Library/Core/Src/usbd_ioreq.c **** }
 201              		.loc 1 187 0
 202 0012 0020     		movs	r0, #0
 203 0014 08BD     		pop	{r3, pc}
 204              		.cfi_endproc
 205              	.LFE129:
 207              		.section	.text.USBD_CtlReceiveStatus,"ax",%progbits
 208              		.align	1
 209              		.global	USBD_CtlReceiveStatus
 210              		.thumb
 211              		.thumb_func
 213              	USBD_CtlReceiveStatus:
 214              	.LFB130:
 188:Middlewares/ST/STM32_USB_Device_Library/Core/Src/usbd_ioreq.c **** 
 189:Middlewares/ST/STM32_USB_Device_Library/Core/Src/usbd_ioreq.c **** /**
 190:Middlewares/ST/STM32_USB_Device_Library/Core/Src/usbd_ioreq.c **** * @brief  USBD_CtlReceiveStatus
 191:Middlewares/ST/STM32_USB_Device_Library/Core/Src/usbd_ioreq.c **** *         receive zero lzngth packet on the ctl pipe
 192:Middlewares/ST/STM32_USB_Device_Library/Core/Src/usbd_ioreq.c **** * @param  pdev: device instance
 193:Middlewares/ST/STM32_USB_Device_Library/Core/Src/usbd_ioreq.c **** * @retval status
 194:Middlewares/ST/STM32_USB_Device_Library/Core/Src/usbd_ioreq.c **** */
 195:Middlewares/ST/STM32_USB_Device_Library/Core/Src/usbd_ioreq.c **** USBD_StatusTypeDef  USBD_CtlReceiveStatus (USBD_HandleTypeDef  *pdev)
ARM GAS  /var/folders/19/rz7506jh8xn7x1006s6s574h0000gn/T//ccdhjFcY.s 			page 8


 196:Middlewares/ST/STM32_USB_Device_Library/Core/Src/usbd_ioreq.c **** {
 215              		.loc 1 196 0
 216              		.cfi_startproc
 217              		@ args = 0, pretend = 0, frame = 0
 218              		@ frame_needed = 0, uses_anonymous_args = 0
 219              	.LVL18:
 220 0000 08B5     		push	{r3, lr}
 221              	.LCFI5:
 222              		.cfi_def_cfa_offset 8
 223              		.cfi_offset 3, -8
 224              		.cfi_offset 14, -4
 197:Middlewares/ST/STM32_USB_Device_Library/Core/Src/usbd_ioreq.c ****   /* Set EP0 State */
 198:Middlewares/ST/STM32_USB_Device_Library/Core/Src/usbd_ioreq.c ****   pdev->ep0_state = USBD_EP0_STATUS_OUT; 
 199:Middlewares/ST/STM32_USB_Device_Library/Core/Src/usbd_ioreq.c ****   
 200:Middlewares/ST/STM32_USB_Device_Library/Core/Src/usbd_ioreq.c ****  /* Start the transfer */  
 201:Middlewares/ST/STM32_USB_Device_Library/Core/Src/usbd_ioreq.c ****   USBD_LL_PrepareReceive ( pdev,
 225              		.loc 1 201 0
 226 0002 0021     		movs	r1, #0
 198:Middlewares/ST/STM32_USB_Device_Library/Core/Src/usbd_ioreq.c ****   pdev->ep0_state = USBD_EP0_STATUS_OUT; 
 227              		.loc 1 198 0
 228 0004 0523     		movs	r3, #5
 229 0006 C0F8F431 		str	r3, [r0, #500]
 230              		.loc 1 201 0
 231 000a 0A46     		mov	r2, r1
 232 000c 0B46     		mov	r3, r1
 233 000e FFF7FEFF 		bl	USBD_LL_PrepareReceive
 234              	.LVL19:
 202:Middlewares/ST/STM32_USB_Device_Library/Core/Src/usbd_ioreq.c ****                     0,
 203:Middlewares/ST/STM32_USB_Device_Library/Core/Src/usbd_ioreq.c ****                     NULL,
 204:Middlewares/ST/STM32_USB_Device_Library/Core/Src/usbd_ioreq.c ****                     0);  
 205:Middlewares/ST/STM32_USB_Device_Library/Core/Src/usbd_ioreq.c **** 
 206:Middlewares/ST/STM32_USB_Device_Library/Core/Src/usbd_ioreq.c ****   return USBD_OK;
 207:Middlewares/ST/STM32_USB_Device_Library/Core/Src/usbd_ioreq.c **** }
 235              		.loc 1 207 0
 236 0012 0020     		movs	r0, #0
 237 0014 08BD     		pop	{r3, pc}
 238              		.cfi_endproc
 239              	.LFE130:
 241              		.section	.text.USBD_GetRxCount,"ax",%progbits
 242              		.align	1
 243              		.global	USBD_GetRxCount
 244              		.thumb
 245              		.thumb_func
 247              	USBD_GetRxCount:
 248              	.LFB131:
 208:Middlewares/ST/STM32_USB_Device_Library/Core/Src/usbd_ioreq.c **** 
 209:Middlewares/ST/STM32_USB_Device_Library/Core/Src/usbd_ioreq.c **** 
 210:Middlewares/ST/STM32_USB_Device_Library/Core/Src/usbd_ioreq.c **** /**
 211:Middlewares/ST/STM32_USB_Device_Library/Core/Src/usbd_ioreq.c **** * @brief  USBD_GetRxCount
 212:Middlewares/ST/STM32_USB_Device_Library/Core/Src/usbd_ioreq.c **** *         returns the received data length
 213:Middlewares/ST/STM32_USB_Device_Library/Core/Src/usbd_ioreq.c **** * @param  pdev: device instance
 214:Middlewares/ST/STM32_USB_Device_Library/Core/Src/usbd_ioreq.c **** * @param  ep_addr: endpoint address
 215:Middlewares/ST/STM32_USB_Device_Library/Core/Src/usbd_ioreq.c **** * @retval Rx Data blength
 216:Middlewares/ST/STM32_USB_Device_Library/Core/Src/usbd_ioreq.c **** */
 217:Middlewares/ST/STM32_USB_Device_Library/Core/Src/usbd_ioreq.c **** uint16_t  USBD_GetRxCount (USBD_HandleTypeDef  *pdev , uint8_t ep_addr)
 218:Middlewares/ST/STM32_USB_Device_Library/Core/Src/usbd_ioreq.c **** {
 249              		.loc 1 218 0
ARM GAS  /var/folders/19/rz7506jh8xn7x1006s6s574h0000gn/T//ccdhjFcY.s 			page 9


 250              		.cfi_startproc
 251              		@ args = 0, pretend = 0, frame = 0
 252              		@ frame_needed = 0, uses_anonymous_args = 0
 253              	.LVL20:
 254 0000 08B5     		push	{r3, lr}
 255              	.LCFI6:
 256              		.cfi_def_cfa_offset 8
 257              		.cfi_offset 3, -8
 258              		.cfi_offset 14, -4
 219:Middlewares/ST/STM32_USB_Device_Library/Core/Src/usbd_ioreq.c ****   return USBD_LL_GetRxDataSize(pdev, ep_addr);
 259              		.loc 1 219 0
 260 0002 FFF7FEFF 		bl	USBD_LL_GetRxDataSize
 261              	.LVL21:
 220:Middlewares/ST/STM32_USB_Device_Library/Core/Src/usbd_ioreq.c **** }
 262              		.loc 1 220 0
 263 0006 80B2     		uxth	r0, r0
 264 0008 08BD     		pop	{r3, pc}
 265              		.cfi_endproc
 266              	.LFE131:
 268              		.text
 269              	.Letext0:
 270              		.file 2 "/Users/Arethusa/Library/Arduino15/packages/arduino/tools/arm-none-eabi-gcc/4.8.3-2014q1/a
 271              		.file 3 "/Users/Arethusa/Library/Arduino15/packages/arduino/tools/arm-none-eabi-gcc/4.8.3-2014q1/a
 272              		.file 4 "Inc/usbd_def.h"
 273              		.file 5 "Inc/usbd_core.h"
 274              		.file 6 "Drivers/CMSIS/Include/core_cm4.h"
ARM GAS  /var/folders/19/rz7506jh8xn7x1006s6s574h0000gn/T//ccdhjFcY.s 			page 10


DEFINED SYMBOLS
                            *ABS*:0000000000000000 usbd_ioreq.c
/var/folders/19/rz7506jh8xn7x1006s6s574h0000gn/T//ccdhjFcY.s:19     .text.USBD_CtlSendData:0000000000000000 $t
/var/folders/19/rz7506jh8xn7x1006s6s574h0000gn/T//ccdhjFcY.s:24     .text.USBD_CtlSendData:0000000000000000 USBD_CtlSendData
/var/folders/19/rz7506jh8xn7x1006s6s574h0000gn/T//ccdhjFcY.s:63     .text.USBD_CtlContinueSendData:0000000000000000 $t
/var/folders/19/rz7506jh8xn7x1006s6s574h0000gn/T//ccdhjFcY.s:68     .text.USBD_CtlContinueSendData:0000000000000000 USBD_CtlContinueSendData
/var/folders/19/rz7506jh8xn7x1006s6s574h0000gn/T//ccdhjFcY.s:97     .text.USBD_CtlPrepareRx:0000000000000000 $t
/var/folders/19/rz7506jh8xn7x1006s6s574h0000gn/T//ccdhjFcY.s:102    .text.USBD_CtlPrepareRx:0000000000000000 USBD_CtlPrepareRx
/var/folders/19/rz7506jh8xn7x1006s6s574h0000gn/T//ccdhjFcY.s:140    .text.USBD_CtlContinueRx:0000000000000000 $t
/var/folders/19/rz7506jh8xn7x1006s6s574h0000gn/T//ccdhjFcY.s:145    .text.USBD_CtlContinueRx:0000000000000000 USBD_CtlContinueRx
/var/folders/19/rz7506jh8xn7x1006s6s574h0000gn/T//ccdhjFcY.s:174    .text.USBD_CtlSendStatus:0000000000000000 $t
/var/folders/19/rz7506jh8xn7x1006s6s574h0000gn/T//ccdhjFcY.s:179    .text.USBD_CtlSendStatus:0000000000000000 USBD_CtlSendStatus
/var/folders/19/rz7506jh8xn7x1006s6s574h0000gn/T//ccdhjFcY.s:208    .text.USBD_CtlReceiveStatus:0000000000000000 $t
/var/folders/19/rz7506jh8xn7x1006s6s574h0000gn/T//ccdhjFcY.s:213    .text.USBD_CtlReceiveStatus:0000000000000000 USBD_CtlReceiveStatus
/var/folders/19/rz7506jh8xn7x1006s6s574h0000gn/T//ccdhjFcY.s:242    .text.USBD_GetRxCount:0000000000000000 $t
/var/folders/19/rz7506jh8xn7x1006s6s574h0000gn/T//ccdhjFcY.s:247    .text.USBD_GetRxCount:0000000000000000 USBD_GetRxCount
                     .debug_frame:0000000000000010 $d

UNDEFINED SYMBOLS
USBD_LL_Transmit
USBD_LL_PrepareReceive
USBD_LL_GetRxDataSize
