ARM GAS  /var/folders/19/rz7506jh8xn7x1006s6s574h0000gn/T//ccloMNyE.s 			page 1


   1              		.syntax unified
   2              		.cpu cortex-m4
   3              		.fpu softvfp
   4              		.eabi_attribute 20, 1
   5              		.eabi_attribute 21, 1
   6              		.eabi_attribute 23, 3
   7              		.eabi_attribute 24, 1
   8              		.eabi_attribute 25, 1
   9              		.eabi_attribute 26, 1
  10              		.eabi_attribute 30, 4
  11              		.eabi_attribute 34, 1
  12              		.eabi_attribute 18, 4
  13              		.thumb
  14              		.syntax unified
  15              		.file	"wiring_shift.c"
  16              		.text
  17              	.Ltext0:
  18              		.cfi_sections	.debug_frame
  19              		.section	.text.shiftIn,"ax",%progbits
  20              		.align	1
  21              		.global	shiftIn
  22              		.thumb
  23              		.thumb_func
  25              	shiftIn:
  26              	.LFB126:
  27              		.file 1 "../../cores/mapleMX/wiring_shift.c"
   1:../../cores/mapleMX/wiring_shift.c **** /*
   2:../../cores/mapleMX/wiring_shift.c ****   Copyright (c) 2011 Arduino.  All right reserved.
   3:../../cores/mapleMX/wiring_shift.c **** 
   4:../../cores/mapleMX/wiring_shift.c ****   This library is free software; you can redistribute it and/or
   5:../../cores/mapleMX/wiring_shift.c ****   modify it under the terms of the GNU Lesser General Public
   6:../../cores/mapleMX/wiring_shift.c ****   License as published by the Free Software Foundation; either
   7:../../cores/mapleMX/wiring_shift.c ****   version 2.1 of the License, or (at your option) any later version.
   8:../../cores/mapleMX/wiring_shift.c **** 
   9:../../cores/mapleMX/wiring_shift.c ****   This library is distributed in the hope that it will be useful,
  10:../../cores/mapleMX/wiring_shift.c ****   but WITHOUT ANY WARRANTY; without even the implied warranty of
  11:../../cores/mapleMX/wiring_shift.c ****   MERCHANTABILITY or FITNESS FOR A PARTICULAR PURPOSE. 
  12:../../cores/mapleMX/wiring_shift.c ****   See the GNU Lesser General Public License for more details.
  13:../../cores/mapleMX/wiring_shift.c **** 
  14:../../cores/mapleMX/wiring_shift.c ****   You should have received a copy of the GNU Lesser General Public
  15:../../cores/mapleMX/wiring_shift.c ****   License along with this library; if not, write to the Free Software
  16:../../cores/mapleMX/wiring_shift.c ****   Foundation, Inc., 51 Franklin St, Fifth Floor, Boston, MA  02110-1301  USA
  17:../../cores/mapleMX/wiring_shift.c **** */
  18:../../cores/mapleMX/wiring_shift.c **** 
  19:../../cores/mapleMX/wiring_shift.c **** #include "Arduino.h"
  20:../../cores/mapleMX/wiring_shift.c **** 
  21:../../cores/mapleMX/wiring_shift.c **** #ifdef __cplusplus
  22:../../cores/mapleMX/wiring_shift.c **** extern "C"{
  23:../../cores/mapleMX/wiring_shift.c **** #endif
  24:../../cores/mapleMX/wiring_shift.c **** 
  25:../../cores/mapleMX/wiring_shift.c **** uint32_t shiftIn( uint32_t ulDataPin, uint32_t ulClockPin, uint32_t ulBitOrder )
  26:../../cores/mapleMX/wiring_shift.c **** {
  28              		.loc 1 26 0
  29              		.cfi_startproc
  30              		@ args = 0, pretend = 0, frame = 0
  31              		@ frame_needed = 0, uses_anonymous_args = 0
  32              	.LVL0:
ARM GAS  /var/folders/19/rz7506jh8xn7x1006s6s574h0000gn/T//ccloMNyE.s 			page 2


  33 0000 2DE9F041 		push	{r4, r5, r6, r7, r8, lr}
  34              	.LCFI0:
  35              		.cfi_def_cfa_offset 24
  36              		.cfi_offset 4, -24
  37              		.cfi_offset 5, -20
  38              		.cfi_offset 6, -16
  39              		.cfi_offset 7, -12
  40              		.cfi_offset 8, -8
  41              		.cfi_offset 14, -4
  42              		.loc 1 26 0
  43 0004 0746     		mov	r7, r0
  44 0006 0E46     		mov	r6, r1
  45 0008 9046     		mov	r8, r2
  46 000a 0725     		movs	r5, #7
  27:../../cores/mapleMX/wiring_shift.c **** 	uint8_t value = 0 ;
  47              		.loc 1 27 0
  48 000c 0024     		movs	r4, #0
  49              	.LVL1:
  50              	.L4:
  28:../../cores/mapleMX/wiring_shift.c **** 	uint8_t i ;
  29:../../cores/mapleMX/wiring_shift.c **** 
  30:../../cores/mapleMX/wiring_shift.c **** 	for ( i=0 ; i < 8 ; ++i )
  31:../../cores/mapleMX/wiring_shift.c ****     {
  32:../../cores/mapleMX/wiring_shift.c **** 		digitalWrite( ulClockPin, HIGH ) ;
  51              		.loc 1 32 0
  52 000e 3046     		mov	r0, r6
  53 0010 0121     		movs	r1, #1
  54 0012 FFF7FEFF 		bl	digitalWrite
  55              	.LVL2:
  33:../../cores/mapleMX/wiring_shift.c **** 
  34:../../cores/mapleMX/wiring_shift.c **** 		if ( ulBitOrder == LSBFIRST )
  35:../../cores/mapleMX/wiring_shift.c ****         {
  36:../../cores/mapleMX/wiring_shift.c **** 			value |= digitalRead( ulDataPin ) << i ;
  56              		.loc 1 36 0
  57 0016 3846     		mov	r0, r7
  34:../../cores/mapleMX/wiring_shift.c ****         {
  58              		.loc 1 34 0
  59 0018 B8F1000F 		cmp	r8, #0
  60 001c 05D1     		bne	.L2
  61              	.LVL3:
  62              		.loc 1 36 0
  63 001e FFF7FEFF 		bl	digitalRead
  64              	.LVL4:
  65 0022 C5F10703 		rsb	r3, r5, #7
  66 0026 9840     		lsls	r0, r0, r3
  67 0028 02E0     		b	.L6
  68              	.LVL5:
  69              	.L2:
  37:../../cores/mapleMX/wiring_shift.c ****         }
  38:../../cores/mapleMX/wiring_shift.c **** 		else
  39:../../cores/mapleMX/wiring_shift.c ****         {
  40:../../cores/mapleMX/wiring_shift.c **** 			value |= digitalRead( ulDataPin ) << (7 - i) ;
  70              		.loc 1 40 0
  71 002a FFF7FEFF 		bl	digitalRead
  72              	.LVL6:
  73 002e A840     		lsls	r0, r0, r5
  74              	.L6:
ARM GAS  /var/folders/19/rz7506jh8xn7x1006s6s574h0000gn/T//ccloMNyE.s 			page 3


  75 0030 0443     		orrs	r4, r4, r0
  76              	.LVL7:
  41:../../cores/mapleMX/wiring_shift.c ****         }
  42:../../cores/mapleMX/wiring_shift.c **** 
  43:../../cores/mapleMX/wiring_shift.c **** 		digitalWrite( ulClockPin, LOW ) ;
  77              		.loc 1 43 0
  78 0032 0021     		movs	r1, #0
  79 0034 3046     		mov	r0, r6
  80 0036 FFF7FEFF 		bl	digitalWrite
  81              	.LVL8:
  30:../../cores/mapleMX/wiring_shift.c ****     {
  82              		.loc 1 30 0
  83 003a 15F1FF35 		adds	r5, r5, #-1
  84              	.LVL9:
  40:../../cores/mapleMX/wiring_shift.c ****         }
  85              		.loc 1 40 0
  86 003e E4B2     		uxtb	r4, r4
  87              	.LVL10:
  30:../../cores/mapleMX/wiring_shift.c ****     {
  88              		.loc 1 30 0
  89 0040 E5D2     		bcs	.L4
  44:../../cores/mapleMX/wiring_shift.c **** 	}
  45:../../cores/mapleMX/wiring_shift.c **** 
  46:../../cores/mapleMX/wiring_shift.c **** 	return value ;
  47:../../cores/mapleMX/wiring_shift.c **** }
  90              		.loc 1 47 0
  91 0042 2046     		mov	r0, r4
  92 0044 BDE8F081 		pop	{r4, r5, r6, r7, r8, pc}
  93              		.cfi_endproc
  94              	.LFE126:
  96              		.section	.text.shiftOut,"ax",%progbits
  97              		.align	1
  98              		.global	shiftOut
  99              		.thumb
 100              		.thumb_func
 102              	shiftOut:
 103              	.LFB127:
  48:../../cores/mapleMX/wiring_shift.c **** 
  49:../../cores/mapleMX/wiring_shift.c **** void shiftOut( uint32_t ulDataPin, uint32_t ulClockPin, uint32_t ulBitOrder, uint32_t ulVal )
  50:../../cores/mapleMX/wiring_shift.c **** {
 104              		.loc 1 50 0
 105              		.cfi_startproc
 106              		@ args = 0, pretend = 0, frame = 0
 107              		@ frame_needed = 0, uses_anonymous_args = 0
 108              	.LVL11:
 109 0000 2DE9F843 		push	{r3, r4, r5, r6, r7, r8, r9, lr}
 110              	.LCFI1:
 111              		.cfi_def_cfa_offset 32
 112              		.cfi_offset 3, -32
 113              		.cfi_offset 4, -28
 114              		.cfi_offset 5, -24
 115              		.cfi_offset 6, -20
 116              		.cfi_offset 7, -16
 117              		.cfi_offset 8, -12
 118              		.cfi_offset 9, -8
 119              		.cfi_offset 14, -4
 120              		.loc 1 50 0
ARM GAS  /var/folders/19/rz7506jh8xn7x1006s6s574h0000gn/T//ccloMNyE.s 			page 4


 121 0004 0646     		mov	r6, r0
 122 0006 0D46     		mov	r5, r1
 123 0008 9146     		mov	r9, r2
 124 000a 1F46     		mov	r7, r3
 125 000c 0724     		movs	r4, #7
 126 000e 4FF00108 		mov	r8, #1
 127              	.LVL12:
 128              	.L11:
  51:../../cores/mapleMX/wiring_shift.c **** 	uint8_t i ;
  52:../../cores/mapleMX/wiring_shift.c **** 
  53:../../cores/mapleMX/wiring_shift.c **** 	for ( i=0 ; i < 8 ; i++ )
  54:../../cores/mapleMX/wiring_shift.c ****     {
  55:../../cores/mapleMX/wiring_shift.c **** 		if ( ulBitOrder == LSBFIRST )
 129              		.loc 1 55 0
 130 0012 B9F1000F 		cmp	r9, #0
 131 0016 04D1     		bne	.L9
  56:../../cores/mapleMX/wiring_shift.c ****         {
  57:../../cores/mapleMX/wiring_shift.c **** 			digitalWrite( ulDataPin, !!(ulVal & (1 << i)) ) ;
 132              		.loc 1 57 0
 133 0018 C4F10703 		rsb	r3, r4, #7
 134 001c 08FA03F3 		lsl	r3, r8, r3
 135 0020 01E0     		b	.L13
 136              	.L9:
  58:../../cores/mapleMX/wiring_shift.c ****         }
  59:../../cores/mapleMX/wiring_shift.c **** 		else	
  60:../../cores/mapleMX/wiring_shift.c ****         {
  61:../../cores/mapleMX/wiring_shift.c **** 			digitalWrite( ulDataPin, !!(ulVal & (1 << (7 - i))) ) ;
 137              		.loc 1 61 0
 138 0022 08FA04F3 		lsl	r3, r8, r4
 139              	.L13:
 140 0026 3B42     		tst	r3, r7
 141 0028 14BF     		ite	ne
 142 002a 0121     		movne	r1, #1
 143 002c 0021     		moveq	r1, #0
 144 002e 3046     		mov	r0, r6
 145 0030 FFF7FEFF 		bl	digitalWrite
 146              	.LVL13:
  62:../../cores/mapleMX/wiring_shift.c ****         }
  63:../../cores/mapleMX/wiring_shift.c **** 
  64:../../cores/mapleMX/wiring_shift.c **** 		digitalWrite( ulClockPin, HIGH ) ;
 147              		.loc 1 64 0
 148 0034 0121     		movs	r1, #1
 149 0036 2846     		mov	r0, r5
 150 0038 FFF7FEFF 		bl	digitalWrite
 151              	.LVL14:
  65:../../cores/mapleMX/wiring_shift.c **** 		digitalWrite( ulClockPin, LOW ) ;		
 152              		.loc 1 65 0
 153 003c 0021     		movs	r1, #0
 154 003e 2846     		mov	r0, r5
 155 0040 FFF7FEFF 		bl	digitalWrite
 156              	.LVL15:
  53:../../cores/mapleMX/wiring_shift.c ****     {
 157              		.loc 1 53 0
 158 0044 14F1FF34 		adds	r4, r4, #-1
 159              	.LVL16:
 160 0048 E3D2     		bcs	.L11
  66:../../cores/mapleMX/wiring_shift.c **** 	}
ARM GAS  /var/folders/19/rz7506jh8xn7x1006s6s574h0000gn/T//ccloMNyE.s 			page 5


  67:../../cores/mapleMX/wiring_shift.c **** }
 161              		.loc 1 67 0
 162 004a BDE8F883 		pop	{r3, r4, r5, r6, r7, r8, r9, pc}
 163              		.cfi_endproc
 164              	.LFE127:
 166              		.text
 167              	.Letext0:
 168              		.file 2 "/Applications/Ac6/SystemWorkbench.app/Contents/Eclipse/plugins/fr.ac6.mcu.externaltools.a
 169              		.file 3 "/Applications/Ac6/SystemWorkbench.app/Contents/Eclipse/plugins/fr.ac6.mcu.externaltools.a
 170              		.file 4 "../../cores/mapleMX/wiring_digital.h"
 171              		.file 5 "../../cores/mapleMX/wiring_constants.h"
 172              		.file 6 "Drivers/CMSIS/Include/core_cm4.h"
ARM GAS  /var/folders/19/rz7506jh8xn7x1006s6s574h0000gn/T//ccloMNyE.s 			page 6


DEFINED SYMBOLS
                            *ABS*:0000000000000000 wiring_shift.c
/var/folders/19/rz7506jh8xn7x1006s6s574h0000gn/T//ccloMNyE.s:20     .text.shiftIn:0000000000000000 $t
/var/folders/19/rz7506jh8xn7x1006s6s574h0000gn/T//ccloMNyE.s:25     .text.shiftIn:0000000000000000 shiftIn
/var/folders/19/rz7506jh8xn7x1006s6s574h0000gn/T//ccloMNyE.s:97     .text.shiftOut:0000000000000000 $t
/var/folders/19/rz7506jh8xn7x1006s6s574h0000gn/T//ccloMNyE.s:102    .text.shiftOut:0000000000000000 shiftOut
                     .debug_frame:0000000000000010 $d

UNDEFINED SYMBOLS
digitalWrite
digitalRead
