ARM GAS  /var/folders/19/rz7506jh8xn7x1006s6s574h0000gn/T//ccwCXpkq.s 			page 1


   1              		.syntax unified
   2              		.cpu cortex-m4
   3              		.fpu softvfp
   4              		.eabi_attribute 20, 1
   5              		.eabi_attribute 21, 1
   6              		.eabi_attribute 23, 3
   7              		.eabi_attribute 24, 1
   8              		.eabi_attribute 25, 1
   9              		.eabi_attribute 26, 1
  10              		.eabi_attribute 30, 4
  11              		.eabi_attribute 34, 1
  12              		.eabi_attribute 18, 4
  13              		.thumb
  14              		.file	"stm32f1xx_hal_msp.c"
  15              		.text
  16              	.Ltext0:
  17              		.cfi_sections	.debug_frame
  18              		.section	.text.HAL_MspInit,"ax",%progbits
  19              		.align	1
  20              		.global	HAL_MspInit
  21              		.thumb
  22              		.thumb_func
  24              	HAL_MspInit:
  25              	.LFB63:
  26              		.file 1 "Src/stm32f1xx_hal_msp.c"
   1:Src/stm32f1xx_hal_msp.c **** /**
   2:Src/stm32f1xx_hal_msp.c ****   ******************************************************************************
   3:Src/stm32f1xx_hal_msp.c ****   * File Name          : stm32f1xx_hal_msp.c
   4:Src/stm32f1xx_hal_msp.c ****   * Description        : This file provides code for the MSP Initialization 
   5:Src/stm32f1xx_hal_msp.c ****   *                      and de-Initialization codes.
   6:Src/stm32f1xx_hal_msp.c ****   ******************************************************************************
   7:Src/stm32f1xx_hal_msp.c ****   *
   8:Src/stm32f1xx_hal_msp.c ****   * COPYRIGHT(c) 2016 STMicroelectronics
   9:Src/stm32f1xx_hal_msp.c ****   *
  10:Src/stm32f1xx_hal_msp.c ****   * Redistribution and use in source and binary forms, with or without modification,
  11:Src/stm32f1xx_hal_msp.c ****   * are permitted provided that the following conditions are met:
  12:Src/stm32f1xx_hal_msp.c ****   *   1. Redistributions of source code must retain the above copyright notice,
  13:Src/stm32f1xx_hal_msp.c ****   *      this list of conditions and the following disclaimer.
  14:Src/stm32f1xx_hal_msp.c ****   *   2. Redistributions in binary form must reproduce the above copyright notice,
  15:Src/stm32f1xx_hal_msp.c ****   *      this list of conditions and the following disclaimer in the documentation
  16:Src/stm32f1xx_hal_msp.c ****   *      and/or other materials provided with the distribution.
  17:Src/stm32f1xx_hal_msp.c ****   *   3. Neither the name of STMicroelectronics nor the names of its contributors
  18:Src/stm32f1xx_hal_msp.c ****   *      may be used to endorse or promote products derived from this software
  19:Src/stm32f1xx_hal_msp.c ****   *      without specific prior written permission.
  20:Src/stm32f1xx_hal_msp.c ****   *
  21:Src/stm32f1xx_hal_msp.c ****   * THIS SOFTWARE IS PROVIDED BY THE COPYRIGHT HOLDERS AND CONTRIBUTORS "AS IS"
  22:Src/stm32f1xx_hal_msp.c ****   * AND ANY EXPRESS OR IMPLIED WARRANTIES, INCLUDING, BUT NOT LIMITED TO, THE
  23:Src/stm32f1xx_hal_msp.c ****   * IMPLIED WARRANTIES OF MERCHANTABILITY AND FITNESS FOR A PARTICULAR PURPOSE ARE
  24:Src/stm32f1xx_hal_msp.c ****   * DISCLAIMED. IN NO EVENT SHALL THE COPYRIGHT HOLDER OR CONTRIBUTORS BE LIABLE
  25:Src/stm32f1xx_hal_msp.c ****   * FOR ANY DIRECT, INDIRECT, INCIDENTAL, SPECIAL, EXEMPLARY, OR CONSEQUENTIAL
  26:Src/stm32f1xx_hal_msp.c ****   * DAMAGES (INCLUDING, BUT NOT LIMITED TO, PROCUREMENT OF SUBSTITUTE GOODS OR
  27:Src/stm32f1xx_hal_msp.c ****   * SERVICES; LOSS OF USE, DATA, OR PROFITS; OR BUSINESS INTERRUPTION) HOWEVER
  28:Src/stm32f1xx_hal_msp.c ****   * CAUSED AND ON ANY THEORY OF LIABILITY, WHETHER IN CONTRACT, STRICT LIABILITY,
  29:Src/stm32f1xx_hal_msp.c ****   * OR TORT (INCLUDING NEGLIGENCE OR OTHERWISE) ARISING IN ANY WAY OUT OF THE USE
  30:Src/stm32f1xx_hal_msp.c ****   * OF THIS SOFTWARE, EVEN IF ADVISED OF THE POSSIBILITY OF SUCH DAMAGE.
  31:Src/stm32f1xx_hal_msp.c ****   *
  32:Src/stm32f1xx_hal_msp.c ****   ******************************************************************************
ARM GAS  /var/folders/19/rz7506jh8xn7x1006s6s574h0000gn/T//ccwCXpkq.s 			page 2


  33:Src/stm32f1xx_hal_msp.c ****   */
  34:Src/stm32f1xx_hal_msp.c **** /* Includes ------------------------------------------------------------------*/
  35:Src/stm32f1xx_hal_msp.c **** #include "stm32f1xx_hal.h"
  36:Src/stm32f1xx_hal_msp.c **** 
  37:Src/stm32f1xx_hal_msp.c **** extern void Error_Handler(void);
  38:Src/stm32f1xx_hal_msp.c **** /* USER CODE BEGIN 0 */
  39:Src/stm32f1xx_hal_msp.c **** 
  40:Src/stm32f1xx_hal_msp.c **** /* USER CODE END 0 */
  41:Src/stm32f1xx_hal_msp.c **** 
  42:Src/stm32f1xx_hal_msp.c **** /**
  43:Src/stm32f1xx_hal_msp.c ****   * Initializes the Global MSP.
  44:Src/stm32f1xx_hal_msp.c ****   */
  45:Src/stm32f1xx_hal_msp.c **** void HAL_MspInit(void)
  46:Src/stm32f1xx_hal_msp.c **** {
  27              		.loc 1 46 0
  28              		.cfi_startproc
  29              		@ args = 0, pretend = 0, frame = 8
  30              		@ frame_needed = 0, uses_anonymous_args = 0
  31              	.LBB2:
  47:Src/stm32f1xx_hal_msp.c ****   /* USER CODE BEGIN MspInit 0 */
  48:Src/stm32f1xx_hal_msp.c **** 
  49:Src/stm32f1xx_hal_msp.c ****   /* USER CODE END MspInit 0 */
  50:Src/stm32f1xx_hal_msp.c **** 
  51:Src/stm32f1xx_hal_msp.c ****   __HAL_RCC_AFIO_CLK_ENABLE();
  32              		.loc 1 51 0
  33 0000 204B     		ldr	r3, .L2
  34              	.LBE2:
  46:Src/stm32f1xx_hal_msp.c **** {
  35              		.loc 1 46 0
  36 0002 07B5     		push	{r0, r1, r2, lr}
  37              	.LCFI0:
  38              		.cfi_def_cfa_offset 16
  39              		.cfi_offset 0, -16
  40              		.cfi_offset 1, -12
  41              		.cfi_offset 2, -8
  42              		.cfi_offset 14, -4
  43              	.LBB3:
  44              		.loc 1 51 0
  45 0004 9A69     		ldr	r2, [r3, #24]
  46 0006 42F00102 		orr	r2, r2, #1
  47 000a 9A61     		str	r2, [r3, #24]
  48 000c 9B69     		ldr	r3, [r3, #24]
  49 000e 03F00103 		and	r3, r3, #1
  50 0012 0193     		str	r3, [sp, #4]
  51              	.LBE3:
  52:Src/stm32f1xx_hal_msp.c **** 
  53:Src/stm32f1xx_hal_msp.c ****   HAL_NVIC_SetPriorityGrouping(NVIC_PRIORITYGROUP_4);
  52              		.loc 1 53 0
  53 0014 0320     		movs	r0, #3
  54              	.LBB4:
  51:Src/stm32f1xx_hal_msp.c ****   __HAL_RCC_AFIO_CLK_ENABLE();
  55              		.loc 1 51 0
  56 0016 019B     		ldr	r3, [sp, #4]
  57              	.LBE4:
  58              		.loc 1 53 0
  59 0018 FFF7FEFF 		bl	HAL_NVIC_SetPriorityGrouping
  60              	.LVL0:
ARM GAS  /var/folders/19/rz7506jh8xn7x1006s6s574h0000gn/T//ccwCXpkq.s 			page 3


  54:Src/stm32f1xx_hal_msp.c **** 
  55:Src/stm32f1xx_hal_msp.c ****   /* System interrupt init*/
  56:Src/stm32f1xx_hal_msp.c ****   /* MemoryManagement_IRQn interrupt configuration */
  57:Src/stm32f1xx_hal_msp.c ****   HAL_NVIC_SetPriority(MemoryManagement_IRQn, 0, 0);
  61              		.loc 1 57 0
  62 001c 0021     		movs	r1, #0
  63 001e 0A46     		mov	r2, r1
  64 0020 6FF00B00 		mvn	r0, #11
  65 0024 FFF7FEFF 		bl	HAL_NVIC_SetPriority
  66              	.LVL1:
  58:Src/stm32f1xx_hal_msp.c ****   /* BusFault_IRQn interrupt configuration */
  59:Src/stm32f1xx_hal_msp.c ****   HAL_NVIC_SetPriority(BusFault_IRQn, 0, 0);
  67              		.loc 1 59 0
  68 0028 0021     		movs	r1, #0
  69 002a 0A46     		mov	r2, r1
  70 002c 6FF00A00 		mvn	r0, #10
  71 0030 FFF7FEFF 		bl	HAL_NVIC_SetPriority
  72              	.LVL2:
  60:Src/stm32f1xx_hal_msp.c ****   /* UsageFault_IRQn interrupt configuration */
  61:Src/stm32f1xx_hal_msp.c ****   HAL_NVIC_SetPriority(UsageFault_IRQn, 0, 0);
  73              		.loc 1 61 0
  74 0034 0021     		movs	r1, #0
  75 0036 0A46     		mov	r2, r1
  76 0038 6FF00900 		mvn	r0, #9
  77 003c FFF7FEFF 		bl	HAL_NVIC_SetPriority
  78              	.LVL3:
  62:Src/stm32f1xx_hal_msp.c ****   /* SVCall_IRQn interrupt configuration */
  63:Src/stm32f1xx_hal_msp.c ****   HAL_NVIC_SetPriority(SVCall_IRQn, 0, 0);
  79              		.loc 1 63 0
  80 0040 0021     		movs	r1, #0
  81 0042 0A46     		mov	r2, r1
  82 0044 6FF00400 		mvn	r0, #4
  83 0048 FFF7FEFF 		bl	HAL_NVIC_SetPriority
  84              	.LVL4:
  64:Src/stm32f1xx_hal_msp.c ****   /* DebugMonitor_IRQn interrupt configuration */
  65:Src/stm32f1xx_hal_msp.c ****   HAL_NVIC_SetPriority(DebugMonitor_IRQn, 0, 0);
  85              		.loc 1 65 0
  86 004c 0021     		movs	r1, #0
  87 004e 0A46     		mov	r2, r1
  88 0050 6FF00300 		mvn	r0, #3
  89 0054 FFF7FEFF 		bl	HAL_NVIC_SetPriority
  90              	.LVL5:
  66:Src/stm32f1xx_hal_msp.c ****   /* PendSV_IRQn interrupt configuration */
  67:Src/stm32f1xx_hal_msp.c ****   HAL_NVIC_SetPriority(PendSV_IRQn, 0, 0);
  91              		.loc 1 67 0
  92 0058 0021     		movs	r1, #0
  93 005a 0A46     		mov	r2, r1
  94 005c 6FF00100 		mvn	r0, #1
  95 0060 FFF7FEFF 		bl	HAL_NVIC_SetPriority
  96              	.LVL6:
  68:Src/stm32f1xx_hal_msp.c ****   /* SysTick_IRQn interrupt configuration */
  69:Src/stm32f1xx_hal_msp.c ****   HAL_NVIC_SetPriority(SysTick_IRQn, 0, 0);
  97              		.loc 1 69 0
  98 0064 0021     		movs	r1, #0
  99 0066 0A46     		mov	r2, r1
 100 0068 4FF0FF30 		mov	r0, #-1
 101 006c FFF7FEFF 		bl	HAL_NVIC_SetPriority
ARM GAS  /var/folders/19/rz7506jh8xn7x1006s6s574h0000gn/T//ccwCXpkq.s 			page 4


 102              	.LVL7:
  70:Src/stm32f1xx_hal_msp.c **** 
  71:Src/stm32f1xx_hal_msp.c ****     /**NOJTAG: JTAG-DP Disabled and SW-DP Enabled 
  72:Src/stm32f1xx_hal_msp.c ****     */
  73:Src/stm32f1xx_hal_msp.c ****   __HAL_AFIO_REMAP_SWJ_NOJTAG();
 103              		.loc 1 73 0
 104 0070 054B     		ldr	r3, .L2+4
 105 0072 5A68     		ldr	r2, [r3, #4]
 106 0074 22F0E062 		bic	r2, r2, #117440512
 107 0078 42F00072 		orr	r2, r2, #33554432
 108 007c 5A60     		str	r2, [r3, #4]
  74:Src/stm32f1xx_hal_msp.c **** 
  75:Src/stm32f1xx_hal_msp.c ****   /* USER CODE BEGIN MspInit 1 */
  76:Src/stm32f1xx_hal_msp.c **** 
  77:Src/stm32f1xx_hal_msp.c ****   /* USER CODE END MspInit 1 */
  78:Src/stm32f1xx_hal_msp.c **** }
 109              		.loc 1 78 0
 110 007e 03B0     		add	sp, sp, #12
 111              		@ sp needed
 112 0080 5DF804FB 		ldr	pc, [sp], #4
 113              	.L3:
 114              		.align	2
 115              	.L2:
 116 0084 00100240 		.word	1073876992
 117 0088 00000140 		.word	1073807360
 118              		.cfi_endproc
 119              	.LFE63:
 121              		.text
 122              	.Letext0:
 123              		.file 2 "Drivers/CMSIS/Device/ST/STM32F1xx/Include/stm32f103xe.h"
 124              		.file 3 "/Users/Arethusa/Library/Arduino15/packages/arduino/tools/arm-none-eabi-gcc/4.8.3-2014q1/a
 125              		.file 4 "/Users/Arethusa/Library/Arduino15/packages/arduino/tools/arm-none-eabi-gcc/4.8.3-2014q1/a
 126              		.file 5 "Drivers/CMSIS/Include/core_cm3.h"
 127              		.file 6 "Drivers/STM32F1xx_HAL_Driver/Inc/stm32f1xx_hal_cortex.h"
ARM GAS  /var/folders/19/rz7506jh8xn7x1006s6s574h0000gn/T//ccwCXpkq.s 			page 5


DEFINED SYMBOLS
                            *ABS*:0000000000000000 stm32f1xx_hal_msp.c
/var/folders/19/rz7506jh8xn7x1006s6s574h0000gn/T//ccwCXpkq.s:19     .text.HAL_MspInit:0000000000000000 $t
/var/folders/19/rz7506jh8xn7x1006s6s574h0000gn/T//ccwCXpkq.s:24     .text.HAL_MspInit:0000000000000000 HAL_MspInit
/var/folders/19/rz7506jh8xn7x1006s6s574h0000gn/T//ccwCXpkq.s:116    .text.HAL_MspInit:0000000000000084 $d
                     .debug_frame:0000000000000010 $d

UNDEFINED SYMBOLS
HAL_NVIC_SetPriorityGrouping
HAL_NVIC_SetPriority
