ARM GAS  /var/folders/19/rz7506jh8xn7x1006s6s574h0000gn/T//ccPLV8dw.s 			page 1


   1              		.syntax unified
   2              		.cpu cortex-m4
   3              		.fpu softvfp
   4              		.eabi_attribute 20, 1
   5              		.eabi_attribute 21, 1
   6              		.eabi_attribute 23, 3
   7              		.eabi_attribute 24, 1
   8              		.eabi_attribute 25, 1
   9              		.eabi_attribute 26, 1
  10              		.eabi_attribute 30, 4
  11              		.eabi_attribute 34, 1
  12              		.eabi_attribute 18, 4
  13              		.thumb
  14              		.file	"usart.c"
  15              		.text
  16              	.Ltext0:
  17              		.cfi_sections	.debug_frame
  18              		.section	.text.MX_USART1_UART_Init,"ax",%progbits
  19              		.align	1
  20              		.global	MX_USART1_UART_Init
  21              		.thumb
  22              		.thumb_func
  24              	MX_USART1_UART_Init:
  25              	.LFB63:
  26              		.file 1 "Src/usart.c"
   1:Src/usart.c   **** /**
   2:Src/usart.c   ****   ******************************************************************************
   3:Src/usart.c   ****   * File Name          : USART.c
   4:Src/usart.c   ****   * Description        : This file provides code for the configuration
   5:Src/usart.c   ****   *                      of the USART instances.
   6:Src/usart.c   ****   ******************************************************************************
   7:Src/usart.c   ****   *
   8:Src/usart.c   ****   * COPYRIGHT(c) 2016 STMicroelectronics
   9:Src/usart.c   ****   *
  10:Src/usart.c   ****   * Redistribution and use in source and binary forms, with or without modification,
  11:Src/usart.c   ****   * are permitted provided that the following conditions are met:
  12:Src/usart.c   ****   *   1. Redistributions of source code must retain the above copyright notice,
  13:Src/usart.c   ****   *      this list of conditions and the following disclaimer.
  14:Src/usart.c   ****   *   2. Redistributions in binary form must reproduce the above copyright notice,
  15:Src/usart.c   ****   *      this list of conditions and the following disclaimer in the documentation
  16:Src/usart.c   ****   *      and/or other materials provided with the distribution.
  17:Src/usart.c   ****   *   3. Neither the name of STMicroelectronics nor the names of its contributors
  18:Src/usart.c   ****   *      may be used to endorse or promote products derived from this software
  19:Src/usart.c   ****   *      without specific prior written permission.
  20:Src/usart.c   ****   *
  21:Src/usart.c   ****   * THIS SOFTWARE IS PROVIDED BY THE COPYRIGHT HOLDERS AND CONTRIBUTORS "AS IS"
  22:Src/usart.c   ****   * AND ANY EXPRESS OR IMPLIED WARRANTIES, INCLUDING, BUT NOT LIMITED TO, THE
  23:Src/usart.c   ****   * IMPLIED WARRANTIES OF MERCHANTABILITY AND FITNESS FOR A PARTICULAR PURPOSE ARE
  24:Src/usart.c   ****   * DISCLAIMED. IN NO EVENT SHALL THE COPYRIGHT HOLDER OR CONTRIBUTORS BE LIABLE
  25:Src/usart.c   ****   * FOR ANY DIRECT, INDIRECT, INCIDENTAL, SPECIAL, EXEMPLARY, OR CONSEQUENTIAL
  26:Src/usart.c   ****   * DAMAGES (INCLUDING, BUT NOT LIMITED TO, PROCUREMENT OF SUBSTITUTE GOODS OR
  27:Src/usart.c   ****   * SERVICES; LOSS OF USE, DATA, OR PROFITS; OR BUSINESS INTERRUPTION) HOWEVER
  28:Src/usart.c   ****   * CAUSED AND ON ANY THEORY OF LIABILITY, WHETHER IN CONTRACT, STRICT LIABILITY,
  29:Src/usart.c   ****   * OR TORT (INCLUDING NEGLIGENCE OR OTHERWISE) ARISING IN ANY WAY OUT OF THE USE
  30:Src/usart.c   ****   * OF THIS SOFTWARE, EVEN IF ADVISED OF THE POSSIBILITY OF SUCH DAMAGE.
  31:Src/usart.c   ****   *
  32:Src/usart.c   ****   ******************************************************************************
ARM GAS  /var/folders/19/rz7506jh8xn7x1006s6s574h0000gn/T//ccPLV8dw.s 			page 2


  33:Src/usart.c   ****   */
  34:Src/usart.c   **** 
  35:Src/usart.c   **** /* Includes ------------------------------------------------------------------*/
  36:Src/usart.c   **** #include "usart.h"
  37:Src/usart.c   **** 
  38:Src/usart.c   **** #include "gpio.h"
  39:Src/usart.c   **** 
  40:Src/usart.c   **** /* USER CODE BEGIN 0 */
  41:Src/usart.c   **** 
  42:Src/usart.c   **** /* USER CODE END 0 */
  43:Src/usart.c   **** 
  44:Src/usart.c   **** UART_HandleTypeDef huart1;
  45:Src/usart.c   **** UART_HandleTypeDef huart2;
  46:Src/usart.c   **** UART_HandleTypeDef huart3;
  47:Src/usart.c   **** 
  48:Src/usart.c   **** /* USART1 init function */
  49:Src/usart.c   **** 
  50:Src/usart.c   **** void MX_USART1_UART_Init(void)
  51:Src/usart.c   **** {
  27              		.loc 1 51 0
  28              		.cfi_startproc
  29              		@ args = 0, pretend = 0, frame = 0
  30              		@ frame_needed = 0, uses_anonymous_args = 0
  31 0000 08B5     		push	{r3, lr}
  32              	.LCFI0:
  33              		.cfi_def_cfa_offset 8
  34              		.cfi_offset 3, -8
  35              		.cfi_offset 14, -4
  52:Src/usart.c   **** 
  53:Src/usart.c   ****   huart1.Instance = USART1;
  36              		.loc 1 53 0
  37 0002 0B48     		ldr	r0, .L4
  54:Src/usart.c   ****   huart1.Init.BaudRate = 19200;
  38              		.loc 1 54 0
  39 0004 0B4B     		ldr	r3, .L4+4
  40 0006 4FF4964E 		mov	lr, #19200
  41 000a 80E80840 		stmia	r0, {r3, lr}
  55:Src/usart.c   ****   huart1.Init.WordLength = UART_WORDLENGTH_8B;
  56:Src/usart.c   ****   huart1.Init.StopBits = UART_STOPBITS_1;
  57:Src/usart.c   ****   huart1.Init.Parity = UART_PARITY_NONE;
  58:Src/usart.c   ****   huart1.Init.Mode = UART_MODE_TX_RX;
  42              		.loc 1 58 0
  43 000e 0C22     		movs	r2, #12
  55:Src/usart.c   ****   huart1.Init.WordLength = UART_WORDLENGTH_8B;
  44              		.loc 1 55 0
  45 0010 0023     		movs	r3, #0
  46 0012 8360     		str	r3, [r0, #8]
  56:Src/usart.c   ****   huart1.Init.StopBits = UART_STOPBITS_1;
  47              		.loc 1 56 0
  48 0014 C360     		str	r3, [r0, #12]
  57:Src/usart.c   ****   huart1.Init.Parity = UART_PARITY_NONE;
  49              		.loc 1 57 0
  50 0016 0361     		str	r3, [r0, #16]
  51              		.loc 1 58 0
  52 0018 4261     		str	r2, [r0, #20]
  59:Src/usart.c   ****   huart1.Init.HwFlowCtl = UART_HWCONTROL_NONE;
  53              		.loc 1 59 0
ARM GAS  /var/folders/19/rz7506jh8xn7x1006s6s574h0000gn/T//ccPLV8dw.s 			page 3


  54 001a 8361     		str	r3, [r0, #24]
  60:Src/usart.c   ****   huart1.Init.OverSampling = UART_OVERSAMPLING_16;
  55              		.loc 1 60 0
  56 001c C361     		str	r3, [r0, #28]
  61:Src/usart.c   ****   if (HAL_UART_Init(&huart1) != HAL_OK)
  57              		.loc 1 61 0
  58 001e FFF7FEFF 		bl	HAL_UART_Init
  59              	.LVL0:
  60 0022 18B1     		cbz	r0, .L1
  62:Src/usart.c   ****   {
  63:Src/usart.c   ****     Error_Handler();
  64:Src/usart.c   ****   }
  65:Src/usart.c   **** 
  66:Src/usart.c   **** }
  61              		.loc 1 66 0
  62 0024 BDE80840 		pop	{r3, lr}
  63:Src/usart.c   ****     Error_Handler();
  63              		.loc 1 63 0
  64 0028 FFF7FEBF 		b	Error_Handler
  65              	.LVL1:
  66              	.L1:
  67 002c 08BD     		pop	{r3, pc}
  68              	.L5:
  69 002e 00BF     		.align	2
  70              	.L4:
  71 0030 00000000 		.word	huart1
  72 0034 00380140 		.word	1073821696
  73              		.cfi_endproc
  74              	.LFE63:
  76              		.section	.text.MX_USART2_UART_Init,"ax",%progbits
  77              		.align	1
  78              		.global	MX_USART2_UART_Init
  79              		.thumb
  80              		.thumb_func
  82              	MX_USART2_UART_Init:
  83              	.LFB64:
  67:Src/usart.c   **** /* USART2 init function */
  68:Src/usart.c   **** 
  69:Src/usart.c   **** void MX_USART2_UART_Init(void)
  70:Src/usart.c   **** {
  84              		.loc 1 70 0
  85              		.cfi_startproc
  86              		@ args = 0, pretend = 0, frame = 0
  87              		@ frame_needed = 0, uses_anonymous_args = 0
  88 0000 08B5     		push	{r3, lr}
  89              	.LCFI1:
  90              		.cfi_def_cfa_offset 8
  91              		.cfi_offset 3, -8
  92              		.cfi_offset 14, -4
  71:Src/usart.c   **** 
  72:Src/usart.c   ****   huart2.Instance = USART2;
  93              		.loc 1 72 0
  94 0002 0B48     		ldr	r0, .L8
  73:Src/usart.c   ****   huart2.Init.BaudRate = 9600;
  95              		.loc 1 73 0
  96 0004 0B4B     		ldr	r3, .L8+4
  97 0006 4FF4165E 		mov	lr, #9600
ARM GAS  /var/folders/19/rz7506jh8xn7x1006s6s574h0000gn/T//ccPLV8dw.s 			page 4


  98 000a 80E80840 		stmia	r0, {r3, lr}
  74:Src/usart.c   ****   huart2.Init.WordLength = UART_WORDLENGTH_8B;
  75:Src/usart.c   ****   huart2.Init.StopBits = UART_STOPBITS_1;
  76:Src/usart.c   ****   huart2.Init.Parity = UART_PARITY_NONE;
  77:Src/usart.c   ****   huart2.Init.Mode = UART_MODE_TX_RX;
  99              		.loc 1 77 0
 100 000e 0C22     		movs	r2, #12
  74:Src/usart.c   ****   huart2.Init.WordLength = UART_WORDLENGTH_8B;
 101              		.loc 1 74 0
 102 0010 0023     		movs	r3, #0
 103 0012 8360     		str	r3, [r0, #8]
  75:Src/usart.c   ****   huart2.Init.StopBits = UART_STOPBITS_1;
 104              		.loc 1 75 0
 105 0014 C360     		str	r3, [r0, #12]
  76:Src/usart.c   ****   huart2.Init.Parity = UART_PARITY_NONE;
 106              		.loc 1 76 0
 107 0016 0361     		str	r3, [r0, #16]
 108              		.loc 1 77 0
 109 0018 4261     		str	r2, [r0, #20]
  78:Src/usart.c   ****   huart2.Init.HwFlowCtl = UART_HWCONTROL_NONE;
 110              		.loc 1 78 0
 111 001a 8361     		str	r3, [r0, #24]
  79:Src/usart.c   ****   huart2.Init.OverSampling = UART_OVERSAMPLING_16;
 112              		.loc 1 79 0
 113 001c C361     		str	r3, [r0, #28]
  80:Src/usart.c   ****   if (HAL_UART_Init(&huart2) != HAL_OK)
 114              		.loc 1 80 0
 115 001e FFF7FEFF 		bl	HAL_UART_Init
 116              	.LVL2:
 117 0022 18B1     		cbz	r0, .L6
  81:Src/usart.c   ****   {
  82:Src/usart.c   ****     Error_Handler();
  83:Src/usart.c   ****   }
  84:Src/usart.c   **** 
  85:Src/usart.c   **** }
 118              		.loc 1 85 0
 119 0024 BDE80840 		pop	{r3, lr}
  82:Src/usart.c   ****     Error_Handler();
 120              		.loc 1 82 0
 121 0028 FFF7FEBF 		b	Error_Handler
 122              	.LVL3:
 123              	.L6:
 124 002c 08BD     		pop	{r3, pc}
 125              	.L9:
 126 002e 00BF     		.align	2
 127              	.L8:
 128 0030 00000000 		.word	huart2
 129 0034 00440040 		.word	1073759232
 130              		.cfi_endproc
 131              	.LFE64:
 133              		.section	.text.MX_USART3_UART_Init,"ax",%progbits
 134              		.align	1
 135              		.global	MX_USART3_UART_Init
 136              		.thumb
 137              		.thumb_func
 139              	MX_USART3_UART_Init:
 140              	.LFB65:
ARM GAS  /var/folders/19/rz7506jh8xn7x1006s6s574h0000gn/T//ccPLV8dw.s 			page 5


  86:Src/usart.c   **** /* USART3 init function */
  87:Src/usart.c   **** 
  88:Src/usart.c   **** void MX_USART3_UART_Init(void)
  89:Src/usart.c   **** {
 141              		.loc 1 89 0
 142              		.cfi_startproc
 143              		@ args = 0, pretend = 0, frame = 0
 144              		@ frame_needed = 0, uses_anonymous_args = 0
 145 0000 08B5     		push	{r3, lr}
 146              	.LCFI2:
 147              		.cfi_def_cfa_offset 8
 148              		.cfi_offset 3, -8
 149              		.cfi_offset 14, -4
  90:Src/usart.c   **** 
  91:Src/usart.c   ****   huart3.Instance = USART3;
 150              		.loc 1 91 0
 151 0002 0B48     		ldr	r0, .L12
  92:Src/usart.c   ****   huart3.Init.BaudRate = 9600;
 152              		.loc 1 92 0
 153 0004 0B4B     		ldr	r3, .L12+4
 154 0006 4FF4165E 		mov	lr, #9600
 155 000a 80E80840 		stmia	r0, {r3, lr}
  93:Src/usart.c   ****   huart3.Init.WordLength = UART_WORDLENGTH_8B;
  94:Src/usart.c   ****   huart3.Init.StopBits = UART_STOPBITS_1;
  95:Src/usart.c   ****   huart3.Init.Parity = UART_PARITY_NONE;
  96:Src/usart.c   ****   huart3.Init.Mode = UART_MODE_TX_RX;
 156              		.loc 1 96 0
 157 000e 0C22     		movs	r2, #12
  93:Src/usart.c   ****   huart3.Init.WordLength = UART_WORDLENGTH_8B;
 158              		.loc 1 93 0
 159 0010 0023     		movs	r3, #0
 160 0012 8360     		str	r3, [r0, #8]
  94:Src/usart.c   ****   huart3.Init.StopBits = UART_STOPBITS_1;
 161              		.loc 1 94 0
 162 0014 C360     		str	r3, [r0, #12]
  95:Src/usart.c   ****   huart3.Init.Parity = UART_PARITY_NONE;
 163              		.loc 1 95 0
 164 0016 0361     		str	r3, [r0, #16]
 165              		.loc 1 96 0
 166 0018 4261     		str	r2, [r0, #20]
  97:Src/usart.c   ****   huart3.Init.HwFlowCtl = UART_HWCONTROL_NONE;
 167              		.loc 1 97 0
 168 001a 8361     		str	r3, [r0, #24]
  98:Src/usart.c   ****   huart3.Init.OverSampling = UART_OVERSAMPLING_16;
 169              		.loc 1 98 0
 170 001c C361     		str	r3, [r0, #28]
  99:Src/usart.c   ****   if (HAL_UART_Init(&huart3) != HAL_OK)
 171              		.loc 1 99 0
 172 001e FFF7FEFF 		bl	HAL_UART_Init
 173              	.LVL4:
 174 0022 18B1     		cbz	r0, .L10
 100:Src/usart.c   ****   {
 101:Src/usart.c   ****     Error_Handler();
 102:Src/usart.c   ****   }
 103:Src/usart.c   **** 
 104:Src/usart.c   **** }
 175              		.loc 1 104 0
ARM GAS  /var/folders/19/rz7506jh8xn7x1006s6s574h0000gn/T//ccPLV8dw.s 			page 6


 176 0024 BDE80840 		pop	{r3, lr}
 101:Src/usart.c   ****     Error_Handler();
 177              		.loc 1 101 0
 178 0028 FFF7FEBF 		b	Error_Handler
 179              	.LVL5:
 180              	.L10:
 181 002c 08BD     		pop	{r3, pc}
 182              	.L13:
 183 002e 00BF     		.align	2
 184              	.L12:
 185 0030 00000000 		.word	huart3
 186 0034 00480040 		.word	1073760256
 187              		.cfi_endproc
 188              	.LFE65:
 190              		.section	.text.HAL_UART_MspInit,"ax",%progbits
 191              		.align	1
 192              		.global	HAL_UART_MspInit
 193              		.thumb
 194              		.thumb_func
 196              	HAL_UART_MspInit:
 197              	.LFB66:
 105:Src/usart.c   **** 
 106:Src/usart.c   **** void HAL_UART_MspInit(UART_HandleTypeDef* uartHandle)
 107:Src/usart.c   **** {
 198              		.loc 1 107 0
 199              		.cfi_startproc
 200              		@ args = 0, pretend = 0, frame = 32
 201              		@ frame_needed = 0, uses_anonymous_args = 0
 202              	.LVL6:
 203 0000 00B5     		push	{lr}
 204              	.LCFI3:
 205              		.cfi_def_cfa_offset 4
 206              		.cfi_offset 14, -4
 108:Src/usart.c   **** 
 109:Src/usart.c   ****   GPIO_InitTypeDef GPIO_InitStruct;
 110:Src/usart.c   ****   if(uartHandle->Instance==USART1)
 207              		.loc 1 110 0
 208 0002 0368     		ldr	r3, [r0]
 209 0004 314A     		ldr	r2, .L19
 210 0006 9342     		cmp	r3, r2
 107:Src/usart.c   **** {
 211              		.loc 1 107 0
 212 0008 89B0     		sub	sp, sp, #36
 213              	.LCFI4:
 214              		.cfi_def_cfa_offset 40
 215              		.loc 1 110 0
 216 000a 1BD1     		bne	.L15
 217              	.LBB2:
 111:Src/usart.c   ****   {
 112:Src/usart.c   ****   /* USER CODE BEGIN USART1_MspInit 0 */
 113:Src/usart.c   **** 
 114:Src/usart.c   ****   /* USER CODE END USART1_MspInit 0 */
 115:Src/usart.c   ****     /* Peripheral clock enable */
 116:Src/usart.c   ****     __HAL_RCC_USART1_CLK_ENABLE();
 218              		.loc 1 116 0
 219 000c 304B     		ldr	r3, .L19+4
 220              	.LBE2:
ARM GAS  /var/folders/19/rz7506jh8xn7x1006s6s574h0000gn/T//ccPLV8dw.s 			page 7


 117:Src/usart.c   ****   
 118:Src/usart.c   ****     /**USART1 GPIO Configuration    
 119:Src/usart.c   ****     PA9     ------> USART1_TX
 120:Src/usart.c   ****     PA10     ------> USART1_RX 
 121:Src/usart.c   ****     */
 122:Src/usart.c   ****     GPIO_InitStruct.Pin = GPIO_PIN_9;
 123:Src/usart.c   ****     GPIO_InitStruct.Mode = GPIO_MODE_AF_PP;
 124:Src/usart.c   ****     GPIO_InitStruct.Speed = GPIO_SPEED_FREQ_HIGH;
 125:Src/usart.c   ****     HAL_GPIO_Init(GPIOA, &GPIO_InitStruct);
 221              		.loc 1 125 0
 222 000e 3148     		ldr	r0, .L19+8
 223              	.LVL7:
 224              	.LBB3:
 116:Src/usart.c   ****     __HAL_RCC_USART1_CLK_ENABLE();
 225              		.loc 1 116 0
 226 0010 9A69     		ldr	r2, [r3, #24]
 227 0012 42F48042 		orr	r2, r2, #16384
 228 0016 9A61     		str	r2, [r3, #24]
 229 0018 9B69     		ldr	r3, [r3, #24]
 230 001a 03F48043 		and	r3, r3, #16384
 231 001e 0193     		str	r3, [sp, #4]
 232 0020 019B     		ldr	r3, [sp, #4]
 233              	.LBE3:
 122:Src/usart.c   ****     GPIO_InitStruct.Pin = GPIO_PIN_9;
 234              		.loc 1 122 0
 235 0022 4FF40073 		mov	r3, #512
 236 0026 0493     		str	r3, [sp, #16]
 123:Src/usart.c   ****     GPIO_InitStruct.Mode = GPIO_MODE_AF_PP;
 237              		.loc 1 123 0
 238 0028 0223     		movs	r3, #2
 239 002a 0593     		str	r3, [sp, #20]
 240              		.loc 1 125 0
 241 002c 04A9     		add	r1, sp, #16
 124:Src/usart.c   ****     GPIO_InitStruct.Speed = GPIO_SPEED_FREQ_HIGH;
 242              		.loc 1 124 0
 243 002e 0323     		movs	r3, #3
 244 0030 0793     		str	r3, [sp, #28]
 245              		.loc 1 125 0
 246 0032 FFF7FEFF 		bl	HAL_GPIO_Init
 247              	.LVL8:
 126:Src/usart.c   **** 
 127:Src/usart.c   ****     GPIO_InitStruct.Pin = GPIO_PIN_10;
 248              		.loc 1 127 0
 249 0036 4FF48063 		mov	r3, #1024
 250 003a 0493     		str	r3, [sp, #16]
 128:Src/usart.c   ****     GPIO_InitStruct.Mode = GPIO_MODE_INPUT;
 251              		.loc 1 128 0
 252 003c 0023     		movs	r3, #0
 253 003e 0593     		str	r3, [sp, #20]
 129:Src/usart.c   ****     GPIO_InitStruct.Pull = GPIO_NOPULL;
 254              		.loc 1 129 0
 255 0040 0693     		str	r3, [sp, #24]
 256 0042 11E0     		b	.L18
 257              	.LVL9:
 258              	.L15:
 130:Src/usart.c   ****     HAL_GPIO_Init(GPIOA, &GPIO_InitStruct);
 131:Src/usart.c   **** 
ARM GAS  /var/folders/19/rz7506jh8xn7x1006s6s574h0000gn/T//ccPLV8dw.s 			page 8


 132:Src/usart.c   ****   /* USER CODE BEGIN USART1_MspInit 1 */
 133:Src/usart.c   **** 
 134:Src/usart.c   ****   /* USER CODE END USART1_MspInit 1 */
 135:Src/usart.c   ****   }
 136:Src/usart.c   ****   else if(uartHandle->Instance==USART2)
 259              		.loc 1 136 0
 260 0044 244A     		ldr	r2, .L19+12
 261 0046 9342     		cmp	r3, r2
 262 0048 13D1     		bne	.L17
 263              	.LBB4:
 137:Src/usart.c   ****   {
 138:Src/usart.c   ****   /* USER CODE BEGIN USART2_MspInit 0 */
 139:Src/usart.c   **** 
 140:Src/usart.c   ****   /* USER CODE END USART2_MspInit 0 */
 141:Src/usart.c   ****     /* Peripheral clock enable */
 142:Src/usart.c   ****     __HAL_RCC_USART2_CLK_ENABLE();
 264              		.loc 1 142 0
 265 004a 214B     		ldr	r3, .L19+4
 266 004c DA69     		ldr	r2, [r3, #28]
 267 004e 42F40032 		orr	r2, r2, #131072
 268 0052 DA61     		str	r2, [r3, #28]
 269 0054 DB69     		ldr	r3, [r3, #28]
 270 0056 03F40033 		and	r3, r3, #131072
 271 005a 0293     		str	r3, [sp, #8]
 272 005c 029B     		ldr	r3, [sp, #8]
 273              	.LBE4:
 143:Src/usart.c   ****   
 144:Src/usart.c   ****     /**USART2 GPIO Configuration    
 145:Src/usart.c   ****     PA2     ------> USART2_TX
 146:Src/usart.c   ****     PA3     ------> USART2_RX 
 147:Src/usart.c   ****     */
 148:Src/usart.c   ****     GPIO_InitStruct.Pin = USART_TX_Pin|USART_RX_Pin;
 274              		.loc 1 148 0
 275 005e 0C23     		movs	r3, #12
 276 0060 0493     		str	r3, [sp, #16]
 149:Src/usart.c   ****     GPIO_InitStruct.Mode = GPIO_MODE_AF_PP;
 277              		.loc 1 149 0
 278 0062 0223     		movs	r3, #2
 279 0064 0593     		str	r3, [sp, #20]
 150:Src/usart.c   ****     GPIO_InitStruct.Speed = GPIO_SPEED_FREQ_LOW;
 280              		.loc 1 150 0
 281 0066 0793     		str	r3, [sp, #28]
 282              	.LVL10:
 283              	.L18:
 151:Src/usart.c   ****     HAL_GPIO_Init(GPIOA, &GPIO_InitStruct);
 284              		.loc 1 151 0
 285 0068 1A48     		ldr	r0, .L19+8
 286 006a 04A9     		add	r1, sp, #16
 287 006c FFF7FEFF 		bl	HAL_GPIO_Init
 288              	.LVL11:
 289 0070 28E0     		b	.L14
 290              	.LVL12:
 291              	.L17:
 152:Src/usart.c   **** 
 153:Src/usart.c   ****   /* USER CODE BEGIN USART2_MspInit 1 */
 154:Src/usart.c   **** 
 155:Src/usart.c   ****   /* USER CODE END USART2_MspInit 1 */
ARM GAS  /var/folders/19/rz7506jh8xn7x1006s6s574h0000gn/T//ccPLV8dw.s 			page 9


 156:Src/usart.c   ****   }
 157:Src/usart.c   ****   else if(uartHandle->Instance==USART3)
 292              		.loc 1 157 0
 293 0072 1A4A     		ldr	r2, .L19+16
 294 0074 9342     		cmp	r3, r2
 295 0076 25D1     		bne	.L14
 296              	.LBB5:
 158:Src/usart.c   ****   {
 159:Src/usart.c   ****   /* USER CODE BEGIN USART3_MspInit 0 */
 160:Src/usart.c   **** 
 161:Src/usart.c   ****   /* USER CODE END USART3_MspInit 0 */
 162:Src/usart.c   ****     /* Peripheral clock enable */
 163:Src/usart.c   ****     __HAL_RCC_USART3_CLK_ENABLE();
 297              		.loc 1 163 0
 298 0078 154B     		ldr	r3, .L19+4
 299              	.LBE5:
 164:Src/usart.c   ****   
 165:Src/usart.c   ****     /**USART3 GPIO Configuration    
 166:Src/usart.c   ****     PC10     ------> USART3_TX
 167:Src/usart.c   ****     PC11     ------> USART3_RX 
 168:Src/usart.c   ****     */
 169:Src/usart.c   ****     GPIO_InitStruct.Pin = GPIO_PIN_10;
 170:Src/usart.c   ****     GPIO_InitStruct.Mode = GPIO_MODE_AF_PP;
 171:Src/usart.c   ****     GPIO_InitStruct.Speed = GPIO_SPEED_FREQ_HIGH;
 172:Src/usart.c   ****     HAL_GPIO_Init(GPIOC, &GPIO_InitStruct);
 300              		.loc 1 172 0
 301 007a 1948     		ldr	r0, .L19+20
 302              	.LVL13:
 303              	.LBB6:
 163:Src/usart.c   ****     __HAL_RCC_USART3_CLK_ENABLE();
 304              		.loc 1 163 0
 305 007c DA69     		ldr	r2, [r3, #28]
 306 007e 42F48022 		orr	r2, r2, #262144
 307 0082 DA61     		str	r2, [r3, #28]
 308 0084 DB69     		ldr	r3, [r3, #28]
 309 0086 03F48023 		and	r3, r3, #262144
 310 008a 0393     		str	r3, [sp, #12]
 311 008c 039B     		ldr	r3, [sp, #12]
 312              	.LBE6:
 169:Src/usart.c   ****     GPIO_InitStruct.Pin = GPIO_PIN_10;
 313              		.loc 1 169 0
 314 008e 4FF48063 		mov	r3, #1024
 315 0092 0493     		str	r3, [sp, #16]
 170:Src/usart.c   ****     GPIO_InitStruct.Mode = GPIO_MODE_AF_PP;
 316              		.loc 1 170 0
 317 0094 0223     		movs	r3, #2
 318 0096 0593     		str	r3, [sp, #20]
 319              		.loc 1 172 0
 320 0098 04A9     		add	r1, sp, #16
 171:Src/usart.c   ****     GPIO_InitStruct.Speed = GPIO_SPEED_FREQ_HIGH;
 321              		.loc 1 171 0
 322 009a 0323     		movs	r3, #3
 323 009c 0793     		str	r3, [sp, #28]
 324              		.loc 1 172 0
 325 009e FFF7FEFF 		bl	HAL_GPIO_Init
 326              	.LVL14:
 173:Src/usart.c   **** 
ARM GAS  /var/folders/19/rz7506jh8xn7x1006s6s574h0000gn/T//ccPLV8dw.s 			page 10


 174:Src/usart.c   ****     GPIO_InitStruct.Pin = GPIO_PIN_11;
 327              		.loc 1 174 0
 328 00a2 4FF40063 		mov	r3, #2048
 329 00a6 0493     		str	r3, [sp, #16]
 175:Src/usart.c   ****     GPIO_InitStruct.Mode = GPIO_MODE_INPUT;
 176:Src/usart.c   ****     GPIO_InitStruct.Pull = GPIO_NOPULL;
 177:Src/usart.c   ****     HAL_GPIO_Init(GPIOC, &GPIO_InitStruct);
 330              		.loc 1 177 0
 331 00a8 0D48     		ldr	r0, .L19+20
 175:Src/usart.c   ****     GPIO_InitStruct.Mode = GPIO_MODE_INPUT;
 332              		.loc 1 175 0
 333 00aa 0023     		movs	r3, #0
 334              		.loc 1 177 0
 335 00ac 04A9     		add	r1, sp, #16
 175:Src/usart.c   ****     GPIO_InitStruct.Mode = GPIO_MODE_INPUT;
 336              		.loc 1 175 0
 337 00ae 0593     		str	r3, [sp, #20]
 176:Src/usart.c   ****     GPIO_InitStruct.Pull = GPIO_NOPULL;
 338              		.loc 1 176 0
 339 00b0 0693     		str	r3, [sp, #24]
 340              		.loc 1 177 0
 341 00b2 FFF7FEFF 		bl	HAL_GPIO_Init
 342              	.LVL15:
 178:Src/usart.c   **** 
 179:Src/usart.c   ****     __HAL_AFIO_REMAP_USART3_PARTIAL();
 343              		.loc 1 179 0
 344 00b6 0B4B     		ldr	r3, .L19+24
 345 00b8 5A68     		ldr	r2, [r3, #4]
 346 00ba 22F03002 		bic	r2, r2, #48
 347 00be 42F01002 		orr	r2, r2, #16
 348 00c2 5A60     		str	r2, [r3, #4]
 349              	.L14:
 180:Src/usart.c   **** 
 181:Src/usart.c   ****   /* USER CODE BEGIN USART3_MspInit 1 */
 182:Src/usart.c   **** 
 183:Src/usart.c   ****   /* USER CODE END USART3_MspInit 1 */
 184:Src/usart.c   ****   }
 185:Src/usart.c   **** }
 350              		.loc 1 185 0
 351 00c4 09B0     		add	sp, sp, #36
 352              		@ sp needed
 353 00c6 5DF804FB 		ldr	pc, [sp], #4
 354              	.L20:
 355 00ca 00BF     		.align	2
 356              	.L19:
 357 00cc 00380140 		.word	1073821696
 358 00d0 00100240 		.word	1073876992
 359 00d4 00080140 		.word	1073809408
 360 00d8 00440040 		.word	1073759232
 361 00dc 00480040 		.word	1073760256
 362 00e0 00100140 		.word	1073811456
 363 00e4 00000140 		.word	1073807360
 364              		.cfi_endproc
 365              	.LFE66:
 367              		.section	.text.HAL_UART_MspDeInit,"ax",%progbits
 368              		.align	1
 369              		.global	HAL_UART_MspDeInit
ARM GAS  /var/folders/19/rz7506jh8xn7x1006s6s574h0000gn/T//ccPLV8dw.s 			page 11


 370              		.thumb
 371              		.thumb_func
 373              	HAL_UART_MspDeInit:
 374              	.LFB67:
 186:Src/usart.c   **** 
 187:Src/usart.c   **** void HAL_UART_MspDeInit(UART_HandleTypeDef* uartHandle)
 188:Src/usart.c   **** {
 375              		.loc 1 188 0
 376              		.cfi_startproc
 377              		@ args = 0, pretend = 0, frame = 0
 378              		@ frame_needed = 0, uses_anonymous_args = 0
 379              		@ link register save eliminated.
 380              	.LVL16:
 189:Src/usart.c   **** 
 190:Src/usart.c   ****   if(uartHandle->Instance==USART1)
 381              		.loc 1 190 0
 382 0000 0368     		ldr	r3, [r0]
 383 0002 124A     		ldr	r2, .L26
 384 0004 9342     		cmp	r3, r2
 385 0006 08D1     		bne	.L22
 191:Src/usart.c   ****   {
 192:Src/usart.c   ****   /* USER CODE BEGIN USART1_MspDeInit 0 */
 193:Src/usart.c   **** 
 194:Src/usart.c   ****   /* USER CODE END USART1_MspDeInit 0 */
 195:Src/usart.c   ****     /* Peripheral clock disable */
 196:Src/usart.c   ****     __HAL_RCC_USART1_CLK_DISABLE();
 386              		.loc 1 196 0
 387 0008 114B     		ldr	r3, .L26+4
 197:Src/usart.c   ****   
 198:Src/usart.c   ****     /**USART1 GPIO Configuration    
 199:Src/usart.c   ****     PA9     ------> USART1_TX
 200:Src/usart.c   ****     PA10     ------> USART1_RX 
 201:Src/usart.c   ****     */
 202:Src/usart.c   ****     HAL_GPIO_DeInit(GPIOA, GPIO_PIN_9|GPIO_PIN_10);
 388              		.loc 1 202 0
 389 000a 1248     		ldr	r0, .L26+8
 390              	.LVL17:
 196:Src/usart.c   ****     __HAL_RCC_USART1_CLK_DISABLE();
 391              		.loc 1 196 0
 392 000c 9A69     		ldr	r2, [r3, #24]
 393 000e 22F48042 		bic	r2, r2, #16384
 394 0012 9A61     		str	r2, [r3, #24]
 395              		.loc 1 202 0
 396 0014 4FF4C061 		mov	r1, #1536
 397 0018 15E0     		b	.L25
 398              	.LVL18:
 399              	.L22:
 203:Src/usart.c   **** 
 204:Src/usart.c   ****   /* USER CODE BEGIN USART1_MspDeInit 1 */
 205:Src/usart.c   **** 
 206:Src/usart.c   ****   /* USER CODE END USART1_MspDeInit 1 */
 207:Src/usart.c   ****   }
 208:Src/usart.c   ****   else if(uartHandle->Instance==USART2)
 400              		.loc 1 208 0
 401 001a 0F4A     		ldr	r2, .L26+12
 402 001c 9342     		cmp	r3, r2
 403 001e 07D1     		bne	.L23
ARM GAS  /var/folders/19/rz7506jh8xn7x1006s6s574h0000gn/T//ccPLV8dw.s 			page 12


 209:Src/usart.c   ****   {
 210:Src/usart.c   ****   /* USER CODE BEGIN USART2_MspDeInit 0 */
 211:Src/usart.c   **** 
 212:Src/usart.c   ****   /* USER CODE END USART2_MspDeInit 0 */
 213:Src/usart.c   ****     /* Peripheral clock disable */
 214:Src/usart.c   ****     __HAL_RCC_USART2_CLK_DISABLE();
 404              		.loc 1 214 0
 405 0020 0B4B     		ldr	r3, .L26+4
 215:Src/usart.c   ****   
 216:Src/usart.c   ****     /**USART2 GPIO Configuration    
 217:Src/usart.c   ****     PA2     ------> USART2_TX
 218:Src/usart.c   ****     PA3     ------> USART2_RX 
 219:Src/usart.c   ****     */
 220:Src/usart.c   ****     HAL_GPIO_DeInit(GPIOA, USART_TX_Pin|USART_RX_Pin);
 406              		.loc 1 220 0
 407 0022 0C48     		ldr	r0, .L26+8
 408              	.LVL19:
 214:Src/usart.c   ****     __HAL_RCC_USART2_CLK_DISABLE();
 409              		.loc 1 214 0
 410 0024 DA69     		ldr	r2, [r3, #28]
 411 0026 22F40032 		bic	r2, r2, #131072
 412 002a DA61     		str	r2, [r3, #28]
 413              		.loc 1 220 0
 414 002c 0C21     		movs	r1, #12
 415 002e 0AE0     		b	.L25
 416              	.LVL20:
 417              	.L23:
 221:Src/usart.c   **** 
 222:Src/usart.c   ****   /* USER CODE BEGIN USART2_MspDeInit 1 */
 223:Src/usart.c   **** 
 224:Src/usart.c   ****   /* USER CODE END USART2_MspDeInit 1 */
 225:Src/usart.c   ****   }
 226:Src/usart.c   ****   else if(uartHandle->Instance==USART3)
 418              		.loc 1 226 0
 419 0030 0A4A     		ldr	r2, .L26+16
 420 0032 9342     		cmp	r3, r2
 421 0034 09D1     		bne	.L21
 227:Src/usart.c   ****   {
 228:Src/usart.c   ****   /* USER CODE BEGIN USART3_MspDeInit 0 */
 229:Src/usart.c   **** 
 230:Src/usart.c   ****   /* USER CODE END USART3_MspDeInit 0 */
 231:Src/usart.c   ****     /* Peripheral clock disable */
 232:Src/usart.c   ****     __HAL_RCC_USART3_CLK_DISABLE();
 422              		.loc 1 232 0
 423 0036 064B     		ldr	r3, .L26+4
 233:Src/usart.c   ****   
 234:Src/usart.c   ****     /**USART3 GPIO Configuration    
 235:Src/usart.c   ****     PC10     ------> USART3_TX
 236:Src/usart.c   ****     PC11     ------> USART3_RX 
 237:Src/usart.c   ****     */
 238:Src/usart.c   ****     HAL_GPIO_DeInit(GPIOC, GPIO_PIN_10|GPIO_PIN_11);
 424              		.loc 1 238 0
 425 0038 0948     		ldr	r0, .L26+20
 426              	.LVL21:
 232:Src/usart.c   ****     __HAL_RCC_USART3_CLK_DISABLE();
 427              		.loc 1 232 0
 428 003a DA69     		ldr	r2, [r3, #28]
ARM GAS  /var/folders/19/rz7506jh8xn7x1006s6s574h0000gn/T//ccPLV8dw.s 			page 13


 429 003c 22F48022 		bic	r2, r2, #262144
 430 0040 DA61     		str	r2, [r3, #28]
 431              		.loc 1 238 0
 432 0042 4FF44061 		mov	r1, #3072
 433              	.L25:
 434 0046 FFF7FEBF 		b	HAL_GPIO_DeInit
 435              	.LVL22:
 436              	.L21:
 437 004a 7047     		bx	lr
 438              	.L27:
 439              		.align	2
 440              	.L26:
 441 004c 00380140 		.word	1073821696
 442 0050 00100240 		.word	1073876992
 443 0054 00080140 		.word	1073809408
 444 0058 00440040 		.word	1073759232
 445 005c 00480040 		.word	1073760256
 446 0060 00100140 		.word	1073811456
 447              		.cfi_endproc
 448              	.LFE67:
 450              		.comm	huart3,64,4
 451              		.comm	huart2,64,4
 452              		.comm	huart1,64,4
 453              		.text
 454              	.Letext0:
 455              		.file 2 "/Users/Arethusa/Library/Arduino15/packages/arduino/tools/arm-none-eabi-gcc/4.8.3-2014q1/a
 456              		.file 3 "/Users/Arethusa/Library/Arduino15/packages/arduino/tools/arm-none-eabi-gcc/4.8.3-2014q1/a
 457              		.file 4 "Drivers/CMSIS/Device/ST/STM32F1xx/Include/stm32f103xe.h"
 458              		.file 5 "Drivers/STM32F1xx_HAL_Driver/Inc/stm32f1xx_hal_def.h"
 459              		.file 6 "Drivers/STM32F1xx_HAL_Driver/Inc/stm32f1xx_hal_gpio.h"
 460              		.file 7 "Drivers/STM32F1xx_HAL_Driver/Inc/stm32f1xx_hal_dma.h"
 461              		.file 8 "Drivers/STM32F1xx_HAL_Driver/Inc/stm32f1xx_hal_uart.h"
 462              		.file 9 "Drivers/CMSIS/Include/core_cm3.h"
 463              		.file 10 "Inc/usart.h"
ARM GAS  /var/folders/19/rz7506jh8xn7x1006s6s574h0000gn/T//ccPLV8dw.s 			page 14


DEFINED SYMBOLS
                            *ABS*:0000000000000000 usart.c
/var/folders/19/rz7506jh8xn7x1006s6s574h0000gn/T//ccPLV8dw.s:19     .text.MX_USART1_UART_Init:0000000000000000 $t
/var/folders/19/rz7506jh8xn7x1006s6s574h0000gn/T//ccPLV8dw.s:24     .text.MX_USART1_UART_Init:0000000000000000 MX_USART1_UART_Init
/var/folders/19/rz7506jh8xn7x1006s6s574h0000gn/T//ccPLV8dw.s:71     .text.MX_USART1_UART_Init:0000000000000030 $d
                            *COM*:0000000000000040 huart1
/var/folders/19/rz7506jh8xn7x1006s6s574h0000gn/T//ccPLV8dw.s:77     .text.MX_USART2_UART_Init:0000000000000000 $t
/var/folders/19/rz7506jh8xn7x1006s6s574h0000gn/T//ccPLV8dw.s:82     .text.MX_USART2_UART_Init:0000000000000000 MX_USART2_UART_Init
/var/folders/19/rz7506jh8xn7x1006s6s574h0000gn/T//ccPLV8dw.s:128    .text.MX_USART2_UART_Init:0000000000000030 $d
                            *COM*:0000000000000040 huart2
/var/folders/19/rz7506jh8xn7x1006s6s574h0000gn/T//ccPLV8dw.s:134    .text.MX_USART3_UART_Init:0000000000000000 $t
/var/folders/19/rz7506jh8xn7x1006s6s574h0000gn/T//ccPLV8dw.s:139    .text.MX_USART3_UART_Init:0000000000000000 MX_USART3_UART_Init
/var/folders/19/rz7506jh8xn7x1006s6s574h0000gn/T//ccPLV8dw.s:185    .text.MX_USART3_UART_Init:0000000000000030 $d
                            *COM*:0000000000000040 huart3
/var/folders/19/rz7506jh8xn7x1006s6s574h0000gn/T//ccPLV8dw.s:191    .text.HAL_UART_MspInit:0000000000000000 $t
/var/folders/19/rz7506jh8xn7x1006s6s574h0000gn/T//ccPLV8dw.s:196    .text.HAL_UART_MspInit:0000000000000000 HAL_UART_MspInit
/var/folders/19/rz7506jh8xn7x1006s6s574h0000gn/T//ccPLV8dw.s:357    .text.HAL_UART_MspInit:00000000000000cc $d
/var/folders/19/rz7506jh8xn7x1006s6s574h0000gn/T//ccPLV8dw.s:368    .text.HAL_UART_MspDeInit:0000000000000000 $t
/var/folders/19/rz7506jh8xn7x1006s6s574h0000gn/T//ccPLV8dw.s:373    .text.HAL_UART_MspDeInit:0000000000000000 HAL_UART_MspDeInit
/var/folders/19/rz7506jh8xn7x1006s6s574h0000gn/T//ccPLV8dw.s:441    .text.HAL_UART_MspDeInit:000000000000004c $d
                     .debug_frame:0000000000000010 $d

UNDEFINED SYMBOLS
HAL_UART_Init
Error_Handler
HAL_GPIO_Init
HAL_GPIO_DeInit
